{"/Users/gasl/Development/Crafity/modules/crafity-storage/scripts/npm-test.js":{"path":"/Users/gasl/Development/Crafity/modules/crafity-storage/scripts/npm-test.js","s":{"1":1,"2":1,"3":1,"4":1,"5":1,"6":1},"b":{},"f":{"1":1,"2":1,"3":1,"4":1},"fnMap":{"1":{"name":"(anonymous_1)","line":4,"loc":{"start":{"line":4,"column":50},"end":{"line":4,"column":62}}},"2":{"name":"(anonymous_2)","line":5,"loc":{"start":{"line":5,"column":62},"end":{"line":5,"column":74}}},"3":{"name":"(anonymous_3)","line":6,"loc":{"start":{"line":6,"column":71},"end":{"line":6,"column":83}}},"4":{"name":"(anonymous_4)","line":7,"loc":{"start":{"line":7,"column":72},"end":{"line":7,"column":84}}}},"statementMap":{"1":{"start":{"line":2,"column":0},"end":{"line":2,"column":13}},"2":{"start":{"line":4,"column":0},"end":{"line":12,"column":3}},"3":{"start":{"line":5,"column":1},"end":{"line":11,"column":4}},"4":{"start":{"line":6,"column":2},"end":{"line":10,"column":5}},"5":{"start":{"line":7,"column":3},"end":{"line":9,"column":6}},"6":{"start":{"line":8,"column":4},"end":{"line":8,"column":17}}},"branchMap":{}},"/Users/gasl/Development/Crafity/modules/crafity-storage/main.js":{"path":"/Users/gasl/Development/Crafity/modules/crafity-storage/main.js","s":{"1":1,"2":1,"3":1,"4":1},"b":{},"f":{},"fnMap":{},"statementMap":{"1":{"start":{"line":3,"column":0},"end":{"line":3,"column":50}},"2":{"start":{"line":4,"column":0},"end":{"line":4,"column":40}},"3":{"start":{"line":10,"column":0},"end":{"line":10,"column":44}},"4":{"start":{"line":16,"column":0},"end":{"line":16,"column":33}}},"branchMap":{}},"/Users/gasl/Development/Crafity/modules/crafity-storage/lib/crafity.storage.js":{"path":"/Users/gasl/Development/Crafity/modules/crafity-storage/lib/crafity.storage.js","s":{"1":1,"2":1,"3":1,"4":0,"5":0,"6":0,"7":0,"8":0,"9":0,"10":0,"11":0,"12":0,"13":0,"14":0,"15":0,"16":0,"17":0,"18":0,"19":0,"20":0,"21":0,"22":0,"23":0,"24":0,"25":0,"26":0,"27":0,"28":0,"29":0,"30":0,"31":0,"32":0,"33":0,"34":0,"35":0,"36":0,"37":0,"38":0,"39":0,"40":0,"41":0,"42":0,"43":0,"44":0,"45":0,"46":0,"47":0,"48":0,"49":0,"50":0,"51":0,"52":0,"53":0,"54":0,"55":0,"56":0,"57":0,"58":0,"59":0,"60":0,"61":0,"62":0,"63":0,"64":0,"65":0,"66":0,"67":1},"b":{"1":[0,0],"2":[0,0],"3":[0,0,0],"4":[0,0],"5":[0,0],"6":[0,0],"7":[0,0,0],"8":[0,0],"9":[0,0],"10":[0,0],"11":[0,0],"12":[0,0],"13":[0,0],"14":[0,0],"15":[0,0],"16":[0,0],"17":[0,0],"18":[0,0],"19":[0,0],"20":[0,0,0],"21":[0,0,0],"22":[0,0,0],"23":[0,0,0],"24":[0,0]},"f":{"1":0,"2":0,"3":0,"4":0,"5":0,"6":0,"7":0,"8":0},"fnMap":{"1":{"name":"StorageService","line":23,"loc":{"start":{"line":23,"column":17},"end":{"line":23,"column":49}}},"2":{"name":"getProviderConstructor","line":28,"loc":{"start":{"line":28,"column":32},"end":{"line":28,"column":72}}},"3":{"name":"getProvider","line":47,"loc":{"start":{"line":47,"column":21},"end":{"line":47,"column":50}}},"4":{"name":"loadRepository","line":66,"loc":{"start":{"line":66,"column":24},"end":{"line":66,"column":62}}},"5":{"name":"loadRepositories","line":110,"loc":{"start":{"line":110,"column":26},"end":{"line":110,"column":70}}},"6":{"name":"(anonymous_6)","line":126,"loc":{"start":{"line":126,"column":30},"end":{"line":126,"column":42}}},"7":{"name":"(anonymous_7)","line":134,"loc":{"start":{"line":134,"column":30},"end":{"line":134,"column":42}}},"8":{"name":"(anonymous_8)","line":138,"loc":{"start":{"line":138,"column":30},"end":{"line":138,"column":42}}}},"statementMap":{"1":{"start":{"line":2,"column":0},"end":{"line":2,"column":13}},"2":{"start":{"line":15,"column":0},"end":{"line":16,"column":27}},"3":{"start":{"line":23,"column":0},"end":{"line":143,"column":2}},"4":{"start":{"line":25,"column":2},"end":{"line":26,"column":35}},"5":{"start":{"line":28,"column":2},"end":{"line":45,"column":4}},"6":{"start":{"line":29,"column":4},"end":{"line":31,"column":5}},"7":{"start":{"line":30,"column":6},"end":{"line":30,"column":91}},"8":{"start":{"line":32,"column":4},"end":{"line":34,"column":5}},"9":{"start":{"line":33,"column":6},"end":{"line":33,"column":53}},"10":{"start":{"line":35,"column":4},"end":{"line":36,"column":28}},"11":{"start":{"line":38,"column":4},"end":{"line":42,"column":5}},"12":{"start":{"line":39,"column":6},"end":{"line":39,"column":50}},"13":{"start":{"line":41,"column":6},"end":{"line":41,"column":117}},"14":{"start":{"line":44,"column":4},"end":{"line":44,"column":31}},"15":{"start":{"line":47,"column":2},"end":{"line":64,"column":4}},"16":{"start":{"line":48,"column":4},"end":{"line":50,"column":5}},"17":{"start":{"line":49,"column":6},"end":{"line":49,"column":91}},"18":{"start":{"line":51,"column":4},"end":{"line":53,"column":5}},"19":{"start":{"line":52,"column":6},"end":{"line":52,"column":53}},"20":{"start":{"line":54,"column":4},"end":{"line":55,"column":28}},"21":{"start":{"line":57,"column":4},"end":{"line":61,"column":5}},"22":{"start":{"line":58,"column":6},"end":{"line":58,"column":50}},"23":{"start":{"line":60,"column":6},"end":{"line":60,"column":117}},"24":{"start":{"line":63,"column":4},"end":{"line":63,"column":43}},"25":{"start":{"line":66,"column":2},"end":{"line":108,"column":4}},"26":{"start":{"line":68,"column":4},"end":{"line":70,"column":5}},"27":{"start":{"line":69,"column":6},"end":{"line":69,"column":52}},"28":{"start":{"line":71,"column":4},"end":{"line":73,"column":5}},"29":{"start":{"line":72,"column":6},"end":{"line":72,"column":80}},"30":{"start":{"line":74,"column":4},"end":{"line":76,"column":5}},"31":{"start":{"line":75,"column":6},"end":{"line":75,"column":96}},"32":{"start":{"line":77,"column":4},"end":{"line":79,"column":5}},"33":{"start":{"line":78,"column":6},"end":{"line":78,"column":71}},"34":{"start":{"line":80,"column":4},"end":{"line":82,"column":5}},"35":{"start":{"line":81,"column":6},"end":{"line":81,"column":121}},"36":{"start":{"line":83,"column":4},"end":{"line":87,"column":17}},"37":{"start":{"line":89,"column":4},"end":{"line":89,"column":46}},"38":{"start":{"line":90,"column":4},"end":{"line":90,"column":50}},"39":{"start":{"line":92,"column":4},"end":{"line":96,"column":5}},"40":{"start":{"line":93,"column":6},"end":{"line":93,"column":54}},"41":{"start":{"line":95,"column":6},"end":{"line":95,"column":114}},"42":{"start":{"line":98,"column":4},"end":{"line":105,"column":5}},"43":{"start":{"line":99,"column":6},"end":{"line":99,"column":61}},"44":{"start":{"line":101,"column":6},"end":{"line":103,"column":7}},"45":{"start":{"line":102,"column":8},"end":{"line":102,"column":86}},"46":{"start":{"line":104,"column":6},"end":{"line":104,"column":16}},"47":{"start":{"line":107,"column":4},"end":{"line":107,"column":22}},"48":{"start":{"line":110,"column":2},"end":{"line":142,"column":4}},"49":{"start":{"line":112,"column":4},"end":{"line":115,"column":5}},"50":{"start":{"line":113,"column":6},"end":{"line":113,"column":24}},"51":{"start":{"line":114,"column":6},"end":{"line":114,"column":29}},"52":{"start":{"line":116,"column":4},"end":{"line":116,"column":42}},"53":{"start":{"line":118,"column":4},"end":{"line":118,"column":81}},"54":{"start":{"line":119,"column":4},"end":{"line":119,"column":71}},"55":{"start":{"line":120,"column":4},"end":{"line":120,"column":80}},"56":{"start":{"line":121,"column":4},"end":{"line":121,"column":74}},"57":{"start":{"line":123,"column":4},"end":{"line":123,"column":26}},"58":{"start":{"line":125,"column":4},"end":{"line":129,"column":5}},"59":{"start":{"line":126,"column":6},"end":{"line":128,"column":9}},"60":{"start":{"line":127,"column":8},"end":{"line":127,"column":75}},"61":{"start":{"line":131,"column":4},"end":{"line":141,"column":5}},"62":{"start":{"line":132,"column":6},"end":{"line":132,"column":82}},"63":{"start":{"line":134,"column":6},"end":{"line":136,"column":9}},"64":{"start":{"line":135,"column":8},"end":{"line":135,"column":44}},"65":{"start":{"line":138,"column":6},"end":{"line":140,"column":9}},"66":{"start":{"line":139,"column":8},"end":{"line":139,"column":29}},"67":{"start":{"line":145,"column":0},"end":{"line":145,"column":47}}},"branchMap":{"1":{"line":26,"type":"binary-expr","locations":[{"start":{"line":26,"column":22},"end":{"line":26,"column":28}},{"start":{"line":26,"column":32},"end":{"line":26,"column":34}}]},"2":{"line":29,"type":"if","locations":[{"start":{"line":29,"column":4},"end":{"line":29,"column":4}},{"start":{"line":29,"column":4},"end":{"line":29,"column":4}}]},"3":{"line":30,"type":"binary-expr","locations":[{"start":{"line":30,"column":15},"end":{"line":30,"column":28}},{"start":{"line":30,"column":32},"end":{"line":30,"column":55}},{"start":{"line":30,"column":59},"end":{"line":30,"column":90}}]},"4":{"line":32,"type":"if","locations":[{"start":{"line":32,"column":4},"end":{"line":32,"column":4}},{"start":{"line":32,"column":4},"end":{"line":32,"column":4}}]},"5":{"line":35,"type":"binary-expr","locations":[{"start":{"line":35,"column":42},"end":{"line":35,"column":69}},{"start":{"line":35,"column":73},"end":{"line":35,"column":84}}]},"6":{"line":48,"type":"if","locations":[{"start":{"line":48,"column":4},"end":{"line":48,"column":4}},{"start":{"line":48,"column":4},"end":{"line":48,"column":4}}]},"7":{"line":49,"type":"binary-expr","locations":[{"start":{"line":49,"column":15},"end":{"line":49,"column":28}},{"start":{"line":49,"column":32},"end":{"line":49,"column":55}},{"start":{"line":49,"column":59},"end":{"line":49,"column":90}}]},"8":{"line":51,"type":"if","locations":[{"start":{"line":51,"column":4},"end":{"line":51,"column":4}},{"start":{"line":51,"column":4},"end":{"line":51,"column":4}}]},"9":{"line":54,"type":"binary-expr","locations":[{"start":{"line":54,"column":42},"end":{"line":54,"column":69}},{"start":{"line":54,"column":73},"end":{"line":54,"column":84}}]},"10":{"line":68,"type":"if","locations":[{"start":{"line":68,"column":4},"end":{"line":68,"column":4}},{"start":{"line":68,"column":4},"end":{"line":68,"column":4}}]},"11":{"line":71,"type":"if","locations":[{"start":{"line":71,"column":4},"end":{"line":71,"column":4}},{"start":{"line":71,"column":4},"end":{"line":71,"column":4}}]},"12":{"line":74,"type":"if","locations":[{"start":{"line":74,"column":4},"end":{"line":74,"column":4}},{"start":{"line":74,"column":4},"end":{"line":74,"column":4}}]},"13":{"line":77,"type":"if","locations":[{"start":{"line":77,"column":4},"end":{"line":77,"column":4}},{"start":{"line":77,"column":4},"end":{"line":77,"column":4}}]},"14":{"line":80,"type":"if","locations":[{"start":{"line":80,"column":4},"end":{"line":80,"column":4}},{"start":{"line":80,"column":4},"end":{"line":80,"column":4}}]},"15":{"line":101,"type":"if","locations":[{"start":{"line":101,"column":6},"end":{"line":101,"column":6}},{"start":{"line":101,"column":6},"end":{"line":101,"column":6}}]},"16":{"line":101,"type":"binary-expr","locations":[{"start":{"line":101,"column":10},"end":{"line":101,"column":30}},{"start":{"line":101,"column":34},"end":{"line":101,"column":76}}]},"17":{"line":112,"type":"if","locations":[{"start":{"line":112,"column":4},"end":{"line":112,"column":4}},{"start":{"line":112,"column":4},"end":{"line":112,"column":4}}]},"18":{"line":112,"type":"binary-expr","locations":[{"start":{"line":112,"column":8},"end":{"line":112,"column":34}},{"start":{"line":112,"column":38},"end":{"line":112,"column":47}}]},"19":{"line":116,"type":"binary-expr","locations":[{"start":{"line":116,"column":15},"end":{"line":116,"column":23}},{"start":{"line":116,"column":27},"end":{"line":116,"column":41}}]},"20":{"line":118,"type":"binary-expr","locations":[{"start":{"line":118,"column":35},"end":{"line":118,"column":41}},{"start":{"line":118,"column":45},"end":{"line":118,"column":58}},{"start":{"line":118,"column":62},"end":{"line":118,"column":64}}]},"21":{"line":119,"type":"binary-expr","locations":[{"start":{"line":119,"column":33},"end":{"line":119,"column":39}},{"start":{"line":119,"column":44},"end":{"line":119,"column":63}},{"start":{"line":119,"column":67},"end":{"line":119,"column":69}}]},"22":{"line":120,"type":"binary-expr","locations":[{"start":{"line":120,"column":37},"end":{"line":120,"column":43}},{"start":{"line":120,"column":48},"end":{"line":120,"column":71}},{"start":{"line":120,"column":75},"end":{"line":120,"column":78}}]},"23":{"line":121,"type":"binary-expr","locations":[{"start":{"line":121,"column":34},"end":{"line":121,"column":40}},{"start":{"line":121,"column":45},"end":{"line":121,"column":65}},{"start":{"line":121,"column":69},"end":{"line":121,"column":72}}]},"24":{"line":125,"type":"if","locations":[{"start":{"line":125,"column":4},"end":{"line":125,"column":4}},{"start":{"line":125,"column":4},"end":{"line":125,"column":4}}]}}},"/Users/gasl/Development/Crafity/modules/crafity-storage/lib/providers/Provider.js":{"path":"/Users/gasl/Development/Crafity/modules/crafity-storage/lib/providers/Provider.js","s":{"1":1,"2":1,"3":1,"4":19,"5":1,"6":1,"7":1,"8":1,"9":1,"10":1,"11":1,"12":1,"13":1,"14":1,"15":1,"16":1,"17":1,"18":1,"19":1,"20":1,"21":1,"22":1,"23":1,"24":1,"25":1,"26":1,"27":1,"28":1,"29":1,"30":1,"31":1,"32":1,"33":1,"34":1,"35":1,"36":1},"b":{},"f":{"1":19,"2":1,"3":1,"4":1,"5":1,"6":1,"7":1,"8":1,"9":1,"10":1,"11":1,"12":1,"13":1,"14":1,"15":1,"16":1},"fnMap":{"1":{"name":"Provider","line":21,"loc":{"start":{"line":21,"column":0},"end":{"line":21,"column":20}}},"2":{"name":"(anonymous_2)","line":36,"loc":{"start":{"line":36,"column":28},"end":{"line":36,"column":48}}},"3":{"name":"(anonymous_3)","line":45,"loc":{"start":{"line":45,"column":26},"end":{"line":45,"column":46}}},"4":{"name":"(anonymous_4)","line":54,"loc":{"start":{"line":54,"column":30},"end":{"line":54,"column":50}}},"5":{"name":"(anonymous_5)","line":61,"loc":{"start":{"line":61,"column":33},"end":{"line":61,"column":45}}},"6":{"name":"(anonymous_6)","line":70,"loc":{"start":{"line":70,"column":29},"end":{"line":70,"column":49}}},"7":{"name":"(anonymous_7)","line":79,"loc":{"start":{"line":79,"column":32},"end":{"line":79,"column":52}}},"8":{"name":"(anonymous_8)","line":88,"loc":{"start":{"line":88,"column":29},"end":{"line":88,"column":49}}},"9":{"name":"(anonymous_9)","line":98,"loc":{"start":{"line":98,"column":26},"end":{"line":98,"column":52}}},"10":{"name":"(anonymous_10)","line":108,"loc":{"start":{"line":108,"column":30},"end":{"line":108,"column":56}}},"11":{"name":"(anonymous_11)","line":118,"loc":{"start":{"line":118,"column":28},"end":{"line":118,"column":54}}},"12":{"name":"(anonymous_12)","line":128,"loc":{"start":{"line":128,"column":32},"end":{"line":128,"column":58}}},"13":{"name":"(anonymous_13)","line":138,"loc":{"start":{"line":138,"column":31},"end":{"line":138,"column":56}}},"14":{"name":"(anonymous_14)","line":148,"loc":{"start":{"line":148,"column":35},"end":{"line":148,"column":60}}},"15":{"name":"(anonymous_15)","line":159,"loc":{"start":{"line":159,"column":30},"end":{"line":159,"column":59}}},"16":{"name":"(anonymous_16)","line":168,"loc":{"start":{"line":168,"column":29},"end":{"line":168,"column":49}}}},"statementMap":{"1":{"start":{"line":2,"column":0},"end":{"line":2,"column":13}},"2":{"start":{"line":15,"column":0},"end":{"line":15,"column":50}},"3":{"start":{"line":21,"column":0},"end":{"line":23,"column":1}},"4":{"start":{"line":22,"column":1},"end":{"line":22,"column":32}},"5":{"start":{"line":29,"column":0},"end":{"line":29,"column":44}},"6":{"start":{"line":36,"column":0},"end":{"line":38,"column":2}},"7":{"start":{"line":37,"column":1},"end":{"line":37,"column":36}},"8":{"start":{"line":45,"column":0},"end":{"line":47,"column":2}},"9":{"start":{"line":46,"column":1},"end":{"line":46,"column":36}},"10":{"start":{"line":54,"column":0},"end":{"line":56,"column":2}},"11":{"start":{"line":55,"column":1},"end":{"line":55,"column":36}},"12":{"start":{"line":61,"column":0},"end":{"line":63,"column":2}},"13":{"start":{"line":62,"column":1},"end":{"line":62,"column":36}},"14":{"start":{"line":70,"column":0},"end":{"line":72,"column":2}},"15":{"start":{"line":71,"column":1},"end":{"line":71,"column":36}},"16":{"start":{"line":79,"column":0},"end":{"line":81,"column":2}},"17":{"start":{"line":80,"column":1},"end":{"line":80,"column":36}},"18":{"start":{"line":88,"column":0},"end":{"line":90,"column":2}},"19":{"start":{"line":89,"column":1},"end":{"line":89,"column":36}},"20":{"start":{"line":98,"column":0},"end":{"line":100,"column":2}},"21":{"start":{"line":99,"column":1},"end":{"line":99,"column":36}},"22":{"start":{"line":108,"column":0},"end":{"line":110,"column":2}},"23":{"start":{"line":109,"column":1},"end":{"line":109,"column":36}},"24":{"start":{"line":118,"column":0},"end":{"line":120,"column":2}},"25":{"start":{"line":119,"column":1},"end":{"line":119,"column":36}},"26":{"start":{"line":128,"column":0},"end":{"line":130,"column":2}},"27":{"start":{"line":129,"column":1},"end":{"line":129,"column":36}},"28":{"start":{"line":138,"column":0},"end":{"line":140,"column":2}},"29":{"start":{"line":139,"column":1},"end":{"line":139,"column":36}},"30":{"start":{"line":148,"column":0},"end":{"line":150,"column":2}},"31":{"start":{"line":149,"column":1},"end":{"line":149,"column":36}},"32":{"start":{"line":159,"column":0},"end":{"line":161,"column":2}},"33":{"start":{"line":160,"column":1},"end":{"line":160,"column":36}},"34":{"start":{"line":168,"column":0},"end":{"line":170,"column":2}},"35":{"start":{"line":169,"column":1},"end":{"line":169,"column":36}},"36":{"start":{"line":176,"column":0},"end":{"line":176,"column":26}}},"branchMap":{}},"/Users/gasl/Development/Crafity/modules/crafity-storage/lib/providers/CouchDB.Provider.js":{"path":"/Users/gasl/Development/Crafity/modules/crafity-storage/lib/providers/CouchDB.Provider.js","s":{"1":1,"2":1,"3":1,"4":1,"5":1,"6":44,"7":1,"8":43,"9":1,"10":42,"11":1,"12":41,"13":1,"14":40,"15":1,"16":39,"17":3,"18":39,"19":39,"20":39,"21":39,"22":39,"23":39,"24":39,"25":39,"26":39,"27":1,"28":1,"29":11,"30":10,"31":7,"32":10,"33":7,"34":10,"35":10,"36":1,"37":12,"38":1,"39":11,"40":1,"41":10,"42":7,"43":7,"44":10,"45":1,"46":9,"47":8,"48":6,"49":4,"50":1,"51":3,"52":2,"53":8,"54":2,"55":8,"56":8,"57":2,"58":8,"59":8,"60":1,"61":5,"62":1,"63":4,"64":3,"65":3,"66":1,"67":2,"68":1,"69":1,"70":3,"71":3,"72":1,"73":4,"74":1,"75":3,"76":2,"77":2,"78":2,"79":2,"80":2,"81":2,"82":1,"83":14,"84":1,"85":13,"86":12,"87":12,"88":0,"89":12,"90":12,"91":12,"92":12,"93":12,"94":12,"95":1,"96":14,"97":1,"98":13,"99":1,"100":12,"101":11,"102":11,"103":11,"104":27,"105":27,"106":11,"107":11,"108":11,"109":1,"110":6,"111":1,"112":5,"113":1,"114":4,"115":1,"116":3,"117":2,"118":1,"119":0,"120":1,"121":2,"122":2,"123":1,"124":5,"125":1,"126":4,"127":1,"128":3,"129":1,"130":2,"131":1,"132":2,"133":1,"134":1,"135":1,"136":2,"137":2,"138":2,"139":2,"140":1,"141":1,"142":1,"143":1,"144":1,"145":1,"146":1,"147":2,"148":2,"149":2,"150":2,"151":1,"152":1,"153":1,"154":1,"155":1,"156":1,"157":1,"158":3,"159":1,"160":18,"161":18,"162":18,"163":1,"164":36,"165":36,"166":36,"167":18,"168":0,"169":18,"170":36,"171":36,"172":1,"173":17,"174":17,"175":17,"176":17,"177":1,"178":16,"179":17,"180":1,"181":121,"182":92,"183":29,"184":0,"185":29,"186":0,"187":29,"188":0,"189":29,"190":0,"191":29,"192":1,"193":128,"194":128,"195":128,"196":128,"197":128,"198":128,"199":128,"200":8,"201":120,"202":120,"203":46,"204":46,"205":121,"206":121,"207":35,"208":35,"209":121,"210":121,"211":25,"212":25,"213":4,"214":121,"215":37,"216":37,"217":2,"218":0,"219":2,"220":121,"221":121,"222":121,"223":1},"b":{"1":[1,43],"2":[1,42],"3":[1,41],"4":[1,40],"5":[1,39],"6":[3,36],"7":[39,0],"8":[39,39],"9":[1,11],"10":[1,10],"11":[7,3],"12":[1,9],"13":[10,3],"14":[4,2],"15":[1,3],"16":[2,6],"17":[1,4],"18":[1,2],"19":[1,1],"20":[1,3],"21":[1,13],"22":[0,12],"23":[1,13],"24":[1,12],"25":[1,5],"26":[1,4],"27":[1,3],"28":[0,1],"29":[1,4],"30":[1,3],"31":[1,2],"32":[2,0],"33":[1,1],"34":[2,0],"35":[1,1],"36":[0,18],"37":[1,16],"38":[17,17],"39":[92,29],"40":[0,29],"41":[29,0],"42":[0,29],"43":[29,0],"44":[0,29],"45":[0,29],"46":[29,0],"47":[128,0],"48":[128,0],"49":[8,120],"50":[25,96],"51":[121,29],"52":[37,84],"53":[121,92],"54":[0,2]},"f":{"1":44,"2":11,"3":7,"4":10,"5":12,"6":6,"7":2,"8":5,"9":3,"10":4,"11":2,"12":2,"13":14,"14":12,"15":14,"16":11,"17":27,"18":6,"19":1,"20":5,"21":2,"22":2,"23":1,"24":2,"25":1,"26":3,"27":18,"28":36,"29":18,"30":17,"31":17,"32":121,"33":128,"34":46,"35":46,"36":121,"37":35},"fnMap":{"1":{"name":"CouchDB","line":23,"loc":{"start":{"line":23,"column":0},"end":{"line":23,"column":31}}},"2":{"name":"(anonymous_2)","line":67,"loc":{"start":{"line":67,"column":28},"end":{"line":67,"column":48}}},"3":{"name":"(anonymous_3)","line":70,"loc":{"start":{"line":70,"column":17},"end":{"line":70,"column":41}}},"4":{"name":"(anonymous_4)","line":71,"loc":{"start":{"line":71,"column":27},"end":{"line":71,"column":45}}},"5":{"name":"(anonymous_5)","line":89,"loc":{"start":{"line":89,"column":29},"end":{"line":89,"column":58}}},"6":{"name":"handleError","line":101,"loc":{"start":{"line":101,"column":15},"end":{"line":101,"column":41}}},"7":{"name":"(anonymous_7)","line":111,"loc":{"start":{"line":111,"column":17},"end":{"line":111,"column":40}}},"8":{"name":"(anonymous_8)","line":128,"loc":{"start":{"line":128,"column":30},"end":{"line":128,"column":55}}},"9":{"name":"(anonymous_9)","line":133,"loc":{"start":{"line":133,"column":17},"end":{"line":133,"column":41}}},"10":{"name":"(anonymous_10)","line":156,"loc":{"start":{"line":156,"column":34},"end":{"line":156,"column":59}}},"11":{"name":"(anonymous_11)","line":161,"loc":{"start":{"line":161,"column":17},"end":{"line":161,"column":41}}},"12":{"name":"(anonymous_12)","line":162,"loc":{"start":{"line":162,"column":27},"end":{"line":162,"column":42}}},"13":{"name":"(anonymous_13)","line":179,"loc":{"start":{"line":179,"column":25},"end":{"line":179,"column":51}}},"14":{"name":"(anonymous_14)","line":184,"loc":{"start":{"line":184,"column":17},"end":{"line":184,"column":41}}},"15":{"name":"(anonymous_15)","line":205,"loc":{"start":{"line":205,"column":29},"end":{"line":205,"column":55}}},"16":{"name":"(anonymous_16)","line":211,"loc":{"start":{"line":211,"column":17},"end":{"line":211,"column":52}}},"17":{"name":"(anonymous_17)","line":213,"loc":{"start":{"line":213,"column":26},"end":{"line":213,"column":56}}},"18":{"name":"(anonymous_18)","line":236,"loc":{"start":{"line":236,"column":27},"end":{"line":236,"column":53}}},"19":{"name":"handleError","line":243,"loc":{"start":{"line":243,"column":15},"end":{"line":243,"column":41}}},"20":{"name":"(anonymous_20)","line":261,"loc":{"start":{"line":261,"column":31},"end":{"line":261,"column":57}}},"21":{"name":"(anonymous_21)","line":267,"loc":{"start":{"line":267,"column":26},"end":{"line":267,"column":42}}},"22":{"name":"(anonymous_22)","line":281,"loc":{"start":{"line":281,"column":28},"end":{"line":281,"column":48}}},"23":{"name":"(anonymous_23)","line":292,"loc":{"start":{"line":292,"column":18},"end":{"line":292,"column":30}}},"24":{"name":"(anonymous_24)","line":305,"loc":{"start":{"line":305,"column":31},"end":{"line":305,"column":51}}},"25":{"name":"(anonymous_25)","line":316,"loc":{"start":{"line":316,"column":18},"end":{"line":316,"column":30}}},"26":{"name":"(anonymous_26)","line":328,"loc":{"start":{"line":328,"column":32},"end":{"line":328,"column":44}}},"27":{"name":"(anonymous_27)","line":337,"loc":{"start":{"line":337,"column":27},"end":{"line":337,"column":47}}},"28":{"name":"(anonymous_28)","line":350,"loc":{"start":{"line":350,"column":25},"end":{"line":350,"column":45}}},"29":{"name":"(anonymous_29)","line":354,"loc":{"start":{"line":354,"column":15},"end":{"line":354,"column":30}}},"30":{"name":"(anonymous_30)","line":371,"loc":{"start":{"line":371,"column":29},"end":{"line":371,"column":49}}},"31":{"name":"(anonymous_31)","line":375,"loc":{"start":{"line":375,"column":11},"end":{"line":375,"column":26}}},"32":{"name":"_parseError","line":385,"loc":{"start":{"line":385,"column":32},"end":{"line":385,"column":75}}},"33":{"name":"(anonymous_33)","line":402,"loc":{"start":{"line":402,"column":35},"end":{"line":402,"column":68}}},"34":{"name":"(anonymous_34)","line":419,"loc":{"start":{"line":419,"column":11},"end":{"line":419,"column":25}}},"35":{"name":"(anonymous_35)","line":422,"loc":{"start":{"line":422,"column":9},"end":{"line":422,"column":23}}},"36":{"name":"(anonymous_36)","line":425,"loc":{"start":{"line":425,"column":12},"end":{"line":425,"column":27}}},"37":{"name":"(anonymous_37)","line":427,"loc":{"start":{"line":427,"column":16},"end":{"line":427,"column":28}}}},"statementMap":{"1":{"start":{"line":2,"column":0},"end":{"line":2,"column":13}},"2":{"start":{"line":15,"column":0},"end":{"line":15,"column":37}},"3":{"start":{"line":16,"column":0},"end":{"line":16,"column":50}},"4":{"start":{"line":17,"column":0},"end":{"line":17,"column":28}},"5":{"start":{"line":23,"column":0},"end":{"line":54,"column":1}},"6":{"start":{"line":24,"column":1},"end":{"line":26,"column":2}},"7":{"start":{"line":25,"column":2},"end":{"line":25,"column":54}},"8":{"start":{"line":28,"column":1},"end":{"line":30,"column":2}},"9":{"start":{"line":29,"column":2},"end":{"line":29,"column":65}},"10":{"start":{"line":31,"column":1},"end":{"line":33,"column":2}},"11":{"start":{"line":32,"column":2},"end":{"line":32,"column":75}},"12":{"start":{"line":34,"column":1},"end":{"line":36,"column":2}},"13":{"start":{"line":35,"column":2},"end":{"line":35,"column":82}},"14":{"start":{"line":37,"column":1},"end":{"line":39,"column":2}},"15":{"start":{"line":38,"column":2},"end":{"line":38,"column":71}},"16":{"start":{"line":40,"column":1},"end":{"line":42,"column":2}},"17":{"start":{"line":41,"column":2},"end":{"line":41,"column":20}},"18":{"start":{"line":44,"column":1},"end":{"line":44,"column":23}},"19":{"start":{"line":45,"column":1},"end":{"line":45,"column":33}},"20":{"start":{"line":46,"column":1},"end":{"line":46,"column":29}},"21":{"start":{"line":47,"column":1},"end":{"line":47,"column":25}},"22":{"start":{"line":48,"column":1},"end":{"line":48,"column":25}},"23":{"start":{"line":49,"column":1},"end":{"line":49,"column":32}},"24":{"start":{"line":50,"column":1},"end":{"line":50,"column":22}},"25":{"start":{"line":52,"column":1},"end":{"line":52,"column":29}},"26":{"start":{"line":53,"column":1},"end":{"line":53,"column":82}},"27":{"start":{"line":60,"column":0},"end":{"line":60,"column":35}},"28":{"start":{"line":67,"column":0},"end":{"line":80,"column":2}},"29":{"start":{"line":68,"column":1},"end":{"line":68,"column":77}},"30":{"start":{"line":70,"column":1},"end":{"line":75,"column":4}},"31":{"start":{"line":71,"column":2},"end":{"line":73,"column":5}},"32":{"start":{"line":72,"column":3},"end":{"line":72,"column":21}},"33":{"start":{"line":74,"column":2},"end":{"line":74,"column":24}},"34":{"start":{"line":77,"column":1},"end":{"line":77,"column":64}},"35":{"start":{"line":79,"column":1},"end":{"line":79,"column":24}},"36":{"start":{"line":89,"column":0},"end":{"line":120,"column":2}},"37":{"start":{"line":90,"column":1},"end":{"line":90,"column":59}},"38":{"start":{"line":90,"column":12},"end":{"line":90,"column":57}},"39":{"start":{"line":91,"column":1},"end":{"line":91,"column":83}},"40":{"start":{"line":91,"column":31},"end":{"line":91,"column":81}},"41":{"start":{"line":93,"column":1},"end":{"line":96,"column":2}},"42":{"start":{"line":94,"column":2},"end":{"line":94,"column":17}},"43":{"start":{"line":95,"column":2},"end":{"line":95,"column":13}},"44":{"start":{"line":97,"column":1},"end":{"line":97,"column":92}},"45":{"start":{"line":97,"column":39},"end":{"line":97,"column":90}},"46":{"start":{"line":99,"column":1},"end":{"line":99,"column":76}},"47":{"start":{"line":101,"column":1},"end":{"line":109,"column":4}},"48":{"start":{"line":102,"column":2},"end":{"line":107,"column":3}},"49":{"start":{"line":103,"column":3},"end":{"line":105,"column":4}},"50":{"start":{"line":104,"column":4},"end":{"line":104,"column":86}},"51":{"start":{"line":106,"column":3},"end":{"line":106,"column":63}},"52":{"start":{"line":108,"column":2},"end":{"line":108,"column":13}},"53":{"start":{"line":111,"column":1},"end":{"line":113,"column":4}},"54":{"start":{"line":112,"column":2},"end":{"line":112,"column":49}},"55":{"start":{"line":115,"column":1},"end":{"line":115,"column":37}},"56":{"start":{"line":116,"column":1},"end":{"line":116,"column":31}},"57":{"start":{"line":116,"column":12},"end":{"line":116,"column":29}},"58":{"start":{"line":117,"column":1},"end":{"line":117,"column":51}},"59":{"start":{"line":119,"column":1},"end":{"line":119,"column":24}},"60":{"start":{"line":128,"column":0},"end":{"line":148,"column":2}},"61":{"start":{"line":129,"column":1},"end":{"line":129,"column":61}},"62":{"start":{"line":129,"column":13},"end":{"line":129,"column":59}},"63":{"start":{"line":131,"column":1},"end":{"line":131,"column":77}},"64":{"start":{"line":133,"column":1},"end":{"line":143,"column":4}},"65":{"start":{"line":134,"column":2},"end":{"line":136,"column":3}},"66":{"start":{"line":135,"column":3},"end":{"line":135,"column":65}},"67":{"start":{"line":138,"column":2},"end":{"line":140,"column":3}},"68":{"start":{"line":139,"column":3},"end":{"line":139,"column":66}},"69":{"start":{"line":142,"column":2},"end":{"line":142,"column":62}},"70":{"start":{"line":145,"column":1},"end":{"line":145,"column":101}},"71":{"start":{"line":147,"column":1},"end":{"line":147,"column":24}},"72":{"start":{"line":156,"column":0},"end":{"line":171,"column":2}},"73":{"start":{"line":157,"column":1},"end":{"line":157,"column":61}},"74":{"start":{"line":157,"column":13},"end":{"line":157,"column":59}},"75":{"start":{"line":159,"column":1},"end":{"line":159,"column":81}},"76":{"start":{"line":161,"column":1},"end":{"line":166,"column":4}},"77":{"start":{"line":162,"column":2},"end":{"line":164,"column":5}},"78":{"start":{"line":163,"column":3},"end":{"line":163,"column":18}},"79":{"start":{"line":165,"column":2},"end":{"line":165,"column":59}},"80":{"start":{"line":168,"column":1},"end":{"line":168,"column":101}},"81":{"start":{"line":170,"column":1},"end":{"line":170,"column":24}},"82":{"start":{"line":179,"column":0},"end":{"line":197,"column":2}},"83":{"start":{"line":180,"column":1},"end":{"line":180,"column":63}},"84":{"start":{"line":180,"column":14},"end":{"line":180,"column":61}},"85":{"start":{"line":182,"column":1},"end":{"line":182,"column":72}},"86":{"start":{"line":184,"column":1},"end":{"line":192,"column":4}},"87":{"start":{"line":185,"column":2},"end":{"line":187,"column":3}},"88":{"start":{"line":186,"column":3},"end":{"line":186,"column":45}},"89":{"start":{"line":188,"column":2},"end":{"line":188,"column":47}},"90":{"start":{"line":189,"column":2},"end":{"line":189,"column":22}},"91":{"start":{"line":190,"column":2},"end":{"line":190,"column":24}},"92":{"start":{"line":191,"column":2},"end":{"line":191,"column":23}},"93":{"start":{"line":194,"column":1},"end":{"line":194,"column":58}},"94":{"start":{"line":196,"column":1},"end":{"line":196,"column":24}},"95":{"start":{"line":205,"column":0},"end":{"line":228,"column":2}},"96":{"start":{"line":206,"column":1},"end":{"line":206,"column":63}},"97":{"start":{"line":206,"column":14},"end":{"line":206,"column":61}},"98":{"start":{"line":207,"column":1},"end":{"line":207,"column":87}},"99":{"start":{"line":207,"column":33},"end":{"line":207,"column":85}},"100":{"start":{"line":209,"column":1},"end":{"line":209,"column":76}},"101":{"start":{"line":211,"column":1},"end":{"line":223,"column":4}},"102":{"start":{"line":212,"column":2},"end":{"line":212,"column":47}},"103":{"start":{"line":213,"column":2},"end":{"line":221,"column":5}},"104":{"start":{"line":214,"column":3},"end":{"line":214,"column":37}},"105":{"start":{"line":215,"column":3},"end":{"line":215,"column":39}},"106":{"start":{"line":222,"column":2},"end":{"line":222,"column":16}},"107":{"start":{"line":225,"column":1},"end":{"line":225,"column":56}},"108":{"start":{"line":227,"column":1},"end":{"line":227,"column":24}},"109":{"start":{"line":236,"column":0},"end":{"line":253,"column":2}},"110":{"start":{"line":237,"column":1},"end":{"line":237,"column":63}},"111":{"start":{"line":237,"column":14},"end":{"line":237,"column":61}},"112":{"start":{"line":238,"column":1},"end":{"line":238,"column":83}},"113":{"start":{"line":238,"column":18},"end":{"line":238,"column":81}},"114":{"start":{"line":239,"column":1},"end":{"line":239,"column":85}},"115":{"start":{"line":239,"column":19},"end":{"line":239,"column":83}},"116":{"start":{"line":241,"column":1},"end":{"line":241,"column":74}},"117":{"start":{"line":243,"column":1},"end":{"line":248,"column":4}},"118":{"start":{"line":244,"column":2},"end":{"line":246,"column":3}},"119":{"start":{"line":245,"column":3},"end":{"line":245,"column":97}},"120":{"start":{"line":247,"column":2},"end":{"line":247,"column":13}},"121":{"start":{"line":250,"column":1},"end":{"line":250,"column":64}},"122":{"start":{"line":252,"column":1},"end":{"line":252,"column":24}},"123":{"start":{"line":261,"column":0},"end":{"line":274,"column":2}},"124":{"start":{"line":262,"column":1},"end":{"line":262,"column":63}},"125":{"start":{"line":262,"column":14},"end":{"line":262,"column":61}},"126":{"start":{"line":263,"column":1},"end":{"line":263,"column":87}},"127":{"start":{"line":263,"column":33},"end":{"line":263,"column":85}},"128":{"start":{"line":264,"column":1},"end":{"line":264,"column":89}},"129":{"start":{"line":264,"column":21},"end":{"line":264,"column":87}},"130":{"start":{"line":266,"column":1},"end":{"line":266,"column":78}},"131":{"start":{"line":267,"column":1},"end":{"line":269,"column":4}},"132":{"start":{"line":268,"column":2},"end":{"line":268,"column":60}},"133":{"start":{"line":271,"column":1},"end":{"line":271,"column":61}},"134":{"start":{"line":273,"column":1},"end":{"line":273,"column":24}},"135":{"start":{"line":281,"column":0},"end":{"line":298,"column":2}},"136":{"start":{"line":282,"column":1},"end":{"line":282,"column":17}},"137":{"start":{"line":283,"column":1},"end":{"line":283,"column":34}},"138":{"start":{"line":285,"column":1},"end":{"line":290,"column":2}},"139":{"start":{"line":286,"column":2},"end":{"line":288,"column":3}},"140":{"start":{"line":287,"column":3},"end":{"line":287,"column":67}},"141":{"start":{"line":289,"column":2},"end":{"line":289,"column":36}},"142":{"start":{"line":292,"column":1},"end":{"line":295,"column":4}},"143":{"start":{"line":293,"column":2},"end":{"line":293,"column":38}},"144":{"start":{"line":294,"column":2},"end":{"line":294,"column":42}},"145":{"start":{"line":297,"column":1},"end":{"line":297,"column":17}},"146":{"start":{"line":305,"column":0},"end":{"line":322,"column":2}},"147":{"start":{"line":306,"column":1},"end":{"line":306,"column":17}},"148":{"start":{"line":307,"column":1},"end":{"line":307,"column":34}},"149":{"start":{"line":309,"column":1},"end":{"line":314,"column":2}},"150":{"start":{"line":310,"column":2},"end":{"line":312,"column":3}},"151":{"start":{"line":311,"column":3},"end":{"line":311,"column":67}},"152":{"start":{"line":313,"column":2},"end":{"line":313,"column":39}},"153":{"start":{"line":316,"column":1},"end":{"line":319,"column":4}},"154":{"start":{"line":317,"column":2},"end":{"line":317,"column":41}},"155":{"start":{"line":318,"column":2},"end":{"line":318,"column":45}},"156":{"start":{"line":321,"column":1},"end":{"line":321,"column":17}},"157":{"start":{"line":328,"column":0},"end":{"line":330,"column":2}},"158":{"start":{"line":329,"column":1},"end":{"line":329,"column":13}},"159":{"start":{"line":337,"column":0},"end":{"line":343,"column":2}},"160":{"start":{"line":338,"column":1},"end":{"line":338,"column":74}},"161":{"start":{"line":340,"column":1},"end":{"line":340,"column":66}},"162":{"start":{"line":342,"column":1},"end":{"line":342,"column":24}},"163":{"start":{"line":350,"column":0},"end":{"line":364,"column":2}},"164":{"start":{"line":351,"column":1},"end":{"line":351,"column":17}},"165":{"start":{"line":352,"column":1},"end":{"line":352,"column":72}},"166":{"start":{"line":354,"column":1},"end":{"line":359,"column":4}},"167":{"start":{"line":355,"column":2},"end":{"line":357,"column":3}},"168":{"start":{"line":356,"column":3},"end":{"line":356,"column":66}},"169":{"start":{"line":358,"column":2},"end":{"line":358,"column":13}},"170":{"start":{"line":361,"column":1},"end":{"line":361,"column":67}},"171":{"start":{"line":363,"column":1},"end":{"line":363,"column":24}},"172":{"start":{"line":371,"column":0},"end":{"line":383,"column":2}},"173":{"start":{"line":372,"column":1},"end":{"line":372,"column":17}},"174":{"start":{"line":373,"column":1},"end":{"line":373,"column":76}},"175":{"start":{"line":375,"column":1},"end":{"line":380,"column":4}},"176":{"start":{"line":376,"column":2},"end":{"line":378,"column":3}},"177":{"start":{"line":377,"column":3},"end":{"line":377,"column":32}},"178":{"start":{"line":379,"column":2},"end":{"line":379,"column":39}},"179":{"start":{"line":382,"column":1},"end":{"line":382,"column":24}},"180":{"start":{"line":385,"column":0},"end":{"line":400,"column":2}},"181":{"start":{"line":386,"column":1},"end":{"line":386,"column":26}},"182":{"start":{"line":386,"column":13},"end":{"line":386,"column":24}},"183":{"start":{"line":387,"column":1},"end":{"line":389,"column":2}},"184":{"start":{"line":388,"column":2},"end":{"line":388,"column":69}},"185":{"start":{"line":390,"column":1},"end":{"line":392,"column":2}},"186":{"start":{"line":391,"column":2},"end":{"line":391,"column":62}},"187":{"start":{"line":393,"column":1},"end":{"line":395,"column":2}},"188":{"start":{"line":394,"column":2},"end":{"line":394,"column":52}},"189":{"start":{"line":396,"column":1},"end":{"line":398,"column":2}},"190":{"start":{"line":397,"column":2},"end":{"line":397,"column":81}},"191":{"start":{"line":399,"column":1},"end":{"line":399,"column":12}},"192":{"start":{"line":402,"column":0},"end":{"line":460,"column":2}},"193":{"start":{"line":403,"column":1},"end":{"line":403,"column":17}},"194":{"start":{"line":404,"column":1},"end":{"line":404,"column":34}},"195":{"start":{"line":405,"column":1},"end":{"line":405,"column":15}},"196":{"start":{"line":406,"column":1},"end":{"line":406,"column":13}},"197":{"start":{"line":408,"column":1},"end":{"line":408,"column":38}},"198":{"start":{"line":410,"column":1},"end":{"line":415,"column":2}},"199":{"start":{"line":411,"column":2},"end":{"line":413,"column":3}},"200":{"start":{"line":412,"column":3},"end":{"line":412,"column":67}},"201":{"start":{"line":414,"column":2},"end":{"line":414,"column":31}},"202":{"start":{"line":417,"column":1},"end":{"line":459,"column":3}},"203":{"start":{"line":420,"column":3},"end":{"line":420,"column":18}},"204":{"start":{"line":423,"column":3},"end":{"line":423,"column":16}},"205":{"start":{"line":426,"column":3},"end":{"line":426,"column":52}},"206":{"start":{"line":427,"column":3},"end":{"line":430,"column":5}},"207":{"start":{"line":428,"column":4},"end":{"line":428,"column":60}},"208":{"start":{"line":429,"column":4},"end":{"line":429,"column":41}},"209":{"start":{"line":432,"column":3},"end":{"line":432,"column":44}},"210":{"start":{"line":434,"column":3},"end":{"line":440,"column":4}},"211":{"start":{"line":435,"column":4},"end":{"line":439,"column":5}},"212":{"start":{"line":436,"column":5},"end":{"line":436,"column":24}},"213":{"start":{"line":438,"column":5},"end":{"line":438,"column":20}},"214":{"start":{"line":442,"column":3},"end":{"line":452,"column":4}},"215":{"start":{"line":443,"column":4},"end":{"line":451,"column":5}},"216":{"start":{"line":444,"column":5},"end":{"line":444,"column":59}},"217":{"start":{"line":446,"column":5},"end":{"line":450,"column":6}},"218":{"start":{"line":447,"column":6},"end":{"line":447,"column":32}},"219":{"start":{"line":449,"column":6},"end":{"line":449,"column":23}},"220":{"start":{"line":454,"column":3},"end":{"line":454,"column":55}},"221":{"start":{"line":456,"column":3},"end":{"line":456,"column":44}},"222":{"start":{"line":457,"column":3},"end":{"line":457,"column":38}},"223":{"start":{"line":466,"column":0},"end":{"line":466,"column":25}}},"branchMap":{"1":{"line":24,"type":"if","locations":[{"start":{"line":24,"column":1},"end":{"line":24,"column":1}},{"start":{"line":24,"column":1},"end":{"line":24,"column":1}}]},"2":{"line":28,"type":"if","locations":[{"start":{"line":28,"column":1},"end":{"line":28,"column":1}},{"start":{"line":28,"column":1},"end":{"line":28,"column":1}}]},"3":{"line":31,"type":"if","locations":[{"start":{"line":31,"column":1},"end":{"line":31,"column":1}},{"start":{"line":31,"column":1},"end":{"line":31,"column":1}}]},"4":{"line":34,"type":"if","locations":[{"start":{"line":34,"column":1},"end":{"line":34,"column":1}},{"start":{"line":34,"column":1},"end":{"line":34,"column":1}}]},"5":{"line":37,"type":"if","locations":[{"start":{"line":37,"column":1},"end":{"line":37,"column":1}},{"start":{"line":37,"column":1},"end":{"line":37,"column":1}}]},"6":{"line":40,"type":"if","locations":[{"start":{"line":40,"column":1},"end":{"line":40,"column":1}},{"start":{"line":40,"column":1},"end":{"line":40,"column":1}}]},"7":{"line":52,"type":"binary-expr","locations":[{"start":{"line":52,"column":15},"end":{"line":52,"column":19}},{"start":{"line":52,"column":23},"end":{"line":52,"column":28}}]},"8":{"line":53,"type":"binary-expr","locations":[{"start":{"line":53,"column":19},"end":{"line":53,"column":34}},{"start":{"line":53,"column":38},"end":{"line":53,"column":81}}]},"9":{"line":90,"type":"if","locations":[{"start":{"line":90,"column":1},"end":{"line":90,"column":1}},{"start":{"line":90,"column":1},"end":{"line":90,"column":1}}]},"10":{"line":91,"type":"if","locations":[{"start":{"line":91,"column":1},"end":{"line":91,"column":1}},{"start":{"line":91,"column":1},"end":{"line":91,"column":1}}]},"11":{"line":93,"type":"if","locations":[{"start":{"line":93,"column":1},"end":{"line":93,"column":1}},{"start":{"line":93,"column":1},"end":{"line":93,"column":1}}]},"12":{"line":97,"type":"if","locations":[{"start":{"line":97,"column":1},"end":{"line":97,"column":1}},{"start":{"line":97,"column":1},"end":{"line":97,"column":1}}]},"13":{"line":97,"type":"binary-expr","locations":[{"start":{"line":97,"column":5},"end":{"line":97,"column":8}},{"start":{"line":97,"column":12},"end":{"line":97,"column":35}}]},"14":{"line":102,"type":"if","locations":[{"start":{"line":102,"column":2},"end":{"line":102,"column":2}},{"start":{"line":102,"column":2},"end":{"line":102,"column":2}}]},"15":{"line":103,"type":"if","locations":[{"start":{"line":103,"column":3},"end":{"line":103,"column":3}},{"start":{"line":103,"column":3},"end":{"line":103,"column":3}}]},"16":{"line":116,"type":"if","locations":[{"start":{"line":116,"column":1},"end":{"line":116,"column":1}},{"start":{"line":116,"column":1},"end":{"line":116,"column":1}}]},"17":{"line":129,"type":"if","locations":[{"start":{"line":129,"column":1},"end":{"line":129,"column":1}},{"start":{"line":129,"column":1},"end":{"line":129,"column":1}}]},"18":{"line":134,"type":"if","locations":[{"start":{"line":134,"column":2},"end":{"line":134,"column":2}},{"start":{"line":134,"column":2},"end":{"line":134,"column":2}}]},"19":{"line":138,"type":"if","locations":[{"start":{"line":138,"column":2},"end":{"line":138,"column":2}},{"start":{"line":138,"column":2},"end":{"line":138,"column":2}}]},"20":{"line":157,"type":"if","locations":[{"start":{"line":157,"column":1},"end":{"line":157,"column":1}},{"start":{"line":157,"column":1},"end":{"line":157,"column":1}}]},"21":{"line":180,"type":"if","locations":[{"start":{"line":180,"column":1},"end":{"line":180,"column":1}},{"start":{"line":180,"column":1},"end":{"line":180,"column":1}}]},"22":{"line":185,"type":"if","locations":[{"start":{"line":185,"column":2},"end":{"line":185,"column":2}},{"start":{"line":185,"column":2},"end":{"line":185,"column":2}}]},"23":{"line":206,"type":"if","locations":[{"start":{"line":206,"column":1},"end":{"line":206,"column":1}},{"start":{"line":206,"column":1},"end":{"line":206,"column":1}}]},"24":{"line":207,"type":"if","locations":[{"start":{"line":207,"column":1},"end":{"line":207,"column":1}},{"start":{"line":207,"column":1},"end":{"line":207,"column":1}}]},"25":{"line":237,"type":"if","locations":[{"start":{"line":237,"column":1},"end":{"line":237,"column":1}},{"start":{"line":237,"column":1},"end":{"line":237,"column":1}}]},"26":{"line":238,"type":"if","locations":[{"start":{"line":238,"column":1},"end":{"line":238,"column":1}},{"start":{"line":238,"column":1},"end":{"line":238,"column":1}}]},"27":{"line":239,"type":"if","locations":[{"start":{"line":239,"column":1},"end":{"line":239,"column":1}},{"start":{"line":239,"column":1},"end":{"line":239,"column":1}}]},"28":{"line":244,"type":"if","locations":[{"start":{"line":244,"column":2},"end":{"line":244,"column":2}},{"start":{"line":244,"column":2},"end":{"line":244,"column":2}}]},"29":{"line":262,"type":"if","locations":[{"start":{"line":262,"column":1},"end":{"line":262,"column":1}},{"start":{"line":262,"column":1},"end":{"line":262,"column":1}}]},"30":{"line":263,"type":"if","locations":[{"start":{"line":263,"column":1},"end":{"line":263,"column":1}},{"start":{"line":263,"column":1},"end":{"line":263,"column":1}}]},"31":{"line":264,"type":"if","locations":[{"start":{"line":264,"column":1},"end":{"line":264,"column":1}},{"start":{"line":264,"column":1},"end":{"line":264,"column":1}}]},"32":{"line":285,"type":"if","locations":[{"start":{"line":285,"column":1},"end":{"line":285,"column":1}},{"start":{"line":285,"column":1},"end":{"line":285,"column":1}}]},"33":{"line":286,"type":"if","locations":[{"start":{"line":286,"column":2},"end":{"line":286,"column":2}},{"start":{"line":286,"column":2},"end":{"line":286,"column":2}}]},"34":{"line":309,"type":"if","locations":[{"start":{"line":309,"column":1},"end":{"line":309,"column":1}},{"start":{"line":309,"column":1},"end":{"line":309,"column":1}}]},"35":{"line":310,"type":"if","locations":[{"start":{"line":310,"column":2},"end":{"line":310,"column":2}},{"start":{"line":310,"column":2},"end":{"line":310,"column":2}}]},"36":{"line":355,"type":"if","locations":[{"start":{"line":355,"column":2},"end":{"line":355,"column":2}},{"start":{"line":355,"column":2},"end":{"line":355,"column":2}}]},"37":{"line":376,"type":"if","locations":[{"start":{"line":376,"column":2},"end":{"line":376,"column":2}},{"start":{"line":376,"column":2},"end":{"line":376,"column":2}}]},"38":{"line":376,"type":"binary-expr","locations":[{"start":{"line":376,"column":6},"end":{"line":376,"column":9}},{"start":{"line":376,"column":13},"end":{"line":376,"column":77}}]},"39":{"line":386,"type":"if","locations":[{"start":{"line":386,"column":1},"end":{"line":386,"column":1}},{"start":{"line":386,"column":1},"end":{"line":386,"column":1}}]},"40":{"line":387,"type":"if","locations":[{"start":{"line":387,"column":1},"end":{"line":387,"column":1}},{"start":{"line":387,"column":1},"end":{"line":387,"column":1}}]},"41":{"line":387,"type":"binary-expr","locations":[{"start":{"line":387,"column":5},"end":{"line":387,"column":30}},{"start":{"line":387,"column":34},"end":{"line":387,"column":61}}]},"42":{"line":390,"type":"if","locations":[{"start":{"line":390,"column":1},"end":{"line":390,"column":1}},{"start":{"line":390,"column":1},"end":{"line":390,"column":1}}]},"43":{"line":390,"type":"binary-expr","locations":[{"start":{"line":390,"column":5},"end":{"line":390,"column":34}},{"start":{"line":390,"column":38},"end":{"line":390,"column":81}}]},"44":{"line":393,"type":"if","locations":[{"start":{"line":393,"column":1},"end":{"line":393,"column":1}},{"start":{"line":393,"column":1},"end":{"line":393,"column":1}}]},"45":{"line":396,"type":"if","locations":[{"start":{"line":396,"column":1},"end":{"line":396,"column":1}},{"start":{"line":396,"column":1},"end":{"line":396,"column":1}}]},"46":{"line":396,"type":"binary-expr","locations":[{"start":{"line":396,"column":5},"end":{"line":396,"column":14}},{"start":{"line":396,"column":18},"end":{"line":396,"column":27}}]},"47":{"line":408,"type":"binary-expr","locations":[{"start":{"line":408,"column":9},"end":{"line":408,"column":14}},{"start":{"line":408,"column":18},"end":{"line":408,"column":37}}]},"48":{"line":410,"type":"if","locations":[{"start":{"line":410,"column":1},"end":{"line":410,"column":1}},{"start":{"line":410,"column":1},"end":{"line":410,"column":1}}]},"49":{"line":411,"type":"if","locations":[{"start":{"line":411,"column":2},"end":{"line":411,"column":2}},{"start":{"line":411,"column":2},"end":{"line":411,"column":2}}]},"50":{"line":434,"type":"if","locations":[{"start":{"line":434,"column":3},"end":{"line":434,"column":3}},{"start":{"line":434,"column":3},"end":{"line":434,"column":3}}]},"51":{"line":434,"type":"binary-expr","locations":[{"start":{"line":434,"column":7},"end":{"line":434,"column":10}},{"start":{"line":434,"column":14},"end":{"line":434,"column":21}}]},"52":{"line":442,"type":"if","locations":[{"start":{"line":442,"column":3},"end":{"line":442,"column":3}},{"start":{"line":442,"column":3},"end":{"line":442,"column":3}}]},"53":{"line":442,"type":"binary-expr","locations":[{"start":{"line":442,"column":7},"end":{"line":442,"column":11}},{"start":{"line":442,"column":15},"end":{"line":442,"column":24}}]},"54":{"line":446,"type":"if","locations":[{"start":{"line":446,"column":5},"end":{"line":446,"column":5}},{"start":{"line":446,"column":5},"end":{"line":446,"column":5}}]}}},"/Users/gasl/Development/Crafity/modules/crafity-storage/lib/providers/MongoDB.Provider.js":{"path":"/Users/gasl/Development/Crafity/modules/crafity-storage/lib/providers/MongoDB.Provider.js","s":{"1":1,"2":1,"3":1,"4":1,"5":1,"6":1,"7":23,"8":1,"9":22,"10":1,"11":21,"12":1,"13":20,"14":1,"15":19,"16":19,"17":19,"18":19,"19":19,"20":19,"21":19,"22":19,"23":19,"24":19,"25":19,"26":19,"27":1,"28":1,"29":4,"30":1,"31":3,"32":1,"33":2,"34":2,"35":1,"36":1,"37":1,"38":1,"39":1,"40":11,"41":1,"42":10,"43":2,"44":8,"45":8,"46":1,"47":1,"48":7,"49":7,"50":7,"51":587,"52":7,"53":5,"54":2,"55":0,"56":2,"57":1,"58":31,"59":1,"60":9,"61":0,"62":9,"63":2,"64":7,"65":7,"66":7,"67":0,"68":7,"69":7,"70":1,"71":10,"72":0,"73":10,"74":0,"75":10,"76":10,"77":3,"78":3,"79":7,"80":7,"81":7,"82":1,"83":6,"84":1,"85":5,"86":1,"87":4,"88":0,"89":4,"90":4,"91":1,"92":1,"93":3,"94":3,"95":1,"96":0,"97":0,"98":0,"99":0,"100":0,"101":0,"102":0,"103":0,"104":0,"105":0,"106":0,"107":0,"108":1},"b":{"1":[1,22],"2":[1,21],"3":[1,20],"4":[1,19],"5":[1,3],"6":[1,2],"7":[1,1],"8":[1,10],"9":[2,8],"10":[1,7],"11":[5,2],"12":[7,7],"13":[0,2],"14":[0,9],"15":[2,7],"16":[0,7],"17":[0,10],"18":[0,10],"19":[3,7],"20":[1,5],"21":[1,4],"22":[0,4],"23":[1,3],"24":[0,0],"25":[0,0],"26":[0,0]},"f":{"1":23,"2":4,"3":1,"4":1,"5":11,"6":1,"7":7,"8":7,"9":587,"10":31,"11":9,"12":7,"13":10,"14":3,"15":7,"16":6,"17":1,"18":3,"19":0,"20":0,"21":0,"22":0},"fnMap":{"1":{"name":"MongoDB","line":45,"loc":{"start":{"line":45,"column":0},"end":{"line":45,"column":25}}},"2":{"name":"(anonymous_2)","line":106,"loc":{"start":{"line":106,"column":27},"end":{"line":106,"column":47}}},"3":{"name":"(anonymous_3)","line":116,"loc":{"start":{"line":116,"column":26},"end":{"line":116,"column":38}}},"4":{"name":"(anonymous_4)","line":120,"loc":{"start":{"line":120,"column":25},"end":{"line":120,"column":37}}},"5":{"name":"(anonymous_5)","line":131,"loc":{"start":{"line":131,"column":25},"end":{"line":131,"column":45}}},"6":{"name":"(anonymous_6)","line":142,"loc":{"start":{"line":142,"column":26},"end":{"line":142,"column":38}}},"7":{"name":"(anonymous_7)","line":147,"loc":{"start":{"line":147,"column":23},"end":{"line":147,"column":44}}},"8":{"name":"(anonymous_8)","line":151,"loc":{"start":{"line":151,"column":33},"end":{"line":151,"column":53}}},"9":{"name":"(anonymous_9)","line":154,"loc":{"start":{"line":154,"column":35},"end":{"line":154,"column":49}}},"10":{"name":"(anonymous_10)","line":176,"loc":{"start":{"line":176,"column":32},"end":{"line":176,"column":44}}},"11":{"name":"(anonymous_11)","line":186,"loc":{"start":{"line":186,"column":28},"end":{"line":186,"column":48}}},"12":{"name":"(anonymous_12)","line":196,"loc":{"start":{"line":196,"column":31},"end":{"line":196,"column":50}}},"13":{"name":"(anonymous_13)","line":213,"loc":{"start":{"line":213,"column":31},"end":{"line":213,"column":51}}},"14":{"name":"(anonymous_14)","line":223,"loc":{"start":{"line":223,"column":26},"end":{"line":223,"column":38}}},"15":{"name":"(anonymous_15)","line":229,"loc":{"start":{"line":229,"column":16},"end":{"line":229,"column":39}}},"16":{"name":"(anonymous_16)","line":262,"loc":{"start":{"line":262,"column":25},"end":{"line":262,"column":51}}},"17":{"name":"(anonymous_17)","line":276,"loc":{"start":{"line":276,"column":26},"end":{"line":276,"column":38}}},"18":{"name":"(anonymous_18)","line":283,"loc":{"start":{"line":283,"column":49},"end":{"line":283,"column":72}}},"19":{"name":"(anonymous_19)","line":295,"loc":{"start":{"line":295,"column":28},"end":{"line":295,"column":48}}},"20":{"name":"(anonymous_20)","line":304,"loc":{"start":{"line":304,"column":14},"end":{"line":304,"column":41}}},"21":{"name":"(anonymous_21)","line":309,"loc":{"start":{"line":309,"column":51},"end":{"line":309,"column":78}}},"22":{"name":"(anonymous_22)","line":312,"loc":{"start":{"line":312,"column":16},"end":{"line":312,"column":39}}}},"statementMap":{"1":{"start":{"line":2,"column":0},"end":{"line":2,"column":13}},"2":{"start":{"line":15,"column":0},"end":{"line":15,"column":37}},"3":{"start":{"line":16,"column":0},"end":{"line":16,"column":50}},"4":{"start":{"line":17,"column":0},"end":{"line":17,"column":49}},"5":{"start":{"line":18,"column":0},"end":{"line":18,"column":36}},"6":{"start":{"line":45,"column":0},"end":{"line":80,"column":1}},"7":{"start":{"line":46,"column":1},"end":{"line":48,"column":2}},"8":{"start":{"line":47,"column":2},"end":{"line":47,"column":54}},"9":{"start":{"line":49,"column":1},"end":{"line":51,"column":2}},"10":{"start":{"line":50,"column":2},"end":{"line":50,"column":65}},"11":{"start":{"line":52,"column":1},"end":{"line":54,"column":2}},"12":{"start":{"line":53,"column":2},"end":{"line":53,"column":66}},"13":{"start":{"line":55,"column":1},"end":{"line":57,"column":2}},"14":{"start":{"line":56,"column":2},"end":{"line":56,"column":77}},"15":{"start":{"line":59,"column":1},"end":{"line":59,"column":22}},"16":{"start":{"line":60,"column":1},"end":{"line":60,"column":32}},"17":{"start":{"line":61,"column":1},"end":{"line":61,"column":23}},"18":{"start":{"line":62,"column":1},"end":{"line":62,"column":65}},"19":{"start":{"line":63,"column":1},"end":{"line":63,"column":25}},"20":{"start":{"line":64,"column":1},"end":{"line":64,"column":37}},"21":{"start":{"line":67,"column":1},"end":{"line":67,"column":17}},"22":{"start":{"line":74,"column":1},"end":{"line":74,"column":84}},"23":{"start":{"line":75,"column":1},"end":{"line":75,"column":107}},"24":{"start":{"line":76,"column":1},"end":{"line":76,"column":75}},"25":{"start":{"line":77,"column":1},"end":{"line":77,"column":60}},"26":{"start":{"line":78,"column":1},"end":{"line":78,"column":52}},"27":{"start":{"line":87,"column":0},"end":{"line":87,"column":35}},"28":{"start":{"line":106,"column":0},"end":{"line":123,"column":2}},"29":{"start":{"line":107,"column":1},"end":{"line":109,"column":2}},"30":{"start":{"line":108,"column":2},"end":{"line":108,"column":45}},"31":{"start":{"line":110,"column":1},"end":{"line":112,"column":2}},"32":{"start":{"line":111,"column":2},"end":{"line":111,"column":52}},"33":{"start":{"line":114,"column":1},"end":{"line":114,"column":17}},"34":{"start":{"line":115,"column":1},"end":{"line":119,"column":2}},"35":{"start":{"line":116,"column":2},"end":{"line":118,"column":5}},"36":{"start":{"line":117,"column":3},"end":{"line":117,"column":47}},"37":{"start":{"line":120,"column":1},"end":{"line":122,"column":4}},"38":{"start":{"line":121,"column":2},"end":{"line":121,"column":30}},"39":{"start":{"line":131,"column":0},"end":{"line":170,"column":2}},"40":{"start":{"line":132,"column":1},"end":{"line":134,"column":2}},"41":{"start":{"line":133,"column":2},"end":{"line":133,"column":45}},"42":{"start":{"line":135,"column":1},"end":{"line":137,"column":2}},"43":{"start":{"line":136,"column":2},"end":{"line":136,"column":52}},"44":{"start":{"line":139,"column":1},"end":{"line":139,"column":17}},"45":{"start":{"line":141,"column":1},"end":{"line":145,"column":2}},"46":{"start":{"line":142,"column":2},"end":{"line":144,"column":5}},"47":{"start":{"line":143,"column":3},"end":{"line":143,"column":47}},"48":{"start":{"line":147,"column":1},"end":{"line":169,"column":4}},"49":{"start":{"line":151,"column":2},"end":{"line":167,"column":5}},"50":{"start":{"line":154,"column":3},"end":{"line":156,"column":6}},"51":{"start":{"line":155,"column":4},"end":{"line":155,"column":19}},"52":{"start":{"line":158,"column":3},"end":{"line":166,"column":4}},"53":{"start":{"line":159,"column":4},"end":{"line":159,"column":24}},"54":{"start":{"line":161,"column":4},"end":{"line":165,"column":5}},"55":{"start":{"line":162,"column":5},"end":{"line":162,"column":19}},"56":{"start":{"line":164,"column":5},"end":{"line":164,"column":79}},"57":{"start":{"line":176,"column":0},"end":{"line":178,"column":2}},"58":{"start":{"line":177,"column":1},"end":{"line":177,"column":26}},"59":{"start":{"line":186,"column":0},"end":{"line":205,"column":2}},"60":{"start":{"line":187,"column":1},"end":{"line":189,"column":2}},"61":{"start":{"line":188,"column":2},"end":{"line":188,"column":45}},"62":{"start":{"line":190,"column":1},"end":{"line":192,"column":2}},"63":{"start":{"line":191,"column":2},"end":{"line":191,"column":52}},"64":{"start":{"line":194,"column":1},"end":{"line":194,"column":17}},"65":{"start":{"line":196,"column":1},"end":{"line":204,"column":4}},"66":{"start":{"line":197,"column":2},"end":{"line":199,"column":3}},"67":{"start":{"line":198,"column":3},"end":{"line":198,"column":24}},"68":{"start":{"line":201,"column":2},"end":{"line":201,"column":16}},"69":{"start":{"line":202,"column":2},"end":{"line":202,"column":17}},"70":{"start":{"line":213,"column":0},"end":{"line":234,"column":2}},"71":{"start":{"line":214,"column":1},"end":{"line":216,"column":2}},"72":{"start":{"line":215,"column":2},"end":{"line":215,"column":56}},"73":{"start":{"line":217,"column":1},"end":{"line":219,"column":2}},"74":{"start":{"line":218,"column":2},"end":{"line":218,"column":63}},"75":{"start":{"line":221,"column":1},"end":{"line":221,"column":17}},"76":{"start":{"line":222,"column":1},"end":{"line":226,"column":2}},"77":{"start":{"line":223,"column":2},"end":{"line":225,"column":5}},"78":{"start":{"line":224,"column":3},"end":{"line":224,"column":74}},"79":{"start":{"line":229,"column":1},"end":{"line":233,"column":4}},"80":{"start":{"line":230,"column":2},"end":{"line":230,"column":18}},"81":{"start":{"line":232,"column":2},"end":{"line":232,"column":23}},"82":{"start":{"line":262,"column":0},"end":{"line":287,"column":2}},"83":{"start":{"line":263,"column":1},"end":{"line":265,"column":2}},"84":{"start":{"line":264,"column":2},"end":{"line":264,"column":41}},"85":{"start":{"line":266,"column":1},"end":{"line":268,"column":2}},"86":{"start":{"line":267,"column":2},"end":{"line":267,"column":45}},"87":{"start":{"line":269,"column":1},"end":{"line":271,"column":2}},"88":{"start":{"line":270,"column":2},"end":{"line":270,"column":52}},"89":{"start":{"line":273,"column":1},"end":{"line":273,"column":17}},"90":{"start":{"line":275,"column":1},"end":{"line":279,"column":2}},"91":{"start":{"line":276,"column":2},"end":{"line":278,"column":5}},"92":{"start":{"line":277,"column":3},"end":{"line":277,"column":47}},"93":{"start":{"line":283,"column":1},"end":{"line":286,"column":4}},"94":{"start":{"line":285,"column":2},"end":{"line":285,"column":24}},"95":{"start":{"line":295,"column":0},"end":{"line":319,"column":2}},"96":{"start":{"line":296,"column":1},"end":{"line":298,"column":2}},"97":{"start":{"line":297,"column":2},"end":{"line":297,"column":58}},"98":{"start":{"line":299,"column":1},"end":{"line":301,"column":2}},"99":{"start":{"line":300,"column":2},"end":{"line":300,"column":77}},"100":{"start":{"line":303,"column":1},"end":{"line":303,"column":17}},"101":{"start":{"line":304,"column":1},"end":{"line":318,"column":4}},"102":{"start":{"line":305,"column":2},"end":{"line":307,"column":3}},"103":{"start":{"line":306,"column":3},"end":{"line":306,"column":24}},"104":{"start":{"line":309,"column":2},"end":{"line":316,"column":5}},"105":{"start":{"line":310,"column":3},"end":{"line":310,"column":32}},"106":{"start":{"line":312,"column":3},"end":{"line":314,"column":6}},"107":{"start":{"line":313,"column":4},"end":{"line":313,"column":26}},"108":{"start":{"line":325,"column":0},"end":{"line":325,"column":25}}},"branchMap":{"1":{"line":46,"type":"if","locations":[{"start":{"line":46,"column":1},"end":{"line":46,"column":1}},{"start":{"line":46,"column":1},"end":{"line":46,"column":1}}]},"2":{"line":49,"type":"if","locations":[{"start":{"line":49,"column":1},"end":{"line":49,"column":1}},{"start":{"line":49,"column":1},"end":{"line":49,"column":1}}]},"3":{"line":52,"type":"if","locations":[{"start":{"line":52,"column":1},"end":{"line":52,"column":1}},{"start":{"line":52,"column":1},"end":{"line":52,"column":1}}]},"4":{"line":55,"type":"if","locations":[{"start":{"line":55,"column":1},"end":{"line":55,"column":1}},{"start":{"line":55,"column":1},"end":{"line":55,"column":1}}]},"5":{"line":107,"type":"if","locations":[{"start":{"line":107,"column":1},"end":{"line":107,"column":1}},{"start":{"line":107,"column":1},"end":{"line":107,"column":1}}]},"6":{"line":110,"type":"if","locations":[{"start":{"line":110,"column":1},"end":{"line":110,"column":1}},{"start":{"line":110,"column":1},"end":{"line":110,"column":1}}]},"7":{"line":115,"type":"if","locations":[{"start":{"line":115,"column":1},"end":{"line":115,"column":1}},{"start":{"line":115,"column":1},"end":{"line":115,"column":1}}]},"8":{"line":132,"type":"if","locations":[{"start":{"line":132,"column":1},"end":{"line":132,"column":1}},{"start":{"line":132,"column":1},"end":{"line":132,"column":1}}]},"9":{"line":135,"type":"if","locations":[{"start":{"line":135,"column":1},"end":{"line":135,"column":1}},{"start":{"line":135,"column":1},"end":{"line":135,"column":1}}]},"10":{"line":141,"type":"if","locations":[{"start":{"line":141,"column":1},"end":{"line":141,"column":1}},{"start":{"line":141,"column":1},"end":{"line":141,"column":1}}]},"11":{"line":158,"type":"if","locations":[{"start":{"line":158,"column":3},"end":{"line":158,"column":3}},{"start":{"line":158,"column":3},"end":{"line":158,"column":3}}]},"12":{"line":158,"type":"binary-expr","locations":[{"start":{"line":158,"column":7},"end":{"line":158,"column":11}},{"start":{"line":158,"column":15},"end":{"line":158,"column":50}}]},"13":{"line":161,"type":"if","locations":[{"start":{"line":161,"column":4},"end":{"line":161,"column":4}},{"start":{"line":161,"column":4},"end":{"line":161,"column":4}}]},"14":{"line":187,"type":"if","locations":[{"start":{"line":187,"column":1},"end":{"line":187,"column":1}},{"start":{"line":187,"column":1},"end":{"line":187,"column":1}}]},"15":{"line":190,"type":"if","locations":[{"start":{"line":190,"column":1},"end":{"line":190,"column":1}},{"start":{"line":190,"column":1},"end":{"line":190,"column":1}}]},"16":{"line":197,"type":"if","locations":[{"start":{"line":197,"column":2},"end":{"line":197,"column":2}},{"start":{"line":197,"column":2},"end":{"line":197,"column":2}}]},"17":{"line":214,"type":"if","locations":[{"start":{"line":214,"column":1},"end":{"line":214,"column":1}},{"start":{"line":214,"column":1},"end":{"line":214,"column":1}}]},"18":{"line":217,"type":"if","locations":[{"start":{"line":217,"column":1},"end":{"line":217,"column":1}},{"start":{"line":217,"column":1},"end":{"line":217,"column":1}}]},"19":{"line":222,"type":"if","locations":[{"start":{"line":222,"column":1},"end":{"line":222,"column":1}},{"start":{"line":222,"column":1},"end":{"line":222,"column":1}}]},"20":{"line":263,"type":"if","locations":[{"start":{"line":263,"column":1},"end":{"line":263,"column":1}},{"start":{"line":263,"column":1},"end":{"line":263,"column":1}}]},"21":{"line":266,"type":"if","locations":[{"start":{"line":266,"column":1},"end":{"line":266,"column":1}},{"start":{"line":266,"column":1},"end":{"line":266,"column":1}}]},"22":{"line":269,"type":"if","locations":[{"start":{"line":269,"column":1},"end":{"line":269,"column":1}},{"start":{"line":269,"column":1},"end":{"line":269,"column":1}}]},"23":{"line":275,"type":"if","locations":[{"start":{"line":275,"column":1},"end":{"line":275,"column":1}},{"start":{"line":275,"column":1},"end":{"line":275,"column":1}}]},"24":{"line":296,"type":"if","locations":[{"start":{"line":296,"column":1},"end":{"line":296,"column":1}},{"start":{"line":296,"column":1},"end":{"line":296,"column":1}}]},"25":{"line":299,"type":"if","locations":[{"start":{"line":299,"column":1},"end":{"line":299,"column":1}},{"start":{"line":299,"column":1},"end":{"line":299,"column":1}}]},"26":{"line":305,"type":"if","locations":[{"start":{"line":305,"column":2},"end":{"line":305,"column":2}},{"start":{"line":305,"column":2},"end":{"line":305,"column":2}}]}}}}