{"/Users/gasl/Development/Crafity/modules/crafity-storage/scripts/npm-test.js":{"path":"/Users/gasl/Development/Crafity/modules/crafity-storage/scripts/npm-test.js","s":{"1":1,"2":1,"3":1,"4":1,"5":1,"6":1},"b":{},"f":{"1":1,"2":1,"3":1,"4":1},"fnMap":{"1":{"name":"(anonymous_1)","line":4,"loc":{"start":{"line":4,"column":50},"end":{"line":4,"column":62}}},"2":{"name":"(anonymous_2)","line":5,"loc":{"start":{"line":5,"column":62},"end":{"line":5,"column":74}}},"3":{"name":"(anonymous_3)","line":6,"loc":{"start":{"line":6,"column":71},"end":{"line":6,"column":83}}},"4":{"name":"(anonymous_4)","line":7,"loc":{"start":{"line":7,"column":72},"end":{"line":7,"column":84}}}},"statementMap":{"1":{"start":{"line":2,"column":0},"end":{"line":2,"column":13}},"2":{"start":{"line":4,"column":0},"end":{"line":12,"column":3}},"3":{"start":{"line":5,"column":1},"end":{"line":11,"column":4}},"4":{"start":{"line":6,"column":2},"end":{"line":10,"column":5}},"5":{"start":{"line":7,"column":3},"end":{"line":9,"column":6}},"6":{"start":{"line":8,"column":4},"end":{"line":8,"column":17}}},"branchMap":{}},"/Users/gasl/Development/Crafity/modules/crafity-storage/main.js":{"path":"/Users/gasl/Development/Crafity/modules/crafity-storage/main.js","s":{"1":1,"2":1,"3":1,"4":1},"b":{},"f":{},"fnMap":{},"statementMap":{"1":{"start":{"line":3,"column":0},"end":{"line":3,"column":50}},"2":{"start":{"line":4,"column":0},"end":{"line":4,"column":40}},"3":{"start":{"line":10,"column":0},"end":{"line":10,"column":44}},"4":{"start":{"line":16,"column":0},"end":{"line":16,"column":33}}},"branchMap":{}},"/Users/gasl/Development/Crafity/modules/crafity-storage/lib/crafity.storage.js":{"path":"/Users/gasl/Development/Crafity/modules/crafity-storage/lib/crafity.storage.js","s":{"1":1,"2":1,"3":1,"4":0,"5":0,"6":0,"7":0,"8":0,"9":0,"10":0,"11":0,"12":0,"13":0,"14":0,"15":0,"16":0,"17":0,"18":0,"19":0,"20":0,"21":0,"22":0,"23":0,"24":0,"25":0,"26":0,"27":0,"28":0,"29":0,"30":0,"31":0,"32":0,"33":0,"34":0,"35":0,"36":0,"37":0,"38":0,"39":0,"40":0,"41":0,"42":0,"43":0,"44":0,"45":0,"46":0,"47":0,"48":0,"49":0,"50":0,"51":0,"52":0,"53":0,"54":0,"55":0,"56":0,"57":0,"58":0,"59":0,"60":0,"61":0,"62":0,"63":0,"64":0,"65":0,"66":0,"67":1},"b":{"1":[0,0],"2":[0,0],"3":[0,0,0],"4":[0,0],"5":[0,0],"6":[0,0],"7":[0,0,0],"8":[0,0],"9":[0,0],"10":[0,0],"11":[0,0],"12":[0,0],"13":[0,0],"14":[0,0],"15":[0,0],"16":[0,0],"17":[0,0],"18":[0,0],"19":[0,0],"20":[0,0,0],"21":[0,0,0],"22":[0,0,0],"23":[0,0,0],"24":[0,0]},"f":{"1":0,"2":0,"3":0,"4":0,"5":0,"6":0,"7":0,"8":0},"fnMap":{"1":{"name":"StorageService","line":23,"loc":{"start":{"line":23,"column":17},"end":{"line":23,"column":49}}},"2":{"name":"getProviderConstructor","line":28,"loc":{"start":{"line":28,"column":32},"end":{"line":28,"column":72}}},"3":{"name":"getProvider","line":47,"loc":{"start":{"line":47,"column":21},"end":{"line":47,"column":50}}},"4":{"name":"loadRepository","line":66,"loc":{"start":{"line":66,"column":24},"end":{"line":66,"column":62}}},"5":{"name":"loadRepositories","line":110,"loc":{"start":{"line":110,"column":26},"end":{"line":110,"column":70}}},"6":{"name":"(anonymous_6)","line":126,"loc":{"start":{"line":126,"column":30},"end":{"line":126,"column":42}}},"7":{"name":"(anonymous_7)","line":134,"loc":{"start":{"line":134,"column":30},"end":{"line":134,"column":42}}},"8":{"name":"(anonymous_8)","line":138,"loc":{"start":{"line":138,"column":30},"end":{"line":138,"column":42}}}},"statementMap":{"1":{"start":{"line":2,"column":0},"end":{"line":2,"column":13}},"2":{"start":{"line":15,"column":0},"end":{"line":16,"column":27}},"3":{"start":{"line":23,"column":0},"end":{"line":143,"column":2}},"4":{"start":{"line":25,"column":2},"end":{"line":26,"column":35}},"5":{"start":{"line":28,"column":2},"end":{"line":45,"column":4}},"6":{"start":{"line":29,"column":4},"end":{"line":31,"column":5}},"7":{"start":{"line":30,"column":6},"end":{"line":30,"column":91}},"8":{"start":{"line":32,"column":4},"end":{"line":34,"column":5}},"9":{"start":{"line":33,"column":6},"end":{"line":33,"column":53}},"10":{"start":{"line":35,"column":4},"end":{"line":36,"column":28}},"11":{"start":{"line":38,"column":4},"end":{"line":42,"column":5}},"12":{"start":{"line":39,"column":6},"end":{"line":39,"column":50}},"13":{"start":{"line":41,"column":6},"end":{"line":41,"column":117}},"14":{"start":{"line":44,"column":4},"end":{"line":44,"column":31}},"15":{"start":{"line":47,"column":2},"end":{"line":64,"column":4}},"16":{"start":{"line":48,"column":4},"end":{"line":50,"column":5}},"17":{"start":{"line":49,"column":6},"end":{"line":49,"column":91}},"18":{"start":{"line":51,"column":4},"end":{"line":53,"column":5}},"19":{"start":{"line":52,"column":6},"end":{"line":52,"column":53}},"20":{"start":{"line":54,"column":4},"end":{"line":55,"column":28}},"21":{"start":{"line":57,"column":4},"end":{"line":61,"column":5}},"22":{"start":{"line":58,"column":6},"end":{"line":58,"column":50}},"23":{"start":{"line":60,"column":6},"end":{"line":60,"column":117}},"24":{"start":{"line":63,"column":4},"end":{"line":63,"column":43}},"25":{"start":{"line":66,"column":2},"end":{"line":108,"column":4}},"26":{"start":{"line":68,"column":4},"end":{"line":70,"column":5}},"27":{"start":{"line":69,"column":6},"end":{"line":69,"column":52}},"28":{"start":{"line":71,"column":4},"end":{"line":73,"column":5}},"29":{"start":{"line":72,"column":6},"end":{"line":72,"column":80}},"30":{"start":{"line":74,"column":4},"end":{"line":76,"column":5}},"31":{"start":{"line":75,"column":6},"end":{"line":75,"column":96}},"32":{"start":{"line":77,"column":4},"end":{"line":79,"column":5}},"33":{"start":{"line":78,"column":6},"end":{"line":78,"column":71}},"34":{"start":{"line":80,"column":4},"end":{"line":82,"column":5}},"35":{"start":{"line":81,"column":6},"end":{"line":81,"column":121}},"36":{"start":{"line":83,"column":4},"end":{"line":87,"column":17}},"37":{"start":{"line":89,"column":4},"end":{"line":89,"column":46}},"38":{"start":{"line":90,"column":4},"end":{"line":90,"column":50}},"39":{"start":{"line":92,"column":4},"end":{"line":96,"column":5}},"40":{"start":{"line":93,"column":6},"end":{"line":93,"column":54}},"41":{"start":{"line":95,"column":6},"end":{"line":95,"column":114}},"42":{"start":{"line":98,"column":4},"end":{"line":105,"column":5}},"43":{"start":{"line":99,"column":6},"end":{"line":99,"column":61}},"44":{"start":{"line":101,"column":6},"end":{"line":103,"column":7}},"45":{"start":{"line":102,"column":8},"end":{"line":102,"column":86}},"46":{"start":{"line":104,"column":6},"end":{"line":104,"column":16}},"47":{"start":{"line":107,"column":4},"end":{"line":107,"column":22}},"48":{"start":{"line":110,"column":2},"end":{"line":142,"column":4}},"49":{"start":{"line":112,"column":4},"end":{"line":115,"column":5}},"50":{"start":{"line":113,"column":6},"end":{"line":113,"column":24}},"51":{"start":{"line":114,"column":6},"end":{"line":114,"column":29}},"52":{"start":{"line":116,"column":4},"end":{"line":116,"column":42}},"53":{"start":{"line":118,"column":4},"end":{"line":118,"column":81}},"54":{"start":{"line":119,"column":4},"end":{"line":119,"column":71}},"55":{"start":{"line":120,"column":4},"end":{"line":120,"column":80}},"56":{"start":{"line":121,"column":4},"end":{"line":121,"column":74}},"57":{"start":{"line":123,"column":4},"end":{"line":123,"column":26}},"58":{"start":{"line":125,"column":4},"end":{"line":129,"column":5}},"59":{"start":{"line":126,"column":6},"end":{"line":128,"column":9}},"60":{"start":{"line":127,"column":8},"end":{"line":127,"column":75}},"61":{"start":{"line":131,"column":4},"end":{"line":141,"column":5}},"62":{"start":{"line":132,"column":6},"end":{"line":132,"column":82}},"63":{"start":{"line":134,"column":6},"end":{"line":136,"column":9}},"64":{"start":{"line":135,"column":8},"end":{"line":135,"column":44}},"65":{"start":{"line":138,"column":6},"end":{"line":140,"column":9}},"66":{"start":{"line":139,"column":8},"end":{"line":139,"column":29}},"67":{"start":{"line":145,"column":0},"end":{"line":145,"column":47}}},"branchMap":{"1":{"line":26,"type":"binary-expr","locations":[{"start":{"line":26,"column":22},"end":{"line":26,"column":28}},{"start":{"line":26,"column":32},"end":{"line":26,"column":34}}]},"2":{"line":29,"type":"if","locations":[{"start":{"line":29,"column":4},"end":{"line":29,"column":4}},{"start":{"line":29,"column":4},"end":{"line":29,"column":4}}]},"3":{"line":30,"type":"binary-expr","locations":[{"start":{"line":30,"column":15},"end":{"line":30,"column":28}},{"start":{"line":30,"column":32},"end":{"line":30,"column":55}},{"start":{"line":30,"column":59},"end":{"line":30,"column":90}}]},"4":{"line":32,"type":"if","locations":[{"start":{"line":32,"column":4},"end":{"line":32,"column":4}},{"start":{"line":32,"column":4},"end":{"line":32,"column":4}}]},"5":{"line":35,"type":"binary-expr","locations":[{"start":{"line":35,"column":42},"end":{"line":35,"column":69}},{"start":{"line":35,"column":73},"end":{"line":35,"column":84}}]},"6":{"line":48,"type":"if","locations":[{"start":{"line":48,"column":4},"end":{"line":48,"column":4}},{"start":{"line":48,"column":4},"end":{"line":48,"column":4}}]},"7":{"line":49,"type":"binary-expr","locations":[{"start":{"line":49,"column":15},"end":{"line":49,"column":28}},{"start":{"line":49,"column":32},"end":{"line":49,"column":55}},{"start":{"line":49,"column":59},"end":{"line":49,"column":90}}]},"8":{"line":51,"type":"if","locations":[{"start":{"line":51,"column":4},"end":{"line":51,"column":4}},{"start":{"line":51,"column":4},"end":{"line":51,"column":4}}]},"9":{"line":54,"type":"binary-expr","locations":[{"start":{"line":54,"column":42},"end":{"line":54,"column":69}},{"start":{"line":54,"column":73},"end":{"line":54,"column":84}}]},"10":{"line":68,"type":"if","locations":[{"start":{"line":68,"column":4},"end":{"line":68,"column":4}},{"start":{"line":68,"column":4},"end":{"line":68,"column":4}}]},"11":{"line":71,"type":"if","locations":[{"start":{"line":71,"column":4},"end":{"line":71,"column":4}},{"start":{"line":71,"column":4},"end":{"line":71,"column":4}}]},"12":{"line":74,"type":"if","locations":[{"start":{"line":74,"column":4},"end":{"line":74,"column":4}},{"start":{"line":74,"column":4},"end":{"line":74,"column":4}}]},"13":{"line":77,"type":"if","locations":[{"start":{"line":77,"column":4},"end":{"line":77,"column":4}},{"start":{"line":77,"column":4},"end":{"line":77,"column":4}}]},"14":{"line":80,"type":"if","locations":[{"start":{"line":80,"column":4},"end":{"line":80,"column":4}},{"start":{"line":80,"column":4},"end":{"line":80,"column":4}}]},"15":{"line":101,"type":"if","locations":[{"start":{"line":101,"column":6},"end":{"line":101,"column":6}},{"start":{"line":101,"column":6},"end":{"line":101,"column":6}}]},"16":{"line":101,"type":"binary-expr","locations":[{"start":{"line":101,"column":10},"end":{"line":101,"column":30}},{"start":{"line":101,"column":34},"end":{"line":101,"column":76}}]},"17":{"line":112,"type":"if","locations":[{"start":{"line":112,"column":4},"end":{"line":112,"column":4}},{"start":{"line":112,"column":4},"end":{"line":112,"column":4}}]},"18":{"line":112,"type":"binary-expr","locations":[{"start":{"line":112,"column":8},"end":{"line":112,"column":34}},{"start":{"line":112,"column":38},"end":{"line":112,"column":47}}]},"19":{"line":116,"type":"binary-expr","locations":[{"start":{"line":116,"column":15},"end":{"line":116,"column":23}},{"start":{"line":116,"column":27},"end":{"line":116,"column":41}}]},"20":{"line":118,"type":"binary-expr","locations":[{"start":{"line":118,"column":35},"end":{"line":118,"column":41}},{"start":{"line":118,"column":45},"end":{"line":118,"column":58}},{"start":{"line":118,"column":62},"end":{"line":118,"column":64}}]},"21":{"line":119,"type":"binary-expr","locations":[{"start":{"line":119,"column":33},"end":{"line":119,"column":39}},{"start":{"line":119,"column":44},"end":{"line":119,"column":63}},{"start":{"line":119,"column":67},"end":{"line":119,"column":69}}]},"22":{"line":120,"type":"binary-expr","locations":[{"start":{"line":120,"column":37},"end":{"line":120,"column":43}},{"start":{"line":120,"column":48},"end":{"line":120,"column":71}},{"start":{"line":120,"column":75},"end":{"line":120,"column":78}}]},"23":{"line":121,"type":"binary-expr","locations":[{"start":{"line":121,"column":34},"end":{"line":121,"column":40}},{"start":{"line":121,"column":45},"end":{"line":121,"column":65}},{"start":{"line":121,"column":69},"end":{"line":121,"column":72}}]},"24":{"line":125,"type":"if","locations":[{"start":{"line":125,"column":4},"end":{"line":125,"column":4}},{"start":{"line":125,"column":4},"end":{"line":125,"column":4}}]}}},"/Users/gasl/Development/Crafity/modules/crafity-storage/lib/providers/Provider.js":{"path":"/Users/gasl/Development/Crafity/modules/crafity-storage/lib/providers/Provider.js","s":{"1":1,"2":1,"3":1,"4":14,"5":1,"6":1,"7":1,"8":1,"9":1,"10":1,"11":1,"12":1,"13":0,"14":1,"15":1,"16":1,"17":1,"18":1,"19":1,"20":1,"21":1,"22":1,"23":1,"24":1,"25":1,"26":1,"27":1,"28":1},"b":{},"f":{"1":14,"2":1,"3":1,"4":1,"5":0,"6":1,"7":1,"8":1,"9":1,"10":1,"11":1,"12":1},"fnMap":{"1":{"name":"Provider","line":21,"loc":{"start":{"line":21,"column":0},"end":{"line":21,"column":20}}},"2":{"name":"(anonymous_2)","line":36,"loc":{"start":{"line":36,"column":28},"end":{"line":36,"column":48}}},"3":{"name":"(anonymous_3)","line":45,"loc":{"start":{"line":45,"column":26},"end":{"line":45,"column":46}}},"4":{"name":"(anonymous_4)","line":54,"loc":{"start":{"line":54,"column":30},"end":{"line":54,"column":50}}},"5":{"name":"(anonymous_5)","line":61,"loc":{"start":{"line":61,"column":33},"end":{"line":61,"column":45}}},"6":{"name":"(anonymous_6)","line":70,"loc":{"start":{"line":70,"column":29},"end":{"line":70,"column":49}}},"7":{"name":"(anonymous_7)","line":79,"loc":{"start":{"line":79,"column":32},"end":{"line":79,"column":52}}},"8":{"name":"(anonymous_8)","line":88,"loc":{"start":{"line":88,"column":29},"end":{"line":88,"column":49}}},"9":{"name":"(anonymous_9)","line":98,"loc":{"start":{"line":98,"column":26},"end":{"line":98,"column":52}}},"10":{"name":"(anonymous_10)","line":108,"loc":{"start":{"line":108,"column":28},"end":{"line":108,"column":54}}},"11":{"name":"(anonymous_11)","line":118,"loc":{"start":{"line":118,"column":31},"end":{"line":118,"column":56}}},"12":{"name":"(anonymous_12)","line":127,"loc":{"start":{"line":127,"column":29},"end":{"line":127,"column":49}}}},"statementMap":{"1":{"start":{"line":2,"column":0},"end":{"line":2,"column":13}},"2":{"start":{"line":15,"column":0},"end":{"line":15,"column":50}},"3":{"start":{"line":21,"column":0},"end":{"line":23,"column":1}},"4":{"start":{"line":22,"column":1},"end":{"line":22,"column":32}},"5":{"start":{"line":29,"column":0},"end":{"line":29,"column":44}},"6":{"start":{"line":36,"column":0},"end":{"line":38,"column":2}},"7":{"start":{"line":37,"column":1},"end":{"line":37,"column":36}},"8":{"start":{"line":45,"column":0},"end":{"line":47,"column":2}},"9":{"start":{"line":46,"column":1},"end":{"line":46,"column":36}},"10":{"start":{"line":54,"column":0},"end":{"line":56,"column":2}},"11":{"start":{"line":55,"column":1},"end":{"line":55,"column":36}},"12":{"start":{"line":61,"column":0},"end":{"line":63,"column":2}},"13":{"start":{"line":62,"column":1},"end":{"line":62,"column":36}},"14":{"start":{"line":70,"column":0},"end":{"line":72,"column":2}},"15":{"start":{"line":71,"column":1},"end":{"line":71,"column":36}},"16":{"start":{"line":79,"column":0},"end":{"line":81,"column":2}},"17":{"start":{"line":80,"column":1},"end":{"line":80,"column":36}},"18":{"start":{"line":88,"column":0},"end":{"line":90,"column":2}},"19":{"start":{"line":89,"column":1},"end":{"line":89,"column":36}},"20":{"start":{"line":98,"column":0},"end":{"line":100,"column":2}},"21":{"start":{"line":99,"column":1},"end":{"line":99,"column":36}},"22":{"start":{"line":108,"column":0},"end":{"line":110,"column":2}},"23":{"start":{"line":109,"column":1},"end":{"line":109,"column":36}},"24":{"start":{"line":118,"column":0},"end":{"line":120,"column":2}},"25":{"start":{"line":119,"column":1},"end":{"line":119,"column":36}},"26":{"start":{"line":127,"column":0},"end":{"line":129,"column":2}},"27":{"start":{"line":128,"column":1},"end":{"line":128,"column":36}},"28":{"start":{"line":135,"column":0},"end":{"line":135,"column":26}}},"branchMap":{}},"/Users/gasl/Development/Crafity/modules/crafity-storage/lib/providers/CouchDB.Provider.js":{"path":"/Users/gasl/Development/Crafity/modules/crafity-storage/lib/providers/CouchDB.Provider.js","s":{"1":1,"2":1,"3":1,"4":1,"5":1,"6":31,"7":1,"8":30,"9":1,"10":29,"11":1,"12":28,"13":1,"14":27,"15":1,"16":26,"17":1,"18":26,"19":26,"20":26,"21":26,"22":26,"23":26,"24":26,"25":26,"26":26,"27":1,"28":1,"29":8,"30":8,"31":8,"32":8,"33":8,"34":1,"35":7,"36":7,"37":7,"38":7,"39":0,"40":0,"41":0,"42":0,"43":0,"44":0,"45":0,"46":0,"47":0,"48":0,"49":7,"50":10,"51":7,"52":7,"53":7,"54":1,"55":9,"56":1,"57":8,"58":1,"59":7,"60":7,"61":7,"62":7,"63":7,"64":1,"65":6,"66":6,"67":6,"68":3,"69":0,"70":3,"71":6,"72":0,"73":0,"74":0,"75":6,"76":0,"77":0,"78":0,"79":6,"80":0,"81":6,"82":5,"83":0,"84":5,"85":0,"86":5,"87":0,"88":5,"89":0,"90":5,"91":5,"92":1,"93":1,"94":6,"95":1,"96":1,"97":0,"98":1,"99":0,"100":1,"101":1,"102":1,"103":1,"104":1,"105":0,"106":1,"107":1,"108":1,"109":0,"110":0,"111":0,"112":1,"113":0,"114":1,"115":0,"116":0,"117":0,"118":0,"119":0,"120":0,"121":0,"122":0,"123":0,"124":0,"125":1,"126":2,"127":1,"128":1,"129":1,"130":1,"131":9,"132":1,"133":8,"134":8,"135":8,"136":8,"137":8,"138":1,"139":7,"140":7,"141":7,"142":0,"143":0,"144":0,"145":0,"146":0,"147":0,"148":0,"149":0,"150":0,"151":0,"152":7,"153":0,"154":0,"155":7,"156":7,"157":7,"158":7,"159":7,"160":7,"161":1,"162":9,"163":1,"164":8,"165":1,"166":7,"167":7,"168":7,"169":7,"170":7,"171":1,"172":6,"173":6,"174":6,"175":0,"176":0,"177":0,"178":0,"179":0,"180":0,"181":0,"182":0,"183":0,"184":0,"185":6,"186":6,"187":13,"188":29,"189":29,"190":0,"191":6,"192":6,"193":6,"194":1,"195":6,"196":1,"197":5,"198":1,"199":4,"200":1,"201":3,"202":3,"203":3,"204":3,"205":3,"206":1,"207":2,"208":2,"209":3,"210":1,"211":0,"212":1,"213":0,"214":1,"215":0,"216":1,"217":0,"218":1,"219":0,"220":1,"221":1,"222":2,"223":2,"224":2,"225":1,"226":5,"227":1,"228":4,"229":1,"230":3,"231":1,"232":2,"233":2,"234":2,"235":2,"236":2,"237":1,"238":1,"239":1,"240":2,"241":1,"242":1,"243":0,"244":0,"245":0,"246":0,"247":0,"248":0,"249":0,"250":0,"251":0,"252":0,"253":1,"254":1,"255":1,"256":1,"257":2,"258":2,"259":2,"260":2,"261":1,"262":1,"263":1,"264":1,"265":1,"266":1,"267":1,"268":2,"269":2,"270":2,"271":2,"272":1,"273":1,"274":1,"275":1,"276":1,"277":1,"278":1,"279":3,"280":1,"281":12,"282":12,"283":12,"284":12,"285":12,"286":0,"287":12,"288":12,"289":12,"290":0,"291":0,"292":0,"293":0,"294":0,"295":0,"296":0,"297":0,"298":12,"299":12,"300":12,"301":1,"302":23,"303":23,"304":23,"305":23,"306":23,"307":0,"308":23,"309":23,"310":23,"311":11,"312":0,"313":11,"314":0,"315":11,"316":0,"317":11,"318":0,"319":23,"320":23,"321":23,"322":1,"323":10,"324":10,"325":10,"326":10,"327":10,"328":0,"329":10,"330":10,"331":10,"332":10,"333":10,"334":0,"335":0,"336":0,"337":0,"338":10,"339":10,"340":0,"341":10,"342":10,"343":10,"344":1},"b":{"1":[1,30],"2":[1,29],"3":[1,28],"4":[1,27],"5":[1,26],"6":[1,25],"7":[26,0],"8":[26,26],"9":[8,0],"10":[1,7],"11":[0,7],"12":[0,0],"13":[0,0],"14":[0,0],"15":[0,0],"16":[0,0],"17":[0,0],"18":[1,8],"19":[1,7],"20":[8,5],"21":[7,0],"22":[1,6],"23":[3,3],"24":[6,4],"25":[0,3],"26":[0,6],"27":[6,1],"28":[0,0],"29":[0,6],"30":[6,1],"31":[0,0],"32":[0,6],"33":[6,1],"34":[5,1],"35":[0,5],"36":[5,0],"37":[0,5],"38":[0,5],"39":[0,5],"40":[5,0],"41":[0,1],"42":[0,1],"43":[1,1],"44":[1,0],"45":[0,1],"46":[0,1],"47":[1,1,1,0],"48":[0,0],"49":[0,1],"50":[1,1,1],"51":[0,1],"52":[0,0],"53":[0,0],"54":[0,0],"55":[0,0],"56":[0,0],"57":[0,0],"58":[1,8],"59":[8,0],"60":[1,7],"61":[0,7],"62":[0,0],"63":[0,0],"64":[0,0],"65":[0,0],"66":[0,0],"67":[0,0],"68":[0,7],"69":[1,8],"70":[1,7],"71":[7,0],"72":[1,6],"73":[0,6],"74":[0,0],"75":[0,0],"76":[0,0],"77":[0,0],"78":[0,0],"79":[0,0],"80":[0,0],"81":[29,0],"82":[29,0],"83":[1,5],"84":[1,4],"85":[1,3],"86":[3,0],"87":[1,2],"88":[1,2],"89":[0,1],"90":[1,0],"91":[0,1],"92":[0,1],"93":[0,1],"94":[1,0],"95":[0,1],"96":[1,4],"97":[1,3],"98":[1,2],"99":[2,0],"100":[1,1],"101":[0,1],"102":[0,0],"103":[0,0],"104":[0,0],"105":[0,0],"106":[0,0],"107":[0,0],"108":[0,0],"109":[2,0],"110":[1,1],"111":[2,0],"112":[1,1],"113":[12,0],"114":[0,12],"115":[0,12],"116":[0,0],"117":[0,0],"118":[0,0],"119":[0,0],"120":[0,0],"121":[0,0],"122":[23,0],"123":[0,23],"124":[11,12],"125":[0,11],"126":[11,0],"127":[0,11],"128":[11,0],"129":[0,11],"130":[0,11],"131":[11,0],"132":[10,0],"133":[0,10],"134":[10,0],"135":[10,0],"136":[0,0],"137":[0,0],"138":[0,10],"139":[10,0,0]},"f":{"1":31,"2":8,"3":7,"4":10,"5":9,"6":6,"7":1,"8":1,"9":2,"10":9,"11":7,"12":9,"13":6,"14":13,"15":29,"16":6,"17":3,"18":5,"19":2,"20":1,"21":2,"22":1,"23":2,"24":1,"25":3,"26":12,"27":12,"28":23,"29":23,"30":10,"31":10,"32":10},"fnMap":{"1":{"name":"CouchDB","line":23,"loc":{"start":{"line":23,"column":0},"end":{"line":23,"column":31}}},"2":{"name":"(anonymous_2)","line":67,"loc":{"start":{"line":67,"column":28},"end":{"line":67,"column":48}}},"3":{"name":"(anonymous_3)","line":79,"loc":{"start":{"line":79,"column":46},"end":{"line":79,"column":67}}},"4":{"name":"(anonymous_4)","line":98,"loc":{"start":{"line":98,"column":23},"end":{"line":98,"column":41}}},"5":{"name":"(anonymous_5)","line":114,"loc":{"start":{"line":114,"column":30},"end":{"line":114,"column":60}}},"6":{"name":"(anonymous_6)","line":129,"loc":{"start":{"line":129,"column":60},"end":{"line":129,"column":81}}},"7":{"name":"(anonymous_7)","line":188,"loc":{"start":{"line":188,"column":34},"end":{"line":188,"column":64}}},"8":{"name":"(anonymous_8)","line":203,"loc":{"start":{"line":203,"column":83},"end":{"line":203,"column":104}}},"9":{"name":"(anonymous_9)","line":232,"loc":{"start":{"line":232,"column":27},"end":{"line":232,"column":42}}},"10":{"name":"(anonymous_10)","line":248,"loc":{"start":{"line":248,"column":25},"end":{"line":248,"column":51}}},"11":{"name":"(anonymous_11)","line":261,"loc":{"start":{"line":261,"column":40},"end":{"line":261,"column":61}}},"12":{"name":"(anonymous_12)","line":298,"loc":{"start":{"line":298,"column":29},"end":{"line":298,"column":55}}},"13":{"name":"(anonymous_13)","line":313,"loc":{"start":{"line":313,"column":38},"end":{"line":313,"column":70}}},"14":{"name":"(anonymous_14)","line":331,"loc":{"start":{"line":331,"column":26},"end":{"line":331,"column":49}}},"15":{"name":"(anonymous_15)","line":332,"loc":{"start":{"line":332,"column":17},"end":{"line":332,"column":41}}},"16":{"name":"(anonymous_16)","line":350,"loc":{"start":{"line":350,"column":27},"end":{"line":350,"column":53}}},"17":{"name":"(anonymous_17)","line":365,"loc":{"start":{"line":365,"column":46},"end":{"line":365,"column":61}}},"18":{"name":"(anonymous_18)","line":393,"loc":{"start":{"line":393,"column":30},"end":{"line":393,"column":56}}},"19":{"name":"(anonymous_19)","line":411,"loc":{"start":{"line":411,"column":26},"end":{"line":411,"column":42}}},"20":{"name":"(anonymous_20)","line":415,"loc":{"start":{"line":415,"column":43},"end":{"line":415,"column":76}}},"21":{"name":"(anonymous_21)","line":444,"loc":{"start":{"line":444,"column":28},"end":{"line":444,"column":48}}},"22":{"name":"(anonymous_22)","line":455,"loc":{"start":{"line":455,"column":18},"end":{"line":455,"column":30}}},"23":{"name":"(anonymous_23)","line":468,"loc":{"start":{"line":468,"column":31},"end":{"line":468,"column":51}}},"24":{"name":"(anonymous_24)","line":479,"loc":{"start":{"line":479,"column":18},"end":{"line":479,"column":30}}},"25":{"name":"(anonymous_25)","line":491,"loc":{"start":{"line":491,"column":32},"end":{"line":491,"column":44}}},"26":{"name":"(anonymous_26)","line":500,"loc":{"start":{"line":500,"column":27},"end":{"line":500,"column":47}}},"27":{"name":"(anonymous_27)","line":512,"loc":{"start":{"line":512,"column":48},"end":{"line":512,"column":63}}},"28":{"name":"(anonymous_28)","line":539,"loc":{"start":{"line":539,"column":25},"end":{"line":539,"column":45}}},"29":{"name":"(anonymous_29)","line":551,"loc":{"start":{"line":551,"column":49},"end":{"line":551,"column":64}}},"30":{"name":"(anonymous_30)","line":578,"loc":{"start":{"line":578,"column":29},"end":{"line":578,"column":49}}},"31":{"name":"(anonymous_31)","line":590,"loc":{"start":{"line":590,"column":11},"end":{"line":590,"column":26}}},"32":{"name":"(anonymous_32)","line":602,"loc":{"start":{"line":602,"column":21},"end":{"line":602,"column":36}}}},"statementMap":{"1":{"start":{"line":2,"column":0},"end":{"line":2,"column":13}},"2":{"start":{"line":15,"column":0},"end":{"line":15,"column":37}},"3":{"start":{"line":16,"column":0},"end":{"line":16,"column":50}},"4":{"start":{"line":17,"column":0},"end":{"line":17,"column":28}},"5":{"start":{"line":23,"column":0},"end":{"line":54,"column":1}},"6":{"start":{"line":24,"column":1},"end":{"line":26,"column":2}},"7":{"start":{"line":25,"column":2},"end":{"line":25,"column":54}},"8":{"start":{"line":28,"column":1},"end":{"line":30,"column":2}},"9":{"start":{"line":29,"column":2},"end":{"line":29,"column":65}},"10":{"start":{"line":31,"column":1},"end":{"line":33,"column":2}},"11":{"start":{"line":32,"column":2},"end":{"line":32,"column":75}},"12":{"start":{"line":34,"column":1},"end":{"line":36,"column":2}},"13":{"start":{"line":35,"column":2},"end":{"line":35,"column":82}},"14":{"start":{"line":37,"column":1},"end":{"line":39,"column":2}},"15":{"start":{"line":38,"column":2},"end":{"line":38,"column":71}},"16":{"start":{"line":40,"column":1},"end":{"line":42,"column":2}},"17":{"start":{"line":41,"column":2},"end":{"line":41,"column":20}},"18":{"start":{"line":44,"column":1},"end":{"line":44,"column":23}},"19":{"start":{"line":45,"column":1},"end":{"line":45,"column":33}},"20":{"start":{"line":46,"column":1},"end":{"line":46,"column":29}},"21":{"start":{"line":47,"column":1},"end":{"line":47,"column":25}},"22":{"start":{"line":48,"column":1},"end":{"line":48,"column":25}},"23":{"start":{"line":49,"column":1},"end":{"line":49,"column":32}},"24":{"start":{"line":50,"column":1},"end":{"line":50,"column":22}},"25":{"start":{"line":52,"column":1},"end":{"line":52,"column":29}},"26":{"start":{"line":53,"column":1},"end":{"line":53,"column":82}},"27":{"start":{"line":60,"column":0},"end":{"line":60,"column":35}},"28":{"start":{"line":67,"column":0},"end":{"line":106,"column":2}},"29":{"start":{"line":68,"column":1},"end":{"line":68,"column":17}},"30":{"start":{"line":69,"column":1},"end":{"line":69,"column":34}},"31":{"start":{"line":70,"column":1},"end":{"line":70,"column":31}},"32":{"start":{"line":72,"column":1},"end":{"line":77,"column":2}},"33":{"start":{"line":73,"column":2},"end":{"line":75,"column":3}},"34":{"start":{"line":74,"column":3},"end":{"line":74,"column":67}},"35":{"start":{"line":76,"column":2},"end":{"line":76,"column":36}},"36":{"start":{"line":79,"column":1},"end":{"line":103,"column":4}},"37":{"start":{"line":80,"column":2},"end":{"line":80,"column":11}},"38":{"start":{"line":82,"column":2},"end":{"line":97,"column":3}},"39":{"start":{"line":83,"column":3},"end":{"line":85,"column":4}},"40":{"start":{"line":84,"column":4},"end":{"line":84,"column":60}},"41":{"start":{"line":86,"column":3},"end":{"line":88,"column":4}},"42":{"start":{"line":87,"column":4},"end":{"line":87,"column":67}},"43":{"start":{"line":89,"column":3},"end":{"line":91,"column":4}},"44":{"start":{"line":90,"column":4},"end":{"line":90,"column":54}},"45":{"start":{"line":92,"column":3},"end":{"line":94,"column":4}},"46":{"start":{"line":93,"column":4},"end":{"line":93,"column":83}},"47":{"start":{"line":95,"column":3},"end":{"line":95,"column":32}},"48":{"start":{"line":96,"column":3},"end":{"line":96,"column":36}},"49":{"start":{"line":98,"column":2},"end":{"line":100,"column":5}},"50":{"start":{"line":99,"column":3},"end":{"line":99,"column":21}},"51":{"start":{"line":101,"column":2},"end":{"line":101,"column":47}},"52":{"start":{"line":102,"column":2},"end":{"line":102,"column":51}},"53":{"start":{"line":105,"column":1},"end":{"line":105,"column":16}},"54":{"start":{"line":114,"column":0},"end":{"line":180,"column":2}},"55":{"start":{"line":115,"column":1},"end":{"line":115,"column":61}},"56":{"start":{"line":115,"column":13},"end":{"line":115,"column":59}},"57":{"start":{"line":116,"column":1},"end":{"line":116,"column":122}},"58":{"start":{"line":116,"column":59},"end":{"line":116,"column":120}},"59":{"start":{"line":118,"column":1},"end":{"line":118,"column":17}},"60":{"start":{"line":119,"column":1},"end":{"line":119,"column":34}},"61":{"start":{"line":120,"column":1},"end":{"line":120,"column":31}},"62":{"start":{"line":122,"column":1},"end":{"line":127,"column":2}},"63":{"start":{"line":123,"column":2},"end":{"line":125,"column":3}},"64":{"start":{"line":124,"column":3},"end":{"line":124,"column":67}},"65":{"start":{"line":126,"column":2},"end":{"line":126,"column":38}},"66":{"start":{"line":129,"column":1},"end":{"line":177,"column":4}},"67":{"start":{"line":130,"column":2},"end":{"line":136,"column":3}},"68":{"start":{"line":131,"column":3},"end":{"line":135,"column":4}},"69":{"start":{"line":132,"column":4},"end":{"line":132,"column":88}},"70":{"start":{"line":134,"column":4},"end":{"line":134,"column":66}},"71":{"start":{"line":138,"column":2},"end":{"line":144,"column":3}},"72":{"start":{"line":139,"column":3},"end":{"line":143,"column":4}},"73":{"start":{"line":140,"column":4},"end":{"line":140,"column":89}},"74":{"start":{"line":142,"column":4},"end":{"line":142,"column":67}},"75":{"start":{"line":146,"column":2},"end":{"line":152,"column":3}},"76":{"start":{"line":147,"column":3},"end":{"line":151,"column":4}},"77":{"start":{"line":148,"column":4},"end":{"line":148,"column":88}},"78":{"start":{"line":150,"column":4},"end":{"line":150,"column":66}},"79":{"start":{"line":154,"column":2},"end":{"line":156,"column":3}},"80":{"start":{"line":155,"column":3},"end":{"line":155,"column":39}},"81":{"start":{"line":158,"column":2},"end":{"line":173,"column":3}},"82":{"start":{"line":159,"column":3},"end":{"line":161,"column":4}},"83":{"start":{"line":160,"column":4},"end":{"line":160,"column":60}},"84":{"start":{"line":162,"column":3},"end":{"line":164,"column":4}},"85":{"start":{"line":163,"column":4},"end":{"line":163,"column":54}},"86":{"start":{"line":165,"column":3},"end":{"line":167,"column":4}},"87":{"start":{"line":166,"column":4},"end":{"line":166,"column":67}},"88":{"start":{"line":168,"column":3},"end":{"line":170,"column":4}},"89":{"start":{"line":169,"column":4},"end":{"line":169,"column":83}},"90":{"start":{"line":171,"column":3},"end":{"line":171,"column":34}},"91":{"start":{"line":172,"column":3},"end":{"line":172,"column":38}},"92":{"start":{"line":175,"column":2},"end":{"line":175,"column":80}},"93":{"start":{"line":176,"column":2},"end":{"line":176,"column":84}},"94":{"start":{"line":179,"column":1},"end":{"line":179,"column":16}},"95":{"start":{"line":188,"column":0},"end":{"line":240,"column":2}},"96":{"start":{"line":189,"column":1},"end":{"line":189,"column":61}},"97":{"start":{"line":189,"column":13},"end":{"line":189,"column":59}},"98":{"start":{"line":190,"column":1},"end":{"line":190,"column":122}},"99":{"start":{"line":190,"column":59},"end":{"line":190,"column":120}},"100":{"start":{"line":192,"column":1},"end":{"line":192,"column":17}},"101":{"start":{"line":193,"column":1},"end":{"line":193,"column":34}},"102":{"start":{"line":194,"column":1},"end":{"line":194,"column":31}},"103":{"start":{"line":196,"column":1},"end":{"line":201,"column":2}},"104":{"start":{"line":197,"column":2},"end":{"line":199,"column":3}},"105":{"start":{"line":198,"column":3},"end":{"line":198,"column":67}},"106":{"start":{"line":200,"column":2},"end":{"line":200,"column":38}},"107":{"start":{"line":203,"column":1},"end":{"line":237,"column":4}},"108":{"start":{"line":205,"column":2},"end":{"line":211,"column":3}},"109":{"start":{"line":206,"column":3},"end":{"line":210,"column":4}},"110":{"start":{"line":207,"column":4},"end":{"line":207,"column":131}},"111":{"start":{"line":209,"column":4},"end":{"line":209,"column":109}},"112":{"start":{"line":212,"column":2},"end":{"line":214,"column":3}},"113":{"start":{"line":213,"column":3},"end":{"line":213,"column":18}},"114":{"start":{"line":216,"column":2},"end":{"line":231,"column":3}},"115":{"start":{"line":217,"column":3},"end":{"line":219,"column":4}},"116":{"start":{"line":218,"column":4},"end":{"line":218,"column":60}},"117":{"start":{"line":220,"column":3},"end":{"line":222,"column":4}},"118":{"start":{"line":221,"column":4},"end":{"line":221,"column":67}},"119":{"start":{"line":223,"column":3},"end":{"line":225,"column":4}},"120":{"start":{"line":224,"column":4},"end":{"line":224,"column":54}},"121":{"start":{"line":226,"column":3},"end":{"line":228,"column":4}},"122":{"start":{"line":227,"column":4},"end":{"line":227,"column":83}},"123":{"start":{"line":229,"column":3},"end":{"line":229,"column":34}},"124":{"start":{"line":230,"column":3},"end":{"line":230,"column":38}},"125":{"start":{"line":232,"column":2},"end":{"line":234,"column":5}},"126":{"start":{"line":233,"column":3},"end":{"line":233,"column":18}},"127":{"start":{"line":235,"column":2},"end":{"line":235,"column":77}},"128":{"start":{"line":236,"column":2},"end":{"line":236,"column":81}},"129":{"start":{"line":239,"column":1},"end":{"line":239,"column":16}},"130":{"start":{"line":248,"column":0},"end":{"line":290,"column":2}},"131":{"start":{"line":249,"column":1},"end":{"line":249,"column":63}},"132":{"start":{"line":249,"column":14},"end":{"line":249,"column":61}},"133":{"start":{"line":251,"column":1},"end":{"line":251,"column":17}},"134":{"start":{"line":252,"column":1},"end":{"line":252,"column":34}},"135":{"start":{"line":253,"column":1},"end":{"line":253,"column":31}},"136":{"start":{"line":255,"column":1},"end":{"line":260,"column":2}},"137":{"start":{"line":256,"column":2},"end":{"line":258,"column":3}},"138":{"start":{"line":257,"column":3},"end":{"line":257,"column":67}},"139":{"start":{"line":259,"column":2},"end":{"line":259,"column":33}},"140":{"start":{"line":261,"column":1},"end":{"line":287,"column":4}},"141":{"start":{"line":262,"column":2},"end":{"line":277,"column":3}},"142":{"start":{"line":263,"column":3},"end":{"line":265,"column":4}},"143":{"start":{"line":264,"column":4},"end":{"line":264,"column":60}},"144":{"start":{"line":266,"column":3},"end":{"line":268,"column":4}},"145":{"start":{"line":267,"column":4},"end":{"line":267,"column":67}},"146":{"start":{"line":269,"column":3},"end":{"line":271,"column":4}},"147":{"start":{"line":270,"column":4},"end":{"line":270,"column":54}},"148":{"start":{"line":272,"column":3},"end":{"line":274,"column":4}},"149":{"start":{"line":273,"column":4},"end":{"line":273,"column":83}},"150":{"start":{"line":275,"column":3},"end":{"line":275,"column":29}},"151":{"start":{"line":276,"column":3},"end":{"line":276,"column":33}},"152":{"start":{"line":278,"column":2},"end":{"line":281,"column":3}},"153":{"start":{"line":279,"column":3},"end":{"line":279,"column":61}},"154":{"start":{"line":280,"column":3},"end":{"line":280,"column":65}},"155":{"start":{"line":282,"column":2},"end":{"line":282,"column":47}},"156":{"start":{"line":283,"column":2},"end":{"line":283,"column":22}},"157":{"start":{"line":284,"column":2},"end":{"line":284,"column":24}},"158":{"start":{"line":285,"column":2},"end":{"line":285,"column":36}},"159":{"start":{"line":286,"column":2},"end":{"line":286,"column":40}},"160":{"start":{"line":289,"column":1},"end":{"line":289,"column":16}},"161":{"start":{"line":298,"column":0},"end":{"line":342,"column":2}},"162":{"start":{"line":299,"column":1},"end":{"line":299,"column":63}},"163":{"start":{"line":299,"column":14},"end":{"line":299,"column":61}},"164":{"start":{"line":300,"column":1},"end":{"line":300,"column":87}},"165":{"start":{"line":300,"column":33},"end":{"line":300,"column":85}},"166":{"start":{"line":302,"column":1},"end":{"line":302,"column":17}},"167":{"start":{"line":303,"column":1},"end":{"line":303,"column":34}},"168":{"start":{"line":304,"column":1},"end":{"line":304,"column":31}},"169":{"start":{"line":306,"column":1},"end":{"line":311,"column":2}},"170":{"start":{"line":307,"column":2},"end":{"line":309,"column":3}},"171":{"start":{"line":308,"column":3},"end":{"line":308,"column":67}},"172":{"start":{"line":310,"column":2},"end":{"line":310,"column":37}},"173":{"start":{"line":313,"column":1},"end":{"line":339,"column":4}},"174":{"start":{"line":314,"column":2},"end":{"line":329,"column":3}},"175":{"start":{"line":315,"column":3},"end":{"line":317,"column":4}},"176":{"start":{"line":316,"column":4},"end":{"line":316,"column":60}},"177":{"start":{"line":318,"column":3},"end":{"line":320,"column":4}},"178":{"start":{"line":319,"column":4},"end":{"line":319,"column":42}},"179":{"start":{"line":321,"column":3},"end":{"line":323,"column":4}},"180":{"start":{"line":322,"column":4},"end":{"line":322,"column":54}},"181":{"start":{"line":324,"column":3},"end":{"line":326,"column":4}},"182":{"start":{"line":325,"column":4},"end":{"line":325,"column":83}},"183":{"start":{"line":327,"column":3},"end":{"line":327,"column":33}},"184":{"start":{"line":328,"column":3},"end":{"line":328,"column":37}},"185":{"start":{"line":330,"column":2},"end":{"line":330,"column":47}},"186":{"start":{"line":331,"column":2},"end":{"line":336,"column":5}},"187":{"start":{"line":332,"column":3},"end":{"line":335,"column":6}},"188":{"start":{"line":333,"column":4},"end":{"line":333,"column":75}},"189":{"start":{"line":333,"column":66},"end":{"line":333,"column":73}},"190":{"start":{"line":334,"column":4},"end":{"line":334,"column":40}},"191":{"start":{"line":337,"column":2},"end":{"line":337,"column":40}},"192":{"start":{"line":338,"column":2},"end":{"line":338,"column":44}},"193":{"start":{"line":341,"column":1},"end":{"line":341,"column":16}},"194":{"start":{"line":350,"column":0},"end":{"line":391,"column":2}},"195":{"start":{"line":351,"column":1},"end":{"line":351,"column":63}},"196":{"start":{"line":351,"column":14},"end":{"line":351,"column":61}},"197":{"start":{"line":352,"column":1},"end":{"line":352,"column":83}},"198":{"start":{"line":352,"column":18},"end":{"line":352,"column":81}},"199":{"start":{"line":353,"column":1},"end":{"line":353,"column":85}},"200":{"start":{"line":353,"column":19},"end":{"line":353,"column":83}},"201":{"start":{"line":355,"column":1},"end":{"line":355,"column":17}},"202":{"start":{"line":356,"column":1},"end":{"line":356,"column":34}},"203":{"start":{"line":357,"column":1},"end":{"line":357,"column":31}},"204":{"start":{"line":359,"column":1},"end":{"line":364,"column":2}},"205":{"start":{"line":360,"column":2},"end":{"line":362,"column":3}},"206":{"start":{"line":361,"column":3},"end":{"line":361,"column":67}},"207":{"start":{"line":363,"column":2},"end":{"line":363,"column":35}},"208":{"start":{"line":365,"column":1},"end":{"line":387,"column":4}},"209":{"start":{"line":366,"column":2},"end":{"line":384,"column":3}},"210":{"start":{"line":367,"column":3},"end":{"line":369,"column":4}},"211":{"start":{"line":368,"column":4},"end":{"line":368,"column":60}},"212":{"start":{"line":370,"column":3},"end":{"line":372,"column":4}},"213":{"start":{"line":371,"column":4},"end":{"line":371,"column":67}},"214":{"start":{"line":373,"column":3},"end":{"line":375,"column":4}},"215":{"start":{"line":374,"column":4},"end":{"line":374,"column":54}},"216":{"start":{"line":376,"column":3},"end":{"line":378,"column":4}},"217":{"start":{"line":377,"column":4},"end":{"line":377,"column":83}},"218":{"start":{"line":379,"column":3},"end":{"line":381,"column":4}},"219":{"start":{"line":380,"column":4},"end":{"line":380,"column":98}},"220":{"start":{"line":382,"column":3},"end":{"line":382,"column":31}},"221":{"start":{"line":383,"column":3},"end":{"line":383,"column":35}},"222":{"start":{"line":385,"column":2},"end":{"line":385,"column":31}},"223":{"start":{"line":386,"column":2},"end":{"line":386,"column":35}},"224":{"start":{"line":389,"column":1},"end":{"line":389,"column":16}},"225":{"start":{"line":393,"column":0},"end":{"line":437,"column":2}},"226":{"start":{"line":394,"column":1},"end":{"line":394,"column":63}},"227":{"start":{"line":394,"column":14},"end":{"line":394,"column":61}},"228":{"start":{"line":395,"column":1},"end":{"line":395,"column":87}},"229":{"start":{"line":395,"column":33},"end":{"line":395,"column":85}},"230":{"start":{"line":396,"column":1},"end":{"line":396,"column":89}},"231":{"start":{"line":396,"column":21},"end":{"line":396,"column":87}},"232":{"start":{"line":400,"column":1},"end":{"line":400,"column":17}},"233":{"start":{"line":401,"column":1},"end":{"line":401,"column":34}},"234":{"start":{"line":402,"column":1},"end":{"line":402,"column":31}},"235":{"start":{"line":404,"column":1},"end":{"line":409,"column":2}},"236":{"start":{"line":405,"column":2},"end":{"line":407,"column":3}},"237":{"start":{"line":406,"column":3},"end":{"line":406,"column":67}},"238":{"start":{"line":408,"column":2},"end":{"line":408,"column":38}},"239":{"start":{"line":411,"column":1},"end":{"line":413,"column":4}},"240":{"start":{"line":412,"column":2},"end":{"line":412,"column":60}},"241":{"start":{"line":415,"column":1},"end":{"line":434,"column":4}},"242":{"start":{"line":416,"column":2},"end":{"line":431,"column":3}},"243":{"start":{"line":417,"column":3},"end":{"line":419,"column":4}},"244":{"start":{"line":418,"column":4},"end":{"line":418,"column":60}},"245":{"start":{"line":420,"column":3},"end":{"line":422,"column":4}},"246":{"start":{"line":421,"column":4},"end":{"line":421,"column":42}},"247":{"start":{"line":423,"column":3},"end":{"line":425,"column":4}},"248":{"start":{"line":424,"column":4},"end":{"line":424,"column":54}},"249":{"start":{"line":426,"column":3},"end":{"line":428,"column":4}},"250":{"start":{"line":427,"column":4},"end":{"line":427,"column":83}},"251":{"start":{"line":429,"column":3},"end":{"line":429,"column":34}},"252":{"start":{"line":430,"column":3},"end":{"line":430,"column":38}},"253":{"start":{"line":432,"column":2},"end":{"line":432,"column":52}},"254":{"start":{"line":433,"column":2},"end":{"line":433,"column":56}},"255":{"start":{"line":436,"column":1},"end":{"line":436,"column":16}},"256":{"start":{"line":444,"column":0},"end":{"line":461,"column":2}},"257":{"start":{"line":445,"column":1},"end":{"line":445,"column":17}},"258":{"start":{"line":446,"column":1},"end":{"line":446,"column":34}},"259":{"start":{"line":448,"column":1},"end":{"line":453,"column":2}},"260":{"start":{"line":449,"column":2},"end":{"line":451,"column":3}},"261":{"start":{"line":450,"column":3},"end":{"line":450,"column":67}},"262":{"start":{"line":452,"column":2},"end":{"line":452,"column":36}},"263":{"start":{"line":455,"column":1},"end":{"line":458,"column":4}},"264":{"start":{"line":456,"column":2},"end":{"line":456,"column":38}},"265":{"start":{"line":457,"column":2},"end":{"line":457,"column":42}},"266":{"start":{"line":460,"column":1},"end":{"line":460,"column":17}},"267":{"start":{"line":468,"column":0},"end":{"line":485,"column":2}},"268":{"start":{"line":469,"column":1},"end":{"line":469,"column":17}},"269":{"start":{"line":470,"column":1},"end":{"line":470,"column":34}},"270":{"start":{"line":472,"column":1},"end":{"line":477,"column":2}},"271":{"start":{"line":473,"column":2},"end":{"line":475,"column":3}},"272":{"start":{"line":474,"column":3},"end":{"line":474,"column":67}},"273":{"start":{"line":476,"column":2},"end":{"line":476,"column":39}},"274":{"start":{"line":479,"column":1},"end":{"line":482,"column":4}},"275":{"start":{"line":480,"column":2},"end":{"line":480,"column":41}},"276":{"start":{"line":481,"column":2},"end":{"line":481,"column":45}},"277":{"start":{"line":484,"column":1},"end":{"line":484,"column":17}},"278":{"start":{"line":491,"column":0},"end":{"line":493,"column":2}},"279":{"start":{"line":492,"column":1},"end":{"line":492,"column":13}},"280":{"start":{"line":500,"column":0},"end":{"line":532,"column":2}},"281":{"start":{"line":501,"column":1},"end":{"line":501,"column":17}},"282":{"start":{"line":502,"column":1},"end":{"line":502,"column":34}},"283":{"start":{"line":503,"column":1},"end":{"line":503,"column":31}},"284":{"start":{"line":505,"column":1},"end":{"line":510,"column":2}},"285":{"start":{"line":506,"column":2},"end":{"line":508,"column":3}},"286":{"start":{"line":507,"column":3},"end":{"line":507,"column":67}},"287":{"start":{"line":509,"column":2},"end":{"line":509,"column":35}},"288":{"start":{"line":512,"column":1},"end":{"line":529,"column":4}},"289":{"start":{"line":513,"column":2},"end":{"line":526,"column":3}},"290":{"start":{"line":514,"column":3},"end":{"line":516,"column":4}},"291":{"start":{"line":515,"column":4},"end":{"line":515,"column":60}},"292":{"start":{"line":517,"column":3},"end":{"line":519,"column":4}},"293":{"start":{"line":518,"column":4},"end":{"line":518,"column":67}},"294":{"start":{"line":520,"column":3},"end":{"line":522,"column":4}},"295":{"start":{"line":521,"column":4},"end":{"line":521,"column":54}},"296":{"start":{"line":523,"column":3},"end":{"line":525,"column":4}},"297":{"start":{"line":524,"column":4},"end":{"line":524,"column":83}},"298":{"start":{"line":527,"column":2},"end":{"line":527,"column":30}},"299":{"start":{"line":528,"column":2},"end":{"line":528,"column":34}},"300":{"start":{"line":531,"column":1},"end":{"line":531,"column":16}},"301":{"start":{"line":539,"column":0},"end":{"line":571,"column":2}},"302":{"start":{"line":540,"column":1},"end":{"line":540,"column":17}},"303":{"start":{"line":541,"column":1},"end":{"line":541,"column":34}},"304":{"start":{"line":542,"column":1},"end":{"line":542,"column":31}},"305":{"start":{"line":544,"column":1},"end":{"line":549,"column":2}},"306":{"start":{"line":545,"column":2},"end":{"line":547,"column":3}},"307":{"start":{"line":546,"column":3},"end":{"line":546,"column":67}},"308":{"start":{"line":548,"column":2},"end":{"line":548,"column":33}},"309":{"start":{"line":551,"column":1},"end":{"line":568,"column":4}},"310":{"start":{"line":552,"column":2},"end":{"line":565,"column":3}},"311":{"start":{"line":553,"column":3},"end":{"line":555,"column":4}},"312":{"start":{"line":554,"column":4},"end":{"line":554,"column":67}},"313":{"start":{"line":556,"column":3},"end":{"line":558,"column":4}},"314":{"start":{"line":557,"column":4},"end":{"line":557,"column":60}},"315":{"start":{"line":559,"column":3},"end":{"line":561,"column":4}},"316":{"start":{"line":560,"column":4},"end":{"line":560,"column":54}},"317":{"start":{"line":562,"column":3},"end":{"line":564,"column":4}},"318":{"start":{"line":563,"column":4},"end":{"line":563,"column":83}},"319":{"start":{"line":566,"column":2},"end":{"line":566,"column":28}},"320":{"start":{"line":567,"column":2},"end":{"line":567,"column":32}},"321":{"start":{"line":570,"column":1},"end":{"line":570,"column":16}},"322":{"start":{"line":578,"column":0},"end":{"line":612,"column":2}},"323":{"start":{"line":579,"column":1},"end":{"line":579,"column":17}},"324":{"start":{"line":580,"column":1},"end":{"line":580,"column":34}},"325":{"start":{"line":581,"column":1},"end":{"line":581,"column":31}},"326":{"start":{"line":583,"column":1},"end":{"line":588,"column":2}},"327":{"start":{"line":584,"column":2},"end":{"line":586,"column":3}},"328":{"start":{"line":585,"column":3},"end":{"line":585,"column":67}},"329":{"start":{"line":587,"column":2},"end":{"line":587,"column":37}},"330":{"start":{"line":590,"column":1},"end":{"line":609,"column":4}},"331":{"start":{"line":591,"column":2},"end":{"line":601,"column":3}},"332":{"start":{"line":592,"column":3},"end":{"line":600,"column":4}},"333":{"start":{"line":593,"column":4},"end":{"line":593,"column":15}},"334":{"start":{"line":595,"column":4},"end":{"line":597,"column":5}},"335":{"start":{"line":596,"column":5},"end":{"line":596,"column":84}},"336":{"start":{"line":598,"column":4},"end":{"line":598,"column":34}},"337":{"start":{"line":599,"column":4},"end":{"line":599,"column":38}},"338":{"start":{"line":602,"column":2},"end":{"line":608,"column":5}},"339":{"start":{"line":603,"column":3},"end":{"line":605,"column":4}},"340":{"start":{"line":604,"column":4},"end":{"line":604,"column":83}},"341":{"start":{"line":606,"column":3},"end":{"line":606,"column":33}},"342":{"start":{"line":607,"column":3},"end":{"line":607,"column":37}},"343":{"start":{"line":611,"column":1},"end":{"line":611,"column":16}},"344":{"start":{"line":618,"column":0},"end":{"line":618,"column":25}}},"branchMap":{"1":{"line":24,"type":"if","locations":[{"start":{"line":24,"column":1},"end":{"line":24,"column":1}},{"start":{"line":24,"column":1},"end":{"line":24,"column":1}}]},"2":{"line":28,"type":"if","locations":[{"start":{"line":28,"column":1},"end":{"line":28,"column":1}},{"start":{"line":28,"column":1},"end":{"line":28,"column":1}}]},"3":{"line":31,"type":"if","locations":[{"start":{"line":31,"column":1},"end":{"line":31,"column":1}},{"start":{"line":31,"column":1},"end":{"line":31,"column":1}}]},"4":{"line":34,"type":"if","locations":[{"start":{"line":34,"column":1},"end":{"line":34,"column":1}},{"start":{"line":34,"column":1},"end":{"line":34,"column":1}}]},"5":{"line":37,"type":"if","locations":[{"start":{"line":37,"column":1},"end":{"line":37,"column":1}},{"start":{"line":37,"column":1},"end":{"line":37,"column":1}}]},"6":{"line":40,"type":"if","locations":[{"start":{"line":40,"column":1},"end":{"line":40,"column":1}},{"start":{"line":40,"column":1},"end":{"line":40,"column":1}}]},"7":{"line":52,"type":"binary-expr","locations":[{"start":{"line":52,"column":15},"end":{"line":52,"column":19}},{"start":{"line":52,"column":23},"end":{"line":52,"column":28}}]},"8":{"line":53,"type":"binary-expr","locations":[{"start":{"line":53,"column":19},"end":{"line":53,"column":34}},{"start":{"line":53,"column":38},"end":{"line":53,"column":81}}]},"9":{"line":72,"type":"if","locations":[{"start":{"line":72,"column":1},"end":{"line":72,"column":1}},{"start":{"line":72,"column":1},"end":{"line":72,"column":1}}]},"10":{"line":73,"type":"if","locations":[{"start":{"line":73,"column":2},"end":{"line":73,"column":2}},{"start":{"line":73,"column":2},"end":{"line":73,"column":2}}]},"11":{"line":82,"type":"if","locations":[{"start":{"line":82,"column":2},"end":{"line":82,"column":2}},{"start":{"line":82,"column":2},"end":{"line":82,"column":2}}]},"12":{"line":83,"type":"if","locations":[{"start":{"line":83,"column":3},"end":{"line":83,"column":3}},{"start":{"line":83,"column":3},"end":{"line":83,"column":3}}]},"13":{"line":83,"type":"binary-expr","locations":[{"start":{"line":83,"column":7},"end":{"line":83,"column":36}},{"start":{"line":83,"column":40},"end":{"line":83,"column":83}}]},"14":{"line":86,"type":"if","locations":[{"start":{"line":86,"column":3},"end":{"line":86,"column":3}},{"start":{"line":86,"column":3},"end":{"line":86,"column":3}}]},"15":{"line":89,"type":"if","locations":[{"start":{"line":89,"column":3},"end":{"line":89,"column":3}},{"start":{"line":89,"column":3},"end":{"line":89,"column":3}}]},"16":{"line":92,"type":"if","locations":[{"start":{"line":92,"column":3},"end":{"line":92,"column":3}},{"start":{"line":92,"column":3},"end":{"line":92,"column":3}}]},"17":{"line":92,"type":"binary-expr","locations":[{"start":{"line":92,"column":7},"end":{"line":92,"column":16}},{"start":{"line":92,"column":20},"end":{"line":92,"column":29}}]},"18":{"line":115,"type":"if","locations":[{"start":{"line":115,"column":1},"end":{"line":115,"column":1}},{"start":{"line":115,"column":1},"end":{"line":115,"column":1}}]},"19":{"line":116,"type":"if","locations":[{"start":{"line":116,"column":1},"end":{"line":116,"column":1}},{"start":{"line":116,"column":1},"end":{"line":116,"column":1}}]},"20":{"line":116,"type":"binary-expr","locations":[{"start":{"line":116,"column":5},"end":{"line":116,"column":28}},{"start":{"line":116,"column":32},"end":{"line":116,"column":55}}]},"21":{"line":122,"type":"if","locations":[{"start":{"line":122,"column":1},"end":{"line":122,"column":1}},{"start":{"line":122,"column":1},"end":{"line":122,"column":1}}]},"22":{"line":123,"type":"if","locations":[{"start":{"line":123,"column":2},"end":{"line":123,"column":2}},{"start":{"line":123,"column":2},"end":{"line":123,"column":2}}]},"23":{"line":130,"type":"if","locations":[{"start":{"line":130,"column":2},"end":{"line":130,"column":2}},{"start":{"line":130,"column":2},"end":{"line":130,"column":2}}]},"24":{"line":130,"type":"binary-expr","locations":[{"start":{"line":130,"column":6},"end":{"line":130,"column":10}},{"start":{"line":130,"column":14},"end":{"line":130,"column":36}}]},"25":{"line":131,"type":"if","locations":[{"start":{"line":131,"column":3},"end":{"line":131,"column":3}},{"start":{"line":131,"column":3},"end":{"line":131,"column":3}}]},"26":{"line":138,"type":"if","locations":[{"start":{"line":138,"column":2},"end":{"line":138,"column":2}},{"start":{"line":138,"column":2},"end":{"line":138,"column":2}}]},"27":{"line":138,"type":"binary-expr","locations":[{"start":{"line":138,"column":6},"end":{"line":138,"column":10}},{"start":{"line":138,"column":14},"end":{"line":138,"column":34}}]},"28":{"line":139,"type":"if","locations":[{"start":{"line":139,"column":3},"end":{"line":139,"column":3}},{"start":{"line":139,"column":3},"end":{"line":139,"column":3}}]},"29":{"line":146,"type":"if","locations":[{"start":{"line":146,"column":2},"end":{"line":146,"column":2}},{"start":{"line":146,"column":2},"end":{"line":146,"column":2}}]},"30":{"line":146,"type":"binary-expr","locations":[{"start":{"line":146,"column":6},"end":{"line":146,"column":10}},{"start":{"line":146,"column":14},"end":{"line":146,"column":32}}]},"31":{"line":147,"type":"if","locations":[{"start":{"line":147,"column":3},"end":{"line":147,"column":3}},{"start":{"line":147,"column":3},"end":{"line":147,"column":3}}]},"32":{"line":154,"type":"if","locations":[{"start":{"line":154,"column":2},"end":{"line":154,"column":2}},{"start":{"line":154,"column":2},"end":{"line":154,"column":2}}]},"33":{"line":154,"type":"binary-expr","locations":[{"start":{"line":154,"column":6},"end":{"line":154,"column":10}},{"start":{"line":154,"column":14},"end":{"line":154,"column":32}}]},"34":{"line":158,"type":"if","locations":[{"start":{"line":158,"column":2},"end":{"line":158,"column":2}},{"start":{"line":158,"column":2},"end":{"line":158,"column":2}}]},"35":{"line":159,"type":"if","locations":[{"start":{"line":159,"column":3},"end":{"line":159,"column":3}},{"start":{"line":159,"column":3},"end":{"line":159,"column":3}}]},"36":{"line":159,"type":"binary-expr","locations":[{"start":{"line":159,"column":7},"end":{"line":159,"column":36}},{"start":{"line":159,"column":40},"end":{"line":159,"column":83}}]},"37":{"line":162,"type":"if","locations":[{"start":{"line":162,"column":3},"end":{"line":162,"column":3}},{"start":{"line":162,"column":3},"end":{"line":162,"column":3}}]},"38":{"line":165,"type":"if","locations":[{"start":{"line":165,"column":3},"end":{"line":165,"column":3}},{"start":{"line":165,"column":3},"end":{"line":165,"column":3}}]},"39":{"line":168,"type":"if","locations":[{"start":{"line":168,"column":3},"end":{"line":168,"column":3}},{"start":{"line":168,"column":3},"end":{"line":168,"column":3}}]},"40":{"line":168,"type":"binary-expr","locations":[{"start":{"line":168,"column":7},"end":{"line":168,"column":16}},{"start":{"line":168,"column":20},"end":{"line":168,"column":29}}]},"41":{"line":189,"type":"if","locations":[{"start":{"line":189,"column":1},"end":{"line":189,"column":1}},{"start":{"line":189,"column":1},"end":{"line":189,"column":1}}]},"42":{"line":190,"type":"if","locations":[{"start":{"line":190,"column":1},"end":{"line":190,"column":1}},{"start":{"line":190,"column":1},"end":{"line":190,"column":1}}]},"43":{"line":190,"type":"binary-expr","locations":[{"start":{"line":190,"column":5},"end":{"line":190,"column":28}},{"start":{"line":190,"column":32},"end":{"line":190,"column":55}}]},"44":{"line":196,"type":"if","locations":[{"start":{"line":196,"column":1},"end":{"line":196,"column":1}},{"start":{"line":196,"column":1},"end":{"line":196,"column":1}}]},"45":{"line":197,"type":"if","locations":[{"start":{"line":197,"column":2},"end":{"line":197,"column":2}},{"start":{"line":197,"column":2},"end":{"line":197,"column":2}}]},"46":{"line":205,"type":"if","locations":[{"start":{"line":205,"column":2},"end":{"line":205,"column":2}},{"start":{"line":205,"column":2},"end":{"line":205,"column":2}}]},"47":{"line":205,"type":"binary-expr","locations":[{"start":{"line":205,"column":6},"end":{"line":205,"column":10}},{"start":{"line":205,"column":14},"end":{"line":205,"column":30}},{"start":{"line":205,"column":34},"end":{"line":205,"column":52}},{"start":{"line":205,"column":56},"end":{"line":205,"column":90}}]},"48":{"line":206,"type":"if","locations":[{"start":{"line":206,"column":3},"end":{"line":206,"column":3}},{"start":{"line":206,"column":3},"end":{"line":206,"column":3}}]},"49":{"line":212,"type":"if","locations":[{"start":{"line":212,"column":2},"end":{"line":212,"column":2}},{"start":{"line":212,"column":2},"end":{"line":212,"column":2}}]},"50":{"line":212,"type":"binary-expr","locations":[{"start":{"line":212,"column":6},"end":{"line":212,"column":10}},{"start":{"line":212,"column":14},"end":{"line":212,"column":30}},{"start":{"line":212,"column":34},"end":{"line":212,"column":68}}]},"51":{"line":216,"type":"if","locations":[{"start":{"line":216,"column":2},"end":{"line":216,"column":2}},{"start":{"line":216,"column":2},"end":{"line":216,"column":2}}]},"52":{"line":217,"type":"if","locations":[{"start":{"line":217,"column":3},"end":{"line":217,"column":3}},{"start":{"line":217,"column":3},"end":{"line":217,"column":3}}]},"53":{"line":217,"type":"binary-expr","locations":[{"start":{"line":217,"column":7},"end":{"line":217,"column":36}},{"start":{"line":217,"column":40},"end":{"line":217,"column":83}}]},"54":{"line":220,"type":"if","locations":[{"start":{"line":220,"column":3},"end":{"line":220,"column":3}},{"start":{"line":220,"column":3},"end":{"line":220,"column":3}}]},"55":{"line":223,"type":"if","locations":[{"start":{"line":223,"column":3},"end":{"line":223,"column":3}},{"start":{"line":223,"column":3},"end":{"line":223,"column":3}}]},"56":{"line":226,"type":"if","locations":[{"start":{"line":226,"column":3},"end":{"line":226,"column":3}},{"start":{"line":226,"column":3},"end":{"line":226,"column":3}}]},"57":{"line":226,"type":"binary-expr","locations":[{"start":{"line":226,"column":7},"end":{"line":226,"column":16}},{"start":{"line":226,"column":20},"end":{"line":226,"column":29}}]},"58":{"line":249,"type":"if","locations":[{"start":{"line":249,"column":1},"end":{"line":249,"column":1}},{"start":{"line":249,"column":1},"end":{"line":249,"column":1}}]},"59":{"line":255,"type":"if","locations":[{"start":{"line":255,"column":1},"end":{"line":255,"column":1}},{"start":{"line":255,"column":1},"end":{"line":255,"column":1}}]},"60":{"line":256,"type":"if","locations":[{"start":{"line":256,"column":2},"end":{"line":256,"column":2}},{"start":{"line":256,"column":2},"end":{"line":256,"column":2}}]},"61":{"line":262,"type":"if","locations":[{"start":{"line":262,"column":2},"end":{"line":262,"column":2}},{"start":{"line":262,"column":2},"end":{"line":262,"column":2}}]},"62":{"line":263,"type":"if","locations":[{"start":{"line":263,"column":3},"end":{"line":263,"column":3}},{"start":{"line":263,"column":3},"end":{"line":263,"column":3}}]},"63":{"line":263,"type":"binary-expr","locations":[{"start":{"line":263,"column":7},"end":{"line":263,"column":36}},{"start":{"line":263,"column":40},"end":{"line":263,"column":83}}]},"64":{"line":266,"type":"if","locations":[{"start":{"line":266,"column":3},"end":{"line":266,"column":3}},{"start":{"line":266,"column":3},"end":{"line":266,"column":3}}]},"65":{"line":269,"type":"if","locations":[{"start":{"line":269,"column":3},"end":{"line":269,"column":3}},{"start":{"line":269,"column":3},"end":{"line":269,"column":3}}]},"66":{"line":272,"type":"if","locations":[{"start":{"line":272,"column":3},"end":{"line":272,"column":3}},{"start":{"line":272,"column":3},"end":{"line":272,"column":3}}]},"67":{"line":272,"type":"binary-expr","locations":[{"start":{"line":272,"column":7},"end":{"line":272,"column":16}},{"start":{"line":272,"column":20},"end":{"line":272,"column":29}}]},"68":{"line":278,"type":"if","locations":[{"start":{"line":278,"column":2},"end":{"line":278,"column":2}},{"start":{"line":278,"column":2},"end":{"line":278,"column":2}}]},"69":{"line":299,"type":"if","locations":[{"start":{"line":299,"column":1},"end":{"line":299,"column":1}},{"start":{"line":299,"column":1},"end":{"line":299,"column":1}}]},"70":{"line":300,"type":"if","locations":[{"start":{"line":300,"column":1},"end":{"line":300,"column":1}},{"start":{"line":300,"column":1},"end":{"line":300,"column":1}}]},"71":{"line":306,"type":"if","locations":[{"start":{"line":306,"column":1},"end":{"line":306,"column":1}},{"start":{"line":306,"column":1},"end":{"line":306,"column":1}}]},"72":{"line":307,"type":"if","locations":[{"start":{"line":307,"column":2},"end":{"line":307,"column":2}},{"start":{"line":307,"column":2},"end":{"line":307,"column":2}}]},"73":{"line":314,"type":"if","locations":[{"start":{"line":314,"column":2},"end":{"line":314,"column":2}},{"start":{"line":314,"column":2},"end":{"line":314,"column":2}}]},"74":{"line":315,"type":"if","locations":[{"start":{"line":315,"column":3},"end":{"line":315,"column":3}},{"start":{"line":315,"column":3},"end":{"line":315,"column":3}}]},"75":{"line":315,"type":"binary-expr","locations":[{"start":{"line":315,"column":7},"end":{"line":315,"column":36}},{"start":{"line":315,"column":40},"end":{"line":315,"column":83}}]},"76":{"line":318,"type":"if","locations":[{"start":{"line":318,"column":3},"end":{"line":318,"column":3}},{"start":{"line":318,"column":3},"end":{"line":318,"column":3}}]},"77":{"line":318,"type":"binary-expr","locations":[{"start":{"line":318,"column":7},"end":{"line":318,"column":32}},{"start":{"line":318,"column":36},"end":{"line":318,"column":60}}]},"78":{"line":321,"type":"if","locations":[{"start":{"line":321,"column":3},"end":{"line":321,"column":3}},{"start":{"line":321,"column":3},"end":{"line":321,"column":3}}]},"79":{"line":324,"type":"if","locations":[{"start":{"line":324,"column":3},"end":{"line":324,"column":3}},{"start":{"line":324,"column":3},"end":{"line":324,"column":3}}]},"80":{"line":324,"type":"binary-expr","locations":[{"start":{"line":324,"column":7},"end":{"line":324,"column":16}},{"start":{"line":324,"column":20},"end":{"line":324,"column":29}}]},"81":{"line":333,"type":"if","locations":[{"start":{"line":333,"column":4},"end":{"line":333,"column":4}},{"start":{"line":333,"column":4},"end":{"line":333,"column":4}}]},"82":{"line":333,"type":"binary-expr","locations":[{"start":{"line":333,"column":8},"end":{"line":333,"column":23}},{"start":{"line":333,"column":27},"end":{"line":333,"column":62}}]},"83":{"line":351,"type":"if","locations":[{"start":{"line":351,"column":1},"end":{"line":351,"column":1}},{"start":{"line":351,"column":1},"end":{"line":351,"column":1}}]},"84":{"line":352,"type":"if","locations":[{"start":{"line":352,"column":1},"end":{"line":352,"column":1}},{"start":{"line":352,"column":1},"end":{"line":352,"column":1}}]},"85":{"line":353,"type":"if","locations":[{"start":{"line":353,"column":1},"end":{"line":353,"column":1}},{"start":{"line":353,"column":1},"end":{"line":353,"column":1}}]},"86":{"line":359,"type":"if","locations":[{"start":{"line":359,"column":1},"end":{"line":359,"column":1}},{"start":{"line":359,"column":1},"end":{"line":359,"column":1}}]},"87":{"line":360,"type":"if","locations":[{"start":{"line":360,"column":2},"end":{"line":360,"column":2}},{"start":{"line":360,"column":2},"end":{"line":360,"column":2}}]},"88":{"line":366,"type":"if","locations":[{"start":{"line":366,"column":2},"end":{"line":366,"column":2}},{"start":{"line":366,"column":2},"end":{"line":366,"column":2}}]},"89":{"line":367,"type":"if","locations":[{"start":{"line":367,"column":3},"end":{"line":367,"column":3}},{"start":{"line":367,"column":3},"end":{"line":367,"column":3}}]},"90":{"line":367,"type":"binary-expr","locations":[{"start":{"line":367,"column":7},"end":{"line":367,"column":36}},{"start":{"line":367,"column":40},"end":{"line":367,"column":83}}]},"91":{"line":370,"type":"if","locations":[{"start":{"line":370,"column":3},"end":{"line":370,"column":3}},{"start":{"line":370,"column":3},"end":{"line":370,"column":3}}]},"92":{"line":373,"type":"if","locations":[{"start":{"line":373,"column":3},"end":{"line":373,"column":3}},{"start":{"line":373,"column":3},"end":{"line":373,"column":3}}]},"93":{"line":376,"type":"if","locations":[{"start":{"line":376,"column":3},"end":{"line":376,"column":3}},{"start":{"line":376,"column":3},"end":{"line":376,"column":3}}]},"94":{"line":376,"type":"binary-expr","locations":[{"start":{"line":376,"column":7},"end":{"line":376,"column":16}},{"start":{"line":376,"column":20},"end":{"line":376,"column":29}}]},"95":{"line":379,"type":"if","locations":[{"start":{"line":379,"column":3},"end":{"line":379,"column":3}},{"start":{"line":379,"column":3},"end":{"line":379,"column":3}}]},"96":{"line":394,"type":"if","locations":[{"start":{"line":394,"column":1},"end":{"line":394,"column":1}},{"start":{"line":394,"column":1},"end":{"line":394,"column":1}}]},"97":{"line":395,"type":"if","locations":[{"start":{"line":395,"column":1},"end":{"line":395,"column":1}},{"start":{"line":395,"column":1},"end":{"line":395,"column":1}}]},"98":{"line":396,"type":"if","locations":[{"start":{"line":396,"column":1},"end":{"line":396,"column":1}},{"start":{"line":396,"column":1},"end":{"line":396,"column":1}}]},"99":{"line":404,"type":"if","locations":[{"start":{"line":404,"column":1},"end":{"line":404,"column":1}},{"start":{"line":404,"column":1},"end":{"line":404,"column":1}}]},"100":{"line":405,"type":"if","locations":[{"start":{"line":405,"column":2},"end":{"line":405,"column":2}},{"start":{"line":405,"column":2},"end":{"line":405,"column":2}}]},"101":{"line":416,"type":"if","locations":[{"start":{"line":416,"column":2},"end":{"line":416,"column":2}},{"start":{"line":416,"column":2},"end":{"line":416,"column":2}}]},"102":{"line":417,"type":"if","locations":[{"start":{"line":417,"column":3},"end":{"line":417,"column":3}},{"start":{"line":417,"column":3},"end":{"line":417,"column":3}}]},"103":{"line":417,"type":"binary-expr","locations":[{"start":{"line":417,"column":7},"end":{"line":417,"column":36}},{"start":{"line":417,"column":40},"end":{"line":417,"column":83}}]},"104":{"line":420,"type":"if","locations":[{"start":{"line":420,"column":3},"end":{"line":420,"column":3}},{"start":{"line":420,"column":3},"end":{"line":420,"column":3}}]},"105":{"line":420,"type":"binary-expr","locations":[{"start":{"line":420,"column":7},"end":{"line":420,"column":32}},{"start":{"line":420,"column":36},"end":{"line":420,"column":60}}]},"106":{"line":423,"type":"if","locations":[{"start":{"line":423,"column":3},"end":{"line":423,"column":3}},{"start":{"line":423,"column":3},"end":{"line":423,"column":3}}]},"107":{"line":426,"type":"if","locations":[{"start":{"line":426,"column":3},"end":{"line":426,"column":3}},{"start":{"line":426,"column":3},"end":{"line":426,"column":3}}]},"108":{"line":426,"type":"binary-expr","locations":[{"start":{"line":426,"column":7},"end":{"line":426,"column":16}},{"start":{"line":426,"column":20},"end":{"line":426,"column":29}}]},"109":{"line":448,"type":"if","locations":[{"start":{"line":448,"column":1},"end":{"line":448,"column":1}},{"start":{"line":448,"column":1},"end":{"line":448,"column":1}}]},"110":{"line":449,"type":"if","locations":[{"start":{"line":449,"column":2},"end":{"line":449,"column":2}},{"start":{"line":449,"column":2},"end":{"line":449,"column":2}}]},"111":{"line":472,"type":"if","locations":[{"start":{"line":472,"column":1},"end":{"line":472,"column":1}},{"start":{"line":472,"column":1},"end":{"line":472,"column":1}}]},"112":{"line":473,"type":"if","locations":[{"start":{"line":473,"column":2},"end":{"line":473,"column":2}},{"start":{"line":473,"column":2},"end":{"line":473,"column":2}}]},"113":{"line":505,"type":"if","locations":[{"start":{"line":505,"column":1},"end":{"line":505,"column":1}},{"start":{"line":505,"column":1},"end":{"line":505,"column":1}}]},"114":{"line":506,"type":"if","locations":[{"start":{"line":506,"column":2},"end":{"line":506,"column":2}},{"start":{"line":506,"column":2},"end":{"line":506,"column":2}}]},"115":{"line":513,"type":"if","locations":[{"start":{"line":513,"column":2},"end":{"line":513,"column":2}},{"start":{"line":513,"column":2},"end":{"line":513,"column":2}}]},"116":{"line":514,"type":"if","locations":[{"start":{"line":514,"column":3},"end":{"line":514,"column":3}},{"start":{"line":514,"column":3},"end":{"line":514,"column":3}}]},"117":{"line":514,"type":"binary-expr","locations":[{"start":{"line":514,"column":7},"end":{"line":514,"column":36}},{"start":{"line":514,"column":40},"end":{"line":514,"column":83}}]},"118":{"line":517,"type":"if","locations":[{"start":{"line":517,"column":3},"end":{"line":517,"column":3}},{"start":{"line":517,"column":3},"end":{"line":517,"column":3}}]},"119":{"line":520,"type":"if","locations":[{"start":{"line":520,"column":3},"end":{"line":520,"column":3}},{"start":{"line":520,"column":3},"end":{"line":520,"column":3}}]},"120":{"line":523,"type":"if","locations":[{"start":{"line":523,"column":3},"end":{"line":523,"column":3}},{"start":{"line":523,"column":3},"end":{"line":523,"column":3}}]},"121":{"line":523,"type":"binary-expr","locations":[{"start":{"line":523,"column":7},"end":{"line":523,"column":16}},{"start":{"line":523,"column":20},"end":{"line":523,"column":29}}]},"122":{"line":544,"type":"if","locations":[{"start":{"line":544,"column":1},"end":{"line":544,"column":1}},{"start":{"line":544,"column":1},"end":{"line":544,"column":1}}]},"123":{"line":545,"type":"if","locations":[{"start":{"line":545,"column":2},"end":{"line":545,"column":2}},{"start":{"line":545,"column":2},"end":{"line":545,"column":2}}]},"124":{"line":552,"type":"if","locations":[{"start":{"line":552,"column":2},"end":{"line":552,"column":2}},{"start":{"line":552,"column":2},"end":{"line":552,"column":2}}]},"125":{"line":553,"type":"if","locations":[{"start":{"line":553,"column":3},"end":{"line":553,"column":3}},{"start":{"line":553,"column":3},"end":{"line":553,"column":3}}]},"126":{"line":553,"type":"binary-expr","locations":[{"start":{"line":553,"column":7},"end":{"line":553,"column":32}},{"start":{"line":553,"column":36},"end":{"line":553,"column":60}}]},"127":{"line":556,"type":"if","locations":[{"start":{"line":556,"column":3},"end":{"line":556,"column":3}},{"start":{"line":556,"column":3},"end":{"line":556,"column":3}}]},"128":{"line":556,"type":"binary-expr","locations":[{"start":{"line":556,"column":7},"end":{"line":556,"column":36}},{"start":{"line":556,"column":40},"end":{"line":556,"column":83}}]},"129":{"line":559,"type":"if","locations":[{"start":{"line":559,"column":3},"end":{"line":559,"column":3}},{"start":{"line":559,"column":3},"end":{"line":559,"column":3}}]},"130":{"line":562,"type":"if","locations":[{"start":{"line":562,"column":3},"end":{"line":562,"column":3}},{"start":{"line":562,"column":3},"end":{"line":562,"column":3}}]},"131":{"line":562,"type":"binary-expr","locations":[{"start":{"line":562,"column":7},"end":{"line":562,"column":16}},{"start":{"line":562,"column":20},"end":{"line":562,"column":29}}]},"132":{"line":583,"type":"if","locations":[{"start":{"line":583,"column":1},"end":{"line":583,"column":1}},{"start":{"line":583,"column":1},"end":{"line":583,"column":1}}]},"133":{"line":584,"type":"if","locations":[{"start":{"line":584,"column":2},"end":{"line":584,"column":2}},{"start":{"line":584,"column":2},"end":{"line":584,"column":2}}]},"134":{"line":591,"type":"if","locations":[{"start":{"line":591,"column":2},"end":{"line":591,"column":2}},{"start":{"line":591,"column":2},"end":{"line":591,"column":2}}]},"135":{"line":592,"type":"if","locations":[{"start":{"line":592,"column":3},"end":{"line":592,"column":3}},{"start":{"line":592,"column":3},"end":{"line":592,"column":3}}]},"136":{"line":595,"type":"if","locations":[{"start":{"line":595,"column":4},"end":{"line":595,"column":4}},{"start":{"line":595,"column":4},"end":{"line":595,"column":4}}]},"137":{"line":595,"type":"binary-expr","locations":[{"start":{"line":595,"column":8},"end":{"line":595,"column":17}},{"start":{"line":595,"column":21},"end":{"line":595,"column":30}}]},"138":{"line":603,"type":"if","locations":[{"start":{"line":603,"column":3},"end":{"line":603,"column":3}},{"start":{"line":603,"column":3},"end":{"line":603,"column":3}}]},"139":{"line":603,"type":"binary-expr","locations":[{"start":{"line":603,"column":7},"end":{"line":603,"column":10}},{"start":{"line":603,"column":14},"end":{"line":603,"column":23}},{"start":{"line":603,"column":27},"end":{"line":603,"column":36}}]}}},"/Users/gasl/Development/Crafity/modules/crafity-storage/lib/providers/MongoDB.Provider.js":{"path":"/Users/gasl/Development/Crafity/modules/crafity-storage/lib/providers/MongoDB.Provider.js","s":{"1":1,"2":1,"3":1,"4":1,"5":1,"6":1,"7":23,"8":1,"9":22,"10":1,"11":21,"12":1,"13":20,"14":1,"15":19,"16":19,"17":19,"18":19,"19":19,"20":19,"21":19,"22":19,"23":19,"24":19,"25":19,"26":19,"27":1,"28":1,"29":4,"30":1,"31":3,"32":1,"33":2,"34":2,"35":1,"36":1,"37":1,"38":1,"39":1,"40":11,"41":1,"42":10,"43":2,"44":8,"45":8,"46":1,"47":1,"48":7,"49":7,"50":7,"51":566,"52":7,"53":5,"54":2,"55":0,"56":2,"57":1,"58":31,"59":1,"60":9,"61":0,"62":9,"63":2,"64":7,"65":7,"66":7,"67":0,"68":7,"69":7,"70":1,"71":10,"72":0,"73":10,"74":0,"75":10,"76":10,"77":3,"78":3,"79":7,"80":7,"81":7,"82":1,"83":6,"84":1,"85":5,"86":1,"87":4,"88":0,"89":4,"90":4,"91":1,"92":1,"93":3,"94":3,"95":1,"96":0,"97":0,"98":0,"99":0,"100":0,"101":0,"102":0,"103":0,"104":0,"105":0,"106":0,"107":0,"108":1},"b":{"1":[1,22],"2":[1,21],"3":[1,20],"4":[1,19],"5":[1,3],"6":[1,2],"7":[1,1],"8":[1,10],"9":[2,8],"10":[1,7],"11":[5,2],"12":[7,7],"13":[0,2],"14":[0,9],"15":[2,7],"16":[0,7],"17":[0,10],"18":[0,10],"19":[3,7],"20":[1,5],"21":[1,4],"22":[0,4],"23":[1,3],"24":[0,0],"25":[0,0],"26":[0,0]},"f":{"1":23,"2":4,"3":1,"4":1,"5":11,"6":1,"7":7,"8":7,"9":566,"10":31,"11":9,"12":7,"13":10,"14":3,"15":7,"16":6,"17":1,"18":3,"19":0,"20":0,"21":0,"22":0},"fnMap":{"1":{"name":"MongoDB","line":45,"loc":{"start":{"line":45,"column":0},"end":{"line":45,"column":25}}},"2":{"name":"(anonymous_2)","line":106,"loc":{"start":{"line":106,"column":27},"end":{"line":106,"column":47}}},"3":{"name":"(anonymous_3)","line":116,"loc":{"start":{"line":116,"column":26},"end":{"line":116,"column":38}}},"4":{"name":"(anonymous_4)","line":120,"loc":{"start":{"line":120,"column":25},"end":{"line":120,"column":37}}},"5":{"name":"(anonymous_5)","line":131,"loc":{"start":{"line":131,"column":25},"end":{"line":131,"column":45}}},"6":{"name":"(anonymous_6)","line":142,"loc":{"start":{"line":142,"column":26},"end":{"line":142,"column":38}}},"7":{"name":"(anonymous_7)","line":147,"loc":{"start":{"line":147,"column":23},"end":{"line":147,"column":44}}},"8":{"name":"(anonymous_8)","line":151,"loc":{"start":{"line":151,"column":33},"end":{"line":151,"column":53}}},"9":{"name":"(anonymous_9)","line":154,"loc":{"start":{"line":154,"column":35},"end":{"line":154,"column":49}}},"10":{"name":"(anonymous_10)","line":176,"loc":{"start":{"line":176,"column":32},"end":{"line":176,"column":44}}},"11":{"name":"(anonymous_11)","line":186,"loc":{"start":{"line":186,"column":28},"end":{"line":186,"column":48}}},"12":{"name":"(anonymous_12)","line":196,"loc":{"start":{"line":196,"column":31},"end":{"line":196,"column":50}}},"13":{"name":"(anonymous_13)","line":213,"loc":{"start":{"line":213,"column":31},"end":{"line":213,"column":51}}},"14":{"name":"(anonymous_14)","line":223,"loc":{"start":{"line":223,"column":26},"end":{"line":223,"column":38}}},"15":{"name":"(anonymous_15)","line":229,"loc":{"start":{"line":229,"column":16},"end":{"line":229,"column":39}}},"16":{"name":"(anonymous_16)","line":262,"loc":{"start":{"line":262,"column":25},"end":{"line":262,"column":51}}},"17":{"name":"(anonymous_17)","line":276,"loc":{"start":{"line":276,"column":26},"end":{"line":276,"column":38}}},"18":{"name":"(anonymous_18)","line":283,"loc":{"start":{"line":283,"column":49},"end":{"line":283,"column":72}}},"19":{"name":"(anonymous_19)","line":295,"loc":{"start":{"line":295,"column":28},"end":{"line":295,"column":48}}},"20":{"name":"(anonymous_20)","line":304,"loc":{"start":{"line":304,"column":14},"end":{"line":304,"column":41}}},"21":{"name":"(anonymous_21)","line":309,"loc":{"start":{"line":309,"column":51},"end":{"line":309,"column":78}}},"22":{"name":"(anonymous_22)","line":312,"loc":{"start":{"line":312,"column":16},"end":{"line":312,"column":39}}}},"statementMap":{"1":{"start":{"line":2,"column":0},"end":{"line":2,"column":13}},"2":{"start":{"line":15,"column":0},"end":{"line":15,"column":37}},"3":{"start":{"line":16,"column":0},"end":{"line":16,"column":50}},"4":{"start":{"line":17,"column":0},"end":{"line":17,"column":49}},"5":{"start":{"line":18,"column":0},"end":{"line":18,"column":36}},"6":{"start":{"line":45,"column":0},"end":{"line":80,"column":1}},"7":{"start":{"line":46,"column":1},"end":{"line":48,"column":2}},"8":{"start":{"line":47,"column":2},"end":{"line":47,"column":54}},"9":{"start":{"line":49,"column":1},"end":{"line":51,"column":2}},"10":{"start":{"line":50,"column":2},"end":{"line":50,"column":65}},"11":{"start":{"line":52,"column":1},"end":{"line":54,"column":2}},"12":{"start":{"line":53,"column":2},"end":{"line":53,"column":66}},"13":{"start":{"line":55,"column":1},"end":{"line":57,"column":2}},"14":{"start":{"line":56,"column":2},"end":{"line":56,"column":77}},"15":{"start":{"line":59,"column":1},"end":{"line":59,"column":22}},"16":{"start":{"line":60,"column":1},"end":{"line":60,"column":32}},"17":{"start":{"line":61,"column":1},"end":{"line":61,"column":23}},"18":{"start":{"line":62,"column":1},"end":{"line":62,"column":65}},"19":{"start":{"line":63,"column":1},"end":{"line":63,"column":25}},"20":{"start":{"line":64,"column":1},"end":{"line":64,"column":37}},"21":{"start":{"line":67,"column":1},"end":{"line":67,"column":17}},"22":{"start":{"line":74,"column":1},"end":{"line":74,"column":84}},"23":{"start":{"line":75,"column":1},"end":{"line":75,"column":107}},"24":{"start":{"line":76,"column":1},"end":{"line":76,"column":75}},"25":{"start":{"line":77,"column":1},"end":{"line":77,"column":60}},"26":{"start":{"line":78,"column":1},"end":{"line":78,"column":52}},"27":{"start":{"line":87,"column":0},"end":{"line":87,"column":35}},"28":{"start":{"line":106,"column":0},"end":{"line":123,"column":2}},"29":{"start":{"line":107,"column":1},"end":{"line":109,"column":2}},"30":{"start":{"line":108,"column":2},"end":{"line":108,"column":45}},"31":{"start":{"line":110,"column":1},"end":{"line":112,"column":2}},"32":{"start":{"line":111,"column":2},"end":{"line":111,"column":52}},"33":{"start":{"line":114,"column":1},"end":{"line":114,"column":17}},"34":{"start":{"line":115,"column":1},"end":{"line":119,"column":2}},"35":{"start":{"line":116,"column":2},"end":{"line":118,"column":5}},"36":{"start":{"line":117,"column":3},"end":{"line":117,"column":47}},"37":{"start":{"line":120,"column":1},"end":{"line":122,"column":4}},"38":{"start":{"line":121,"column":2},"end":{"line":121,"column":30}},"39":{"start":{"line":131,"column":0},"end":{"line":170,"column":2}},"40":{"start":{"line":132,"column":1},"end":{"line":134,"column":2}},"41":{"start":{"line":133,"column":2},"end":{"line":133,"column":45}},"42":{"start":{"line":135,"column":1},"end":{"line":137,"column":2}},"43":{"start":{"line":136,"column":2},"end":{"line":136,"column":52}},"44":{"start":{"line":139,"column":1},"end":{"line":139,"column":17}},"45":{"start":{"line":141,"column":1},"end":{"line":145,"column":2}},"46":{"start":{"line":142,"column":2},"end":{"line":144,"column":5}},"47":{"start":{"line":143,"column":3},"end":{"line":143,"column":47}},"48":{"start":{"line":147,"column":1},"end":{"line":169,"column":4}},"49":{"start":{"line":151,"column":2},"end":{"line":167,"column":5}},"50":{"start":{"line":154,"column":3},"end":{"line":156,"column":6}},"51":{"start":{"line":155,"column":4},"end":{"line":155,"column":19}},"52":{"start":{"line":158,"column":3},"end":{"line":166,"column":4}},"53":{"start":{"line":159,"column":4},"end":{"line":159,"column":24}},"54":{"start":{"line":161,"column":4},"end":{"line":165,"column":5}},"55":{"start":{"line":162,"column":5},"end":{"line":162,"column":19}},"56":{"start":{"line":164,"column":5},"end":{"line":164,"column":79}},"57":{"start":{"line":176,"column":0},"end":{"line":178,"column":2}},"58":{"start":{"line":177,"column":1},"end":{"line":177,"column":26}},"59":{"start":{"line":186,"column":0},"end":{"line":205,"column":2}},"60":{"start":{"line":187,"column":1},"end":{"line":189,"column":2}},"61":{"start":{"line":188,"column":2},"end":{"line":188,"column":45}},"62":{"start":{"line":190,"column":1},"end":{"line":192,"column":2}},"63":{"start":{"line":191,"column":2},"end":{"line":191,"column":52}},"64":{"start":{"line":194,"column":1},"end":{"line":194,"column":17}},"65":{"start":{"line":196,"column":1},"end":{"line":204,"column":4}},"66":{"start":{"line":197,"column":2},"end":{"line":199,"column":3}},"67":{"start":{"line":198,"column":3},"end":{"line":198,"column":24}},"68":{"start":{"line":201,"column":2},"end":{"line":201,"column":16}},"69":{"start":{"line":202,"column":2},"end":{"line":202,"column":17}},"70":{"start":{"line":213,"column":0},"end":{"line":234,"column":2}},"71":{"start":{"line":214,"column":1},"end":{"line":216,"column":2}},"72":{"start":{"line":215,"column":2},"end":{"line":215,"column":56}},"73":{"start":{"line":217,"column":1},"end":{"line":219,"column":2}},"74":{"start":{"line":218,"column":2},"end":{"line":218,"column":63}},"75":{"start":{"line":221,"column":1},"end":{"line":221,"column":17}},"76":{"start":{"line":222,"column":1},"end":{"line":226,"column":2}},"77":{"start":{"line":223,"column":2},"end":{"line":225,"column":5}},"78":{"start":{"line":224,"column":3},"end":{"line":224,"column":74}},"79":{"start":{"line":229,"column":1},"end":{"line":233,"column":4}},"80":{"start":{"line":230,"column":2},"end":{"line":230,"column":18}},"81":{"start":{"line":232,"column":2},"end":{"line":232,"column":23}},"82":{"start":{"line":262,"column":0},"end":{"line":287,"column":2}},"83":{"start":{"line":263,"column":1},"end":{"line":265,"column":2}},"84":{"start":{"line":264,"column":2},"end":{"line":264,"column":41}},"85":{"start":{"line":266,"column":1},"end":{"line":268,"column":2}},"86":{"start":{"line":267,"column":2},"end":{"line":267,"column":45}},"87":{"start":{"line":269,"column":1},"end":{"line":271,"column":2}},"88":{"start":{"line":270,"column":2},"end":{"line":270,"column":52}},"89":{"start":{"line":273,"column":1},"end":{"line":273,"column":17}},"90":{"start":{"line":275,"column":1},"end":{"line":279,"column":2}},"91":{"start":{"line":276,"column":2},"end":{"line":278,"column":5}},"92":{"start":{"line":277,"column":3},"end":{"line":277,"column":47}},"93":{"start":{"line":283,"column":1},"end":{"line":286,"column":4}},"94":{"start":{"line":285,"column":2},"end":{"line":285,"column":24}},"95":{"start":{"line":295,"column":0},"end":{"line":319,"column":2}},"96":{"start":{"line":296,"column":1},"end":{"line":298,"column":2}},"97":{"start":{"line":297,"column":2},"end":{"line":297,"column":58}},"98":{"start":{"line":299,"column":1},"end":{"line":301,"column":2}},"99":{"start":{"line":300,"column":2},"end":{"line":300,"column":77}},"100":{"start":{"line":303,"column":1},"end":{"line":303,"column":17}},"101":{"start":{"line":304,"column":1},"end":{"line":318,"column":4}},"102":{"start":{"line":305,"column":2},"end":{"line":307,"column":3}},"103":{"start":{"line":306,"column":3},"end":{"line":306,"column":24}},"104":{"start":{"line":309,"column":2},"end":{"line":316,"column":5}},"105":{"start":{"line":310,"column":3},"end":{"line":310,"column":32}},"106":{"start":{"line":312,"column":3},"end":{"line":314,"column":6}},"107":{"start":{"line":313,"column":4},"end":{"line":313,"column":26}},"108":{"start":{"line":325,"column":0},"end":{"line":325,"column":25}}},"branchMap":{"1":{"line":46,"type":"if","locations":[{"start":{"line":46,"column":1},"end":{"line":46,"column":1}},{"start":{"line":46,"column":1},"end":{"line":46,"column":1}}]},"2":{"line":49,"type":"if","locations":[{"start":{"line":49,"column":1},"end":{"line":49,"column":1}},{"start":{"line":49,"column":1},"end":{"line":49,"column":1}}]},"3":{"line":52,"type":"if","locations":[{"start":{"line":52,"column":1},"end":{"line":52,"column":1}},{"start":{"line":52,"column":1},"end":{"line":52,"column":1}}]},"4":{"line":55,"type":"if","locations":[{"start":{"line":55,"column":1},"end":{"line":55,"column":1}},{"start":{"line":55,"column":1},"end":{"line":55,"column":1}}]},"5":{"line":107,"type":"if","locations":[{"start":{"line":107,"column":1},"end":{"line":107,"column":1}},{"start":{"line":107,"column":1},"end":{"line":107,"column":1}}]},"6":{"line":110,"type":"if","locations":[{"start":{"line":110,"column":1},"end":{"line":110,"column":1}},{"start":{"line":110,"column":1},"end":{"line":110,"column":1}}]},"7":{"line":115,"type":"if","locations":[{"start":{"line":115,"column":1},"end":{"line":115,"column":1}},{"start":{"line":115,"column":1},"end":{"line":115,"column":1}}]},"8":{"line":132,"type":"if","locations":[{"start":{"line":132,"column":1},"end":{"line":132,"column":1}},{"start":{"line":132,"column":1},"end":{"line":132,"column":1}}]},"9":{"line":135,"type":"if","locations":[{"start":{"line":135,"column":1},"end":{"line":135,"column":1}},{"start":{"line":135,"column":1},"end":{"line":135,"column":1}}]},"10":{"line":141,"type":"if","locations":[{"start":{"line":141,"column":1},"end":{"line":141,"column":1}},{"start":{"line":141,"column":1},"end":{"line":141,"column":1}}]},"11":{"line":158,"type":"if","locations":[{"start":{"line":158,"column":3},"end":{"line":158,"column":3}},{"start":{"line":158,"column":3},"end":{"line":158,"column":3}}]},"12":{"line":158,"type":"binary-expr","locations":[{"start":{"line":158,"column":7},"end":{"line":158,"column":11}},{"start":{"line":158,"column":15},"end":{"line":158,"column":50}}]},"13":{"line":161,"type":"if","locations":[{"start":{"line":161,"column":4},"end":{"line":161,"column":4}},{"start":{"line":161,"column":4},"end":{"line":161,"column":4}}]},"14":{"line":187,"type":"if","locations":[{"start":{"line":187,"column":1},"end":{"line":187,"column":1}},{"start":{"line":187,"column":1},"end":{"line":187,"column":1}}]},"15":{"line":190,"type":"if","locations":[{"start":{"line":190,"column":1},"end":{"line":190,"column":1}},{"start":{"line":190,"column":1},"end":{"line":190,"column":1}}]},"16":{"line":197,"type":"if","locations":[{"start":{"line":197,"column":2},"end":{"line":197,"column":2}},{"start":{"line":197,"column":2},"end":{"line":197,"column":2}}]},"17":{"line":214,"type":"if","locations":[{"start":{"line":214,"column":1},"end":{"line":214,"column":1}},{"start":{"line":214,"column":1},"end":{"line":214,"column":1}}]},"18":{"line":217,"type":"if","locations":[{"start":{"line":217,"column":1},"end":{"line":217,"column":1}},{"start":{"line":217,"column":1},"end":{"line":217,"column":1}}]},"19":{"line":222,"type":"if","locations":[{"start":{"line":222,"column":1},"end":{"line":222,"column":1}},{"start":{"line":222,"column":1},"end":{"line":222,"column":1}}]},"20":{"line":263,"type":"if","locations":[{"start":{"line":263,"column":1},"end":{"line":263,"column":1}},{"start":{"line":263,"column":1},"end":{"line":263,"column":1}}]},"21":{"line":266,"type":"if","locations":[{"start":{"line":266,"column":1},"end":{"line":266,"column":1}},{"start":{"line":266,"column":1},"end":{"line":266,"column":1}}]},"22":{"line":269,"type":"if","locations":[{"start":{"line":269,"column":1},"end":{"line":269,"column":1}},{"start":{"line":269,"column":1},"end":{"line":269,"column":1}}]},"23":{"line":275,"type":"if","locations":[{"start":{"line":275,"column":1},"end":{"line":275,"column":1}},{"start":{"line":275,"column":1},"end":{"line":275,"column":1}}]},"24":{"line":296,"type":"if","locations":[{"start":{"line":296,"column":1},"end":{"line":296,"column":1}},{"start":{"line":296,"column":1},"end":{"line":296,"column":1}}]},"25":{"line":299,"type":"if","locations":[{"start":{"line":299,"column":1},"end":{"line":299,"column":1}},{"start":{"line":299,"column":1},"end":{"line":299,"column":1}}]},"26":{"line":305,"type":"if","locations":[{"start":{"line":305,"column":2},"end":{"line":305,"column":2}},{"start":{"line":305,"column":2},"end":{"line":305,"column":2}}]}}}}