TN:
SF:/Users/gasl/Development/Crafity/modules/crafity-storage/scripts/npm-test.js
FN:4,(anonymous_1)
FN:5,(anonymous_2)
FN:6,(anonymous_3)
FN:7,(anonymous_4)
FNF:4
FNH:4
FNDA:1,(anonymous_1)
FNDA:1,(anonymous_2)
FNDA:1,(anonymous_3)
FNDA:1,(anonymous_4)
DA:2,1
DA:4,1
DA:5,1
DA:6,1
DA:7,1
DA:8,1
LF:6
LH:6
BRF:0
BRH:0
end_of_record
TN:
SF:/Users/gasl/Development/Crafity/modules/crafity-storage/main.js
FNF:0
FNH:0
DA:3,1
DA:4,1
DA:10,1
DA:16,1
LF:4
LH:4
BRF:0
BRH:0
end_of_record
TN:
SF:/Users/gasl/Development/Crafity/modules/crafity-storage/lib/crafity.storage.js
FN:23,StorageService
FN:28,getProviderConstructor
FN:47,getProvider
FN:66,loadRepository
FN:110,loadRepositories
FN:126,(anonymous_6)
FN:134,(anonymous_7)
FN:138,(anonymous_8)
FNF:8
FNH:0
FNDA:0,StorageService
FNDA:0,getProviderConstructor
FNDA:0,getProvider
FNDA:0,loadRepository
FNDA:0,loadRepositories
FNDA:0,(anonymous_6)
FNDA:0,(anonymous_7)
FNDA:0,(anonymous_8)
DA:2,1
DA:15,1
DA:23,1
DA:25,0
DA:28,0
DA:29,0
DA:30,0
DA:32,0
DA:33,0
DA:35,0
DA:38,0
DA:39,0
DA:41,0
DA:44,0
DA:47,0
DA:48,0
DA:49,0
DA:51,0
DA:52,0
DA:54,0
DA:57,0
DA:58,0
DA:60,0
DA:63,0
DA:66,0
DA:68,0
DA:69,0
DA:71,0
DA:72,0
DA:74,0
DA:75,0
DA:77,0
DA:78,0
DA:80,0
DA:81,0
DA:83,0
DA:89,0
DA:90,0
DA:92,0
DA:93,0
DA:95,0
DA:98,0
DA:99,0
DA:101,0
DA:102,0
DA:104,0
DA:107,0
DA:110,0
DA:112,0
DA:113,0
DA:114,0
DA:116,0
DA:118,0
DA:119,0
DA:120,0
DA:121,0
DA:123,0
DA:125,0
DA:126,0
DA:127,0
DA:131,0
DA:132,0
DA:134,0
DA:135,0
DA:138,0
DA:139,0
DA:145,1
LF:67
LH:4
BRDA:26,1,0,0
BRDA:26,1,1,0
BRDA:29,2,0,0
BRDA:29,2,1,0
BRDA:30,3,0,0
BRDA:30,3,1,0
BRDA:30,3,2,0
BRDA:32,4,0,0
BRDA:32,4,1,0
BRDA:35,5,0,0
BRDA:35,5,1,0
BRDA:48,6,0,0
BRDA:48,6,1,0
BRDA:49,7,0,0
BRDA:49,7,1,0
BRDA:49,7,2,0
BRDA:51,8,0,0
BRDA:51,8,1,0
BRDA:54,9,0,0
BRDA:54,9,1,0
BRDA:68,10,0,0
BRDA:68,10,1,0
BRDA:71,11,0,0
BRDA:71,11,1,0
BRDA:74,12,0,0
BRDA:74,12,1,0
BRDA:77,13,0,0
BRDA:77,13,1,0
BRDA:80,14,0,0
BRDA:80,14,1,0
BRDA:101,15,0,0
BRDA:101,15,1,0
BRDA:101,16,0,0
BRDA:101,16,1,0
BRDA:112,17,0,0
BRDA:112,17,1,0
BRDA:112,18,0,0
BRDA:112,18,1,0
BRDA:116,19,0,0
BRDA:116,19,1,0
BRDA:118,20,0,0
BRDA:118,20,1,0
BRDA:118,20,2,0
BRDA:119,21,0,0
BRDA:119,21,1,0
BRDA:119,21,2,0
BRDA:120,22,0,0
BRDA:120,22,1,0
BRDA:120,22,2,0
BRDA:121,23,0,0
BRDA:121,23,1,0
BRDA:121,23,2,0
BRDA:125,24,0,0
BRDA:125,24,1,0
BRF:54
BRH:0
end_of_record
TN:
SF:/Users/gasl/Development/Crafity/modules/crafity-storage/lib/providers/Provider.js
FN:21,Provider
FN:36,(anonymous_2)
FN:45,(anonymous_3)
FN:54,(anonymous_4)
FN:61,(anonymous_5)
FN:70,(anonymous_6)
FN:79,(anonymous_7)
FN:88,(anonymous_8)
FN:98,(anonymous_9)
FN:108,(anonymous_10)
FN:118,(anonymous_11)
FN:127,(anonymous_12)
FNF:12
FNH:11
FNDA:14,Provider
FNDA:1,(anonymous_2)
FNDA:1,(anonymous_3)
FNDA:1,(anonymous_4)
FNDA:0,(anonymous_5)
FNDA:1,(anonymous_6)
FNDA:1,(anonymous_7)
FNDA:1,(anonymous_8)
FNDA:1,(anonymous_9)
FNDA:1,(anonymous_10)
FNDA:1,(anonymous_11)
FNDA:1,(anonymous_12)
DA:2,1
DA:15,1
DA:21,1
DA:22,14
DA:29,1
DA:36,1
DA:37,1
DA:45,1
DA:46,1
DA:54,1
DA:55,1
DA:61,1
DA:62,0
DA:70,1
DA:71,1
DA:79,1
DA:80,1
DA:88,1
DA:89,1
DA:98,1
DA:99,1
DA:108,1
DA:109,1
DA:118,1
DA:119,1
DA:127,1
DA:128,1
DA:135,1
LF:28
LH:27
BRF:0
BRH:0
end_of_record
TN:
SF:/Users/gasl/Development/Crafity/modules/crafity-storage/lib/providers/CouchDB.Provider.js
FN:23,CouchDB
FN:67,(anonymous_2)
FN:79,(anonymous_3)
FN:98,(anonymous_4)
FN:114,(anonymous_5)
FN:129,(anonymous_6)
FN:188,(anonymous_7)
FN:203,(anonymous_8)
FN:232,(anonymous_9)
FN:248,(anonymous_10)
FN:261,(anonymous_11)
FN:298,(anonymous_12)
FN:313,(anonymous_13)
FN:331,(anonymous_14)
FN:332,(anonymous_15)
FN:350,(anonymous_16)
FN:365,(anonymous_17)
FN:393,(anonymous_18)
FN:411,(anonymous_19)
FN:415,(anonymous_20)
FN:444,(anonymous_21)
FN:455,(anonymous_22)
FN:468,(anonymous_23)
FN:479,(anonymous_24)
FN:491,(anonymous_25)
FN:500,(anonymous_26)
FN:512,(anonymous_27)
FN:539,(anonymous_28)
FN:551,(anonymous_29)
FN:578,(anonymous_30)
FN:590,(anonymous_31)
FN:602,(anonymous_32)
FNF:32
FNH:32
FNDA:31,CouchDB
FNDA:8,(anonymous_2)
FNDA:7,(anonymous_3)
FNDA:10,(anonymous_4)
FNDA:9,(anonymous_5)
FNDA:6,(anonymous_6)
FNDA:1,(anonymous_7)
FNDA:1,(anonymous_8)
FNDA:2,(anonymous_9)
FNDA:9,(anonymous_10)
FNDA:7,(anonymous_11)
FNDA:9,(anonymous_12)
FNDA:6,(anonymous_13)
FNDA:13,(anonymous_14)
FNDA:29,(anonymous_15)
FNDA:6,(anonymous_16)
FNDA:3,(anonymous_17)
FNDA:5,(anonymous_18)
FNDA:2,(anonymous_19)
FNDA:1,(anonymous_20)
FNDA:2,(anonymous_21)
FNDA:1,(anonymous_22)
FNDA:2,(anonymous_23)
FNDA:1,(anonymous_24)
FNDA:3,(anonymous_25)
FNDA:12,(anonymous_26)
FNDA:12,(anonymous_27)
FNDA:23,(anonymous_28)
FNDA:23,(anonymous_29)
FNDA:10,(anonymous_30)
FNDA:10,(anonymous_31)
FNDA:10,(anonymous_32)
DA:2,1
DA:15,1
DA:16,1
DA:17,1
DA:23,1
DA:24,31
DA:25,1
DA:28,30
DA:29,1
DA:31,29
DA:32,1
DA:34,28
DA:35,1
DA:37,27
DA:38,1
DA:40,26
DA:41,1
DA:44,26
DA:45,26
DA:46,26
DA:47,26
DA:48,26
DA:49,26
DA:50,26
DA:52,26
DA:53,26
DA:60,1
DA:67,1
DA:68,8
DA:69,8
DA:70,8
DA:72,8
DA:73,8
DA:74,1
DA:76,7
DA:79,7
DA:80,7
DA:82,7
DA:83,0
DA:84,0
DA:86,0
DA:87,0
DA:89,0
DA:90,0
DA:92,0
DA:93,0
DA:95,0
DA:96,0
DA:98,7
DA:99,10
DA:101,7
DA:102,7
DA:105,7
DA:114,1
DA:115,9
DA:116,8
DA:118,7
DA:119,7
DA:120,7
DA:122,7
DA:123,7
DA:124,1
DA:126,6
DA:129,6
DA:130,6
DA:131,3
DA:132,0
DA:134,3
DA:138,6
DA:139,0
DA:140,0
DA:142,0
DA:146,6
DA:147,0
DA:148,0
DA:150,0
DA:154,6
DA:155,0
DA:158,6
DA:159,5
DA:160,0
DA:162,5
DA:163,0
DA:165,5
DA:166,0
DA:168,5
DA:169,0
DA:171,5
DA:172,5
DA:175,1
DA:176,1
DA:179,6
DA:188,1
DA:189,1
DA:190,1
DA:192,1
DA:193,1
DA:194,1
DA:196,1
DA:197,1
DA:198,0
DA:200,1
DA:203,1
DA:205,1
DA:206,0
DA:207,0
DA:209,0
DA:212,1
DA:213,0
DA:216,1
DA:217,0
DA:218,0
DA:220,0
DA:221,0
DA:223,0
DA:224,0
DA:226,0
DA:227,0
DA:229,0
DA:230,0
DA:232,1
DA:233,2
DA:235,1
DA:236,1
DA:239,1
DA:248,1
DA:249,9
DA:251,8
DA:252,8
DA:253,8
DA:255,8
DA:256,8
DA:257,1
DA:259,7
DA:261,7
DA:262,7
DA:263,0
DA:264,0
DA:266,0
DA:267,0
DA:269,0
DA:270,0
DA:272,0
DA:273,0
DA:275,0
DA:276,0
DA:278,7
DA:279,0
DA:280,0
DA:282,7
DA:283,7
DA:284,7
DA:285,7
DA:286,7
DA:289,7
DA:298,1
DA:299,9
DA:300,8
DA:302,7
DA:303,7
DA:304,7
DA:306,7
DA:307,7
DA:308,1
DA:310,6
DA:313,6
DA:314,6
DA:315,0
DA:316,0
DA:318,0
DA:319,0
DA:321,0
DA:322,0
DA:324,0
DA:325,0
DA:327,0
DA:328,0
DA:330,6
DA:331,6
DA:332,13
DA:333,29
DA:334,0
DA:337,6
DA:338,6
DA:341,6
DA:350,1
DA:351,6
DA:352,5
DA:353,4
DA:355,3
DA:356,3
DA:357,3
DA:359,3
DA:360,3
DA:361,1
DA:363,2
DA:365,2
DA:366,3
DA:367,1
DA:368,0
DA:370,1
DA:371,0
DA:373,1
DA:374,0
DA:376,1
DA:377,0
DA:379,1
DA:380,0
DA:382,1
DA:383,1
DA:385,2
DA:386,2
DA:389,2
DA:393,1
DA:394,5
DA:395,4
DA:396,3
DA:400,2
DA:401,2
DA:402,2
DA:404,2
DA:405,2
DA:406,1
DA:408,1
DA:411,1
DA:412,2
DA:415,1
DA:416,1
DA:417,0
DA:418,0
DA:420,0
DA:421,0
DA:423,0
DA:424,0
DA:426,0
DA:427,0
DA:429,0
DA:430,0
DA:432,1
DA:433,1
DA:436,1
DA:444,1
DA:445,2
DA:446,2
DA:448,2
DA:449,2
DA:450,1
DA:452,1
DA:455,1
DA:456,1
DA:457,1
DA:460,1
DA:468,1
DA:469,2
DA:470,2
DA:472,2
DA:473,2
DA:474,1
DA:476,1
DA:479,1
DA:480,1
DA:481,1
DA:484,1
DA:491,1
DA:492,3
DA:500,1
DA:501,12
DA:502,12
DA:503,12
DA:505,12
DA:506,12
DA:507,0
DA:509,12
DA:512,12
DA:513,12
DA:514,0
DA:515,0
DA:517,0
DA:518,0
DA:520,0
DA:521,0
DA:523,0
DA:524,0
DA:527,12
DA:528,12
DA:531,12
DA:539,1
DA:540,23
DA:541,23
DA:542,23
DA:544,23
DA:545,23
DA:546,0
DA:548,23
DA:551,23
DA:552,23
DA:553,11
DA:554,0
DA:556,11
DA:557,0
DA:559,11
DA:560,0
DA:562,11
DA:563,0
DA:566,23
DA:567,23
DA:570,23
DA:578,1
DA:579,10
DA:580,10
DA:581,10
DA:583,10
DA:584,10
DA:585,0
DA:587,10
DA:590,10
DA:591,10
DA:592,10
DA:593,10
DA:595,0
DA:596,0
DA:598,0
DA:599,0
DA:602,10
DA:603,10
DA:604,0
DA:606,10
DA:607,10
DA:611,10
DA:618,1
LF:330
LH:235
BRDA:24,1,0,1
BRDA:24,1,1,30
BRDA:28,2,0,1
BRDA:28,2,1,29
BRDA:31,3,0,1
BRDA:31,3,1,28
BRDA:34,4,0,1
BRDA:34,4,1,27
BRDA:37,5,0,1
BRDA:37,5,1,26
BRDA:40,6,0,1
BRDA:40,6,1,25
BRDA:52,7,0,26
BRDA:52,7,1,0
BRDA:53,8,0,26
BRDA:53,8,1,26
BRDA:72,9,0,8
BRDA:72,9,1,0
BRDA:73,10,0,1
BRDA:73,10,1,7
BRDA:82,11,0,0
BRDA:82,11,1,7
BRDA:83,12,0,0
BRDA:83,12,1,0
BRDA:83,13,0,0
BRDA:83,13,1,0
BRDA:86,14,0,0
BRDA:86,14,1,0
BRDA:89,15,0,0
BRDA:89,15,1,0
BRDA:92,16,0,0
BRDA:92,16,1,0
BRDA:92,17,0,0
BRDA:92,17,1,0
BRDA:115,18,0,1
BRDA:115,18,1,8
BRDA:116,19,0,1
BRDA:116,19,1,7
BRDA:116,20,0,8
BRDA:116,20,1,5
BRDA:122,21,0,7
BRDA:122,21,1,0
BRDA:123,22,0,1
BRDA:123,22,1,6
BRDA:130,23,0,3
BRDA:130,23,1,3
BRDA:130,24,0,6
BRDA:130,24,1,4
BRDA:131,25,0,0
BRDA:131,25,1,3
BRDA:138,26,0,0
BRDA:138,26,1,6
BRDA:138,27,0,6
BRDA:138,27,1,1
BRDA:139,28,0,0
BRDA:139,28,1,0
BRDA:146,29,0,0
BRDA:146,29,1,6
BRDA:146,30,0,6
BRDA:146,30,1,1
BRDA:147,31,0,0
BRDA:147,31,1,0
BRDA:154,32,0,0
BRDA:154,32,1,6
BRDA:154,33,0,6
BRDA:154,33,1,1
BRDA:158,34,0,5
BRDA:158,34,1,1
BRDA:159,35,0,0
BRDA:159,35,1,5
BRDA:159,36,0,5
BRDA:159,36,1,0
BRDA:162,37,0,0
BRDA:162,37,1,5
BRDA:165,38,0,0
BRDA:165,38,1,5
BRDA:168,39,0,0
BRDA:168,39,1,5
BRDA:168,40,0,5
BRDA:168,40,1,0
BRDA:189,41,0,0
BRDA:189,41,1,1
BRDA:190,42,0,0
BRDA:190,42,1,1
BRDA:190,43,0,1
BRDA:190,43,1,1
BRDA:196,44,0,1
BRDA:196,44,1,0
BRDA:197,45,0,0
BRDA:197,45,1,1
BRDA:205,46,0,0
BRDA:205,46,1,1
BRDA:205,47,0,1
BRDA:205,47,1,1
BRDA:205,47,2,1
BRDA:205,47,3,0
BRDA:206,48,0,0
BRDA:206,48,1,0
BRDA:212,49,0,0
BRDA:212,49,1,1
BRDA:212,50,0,1
BRDA:212,50,1,1
BRDA:212,50,2,1
BRDA:216,51,0,0
BRDA:216,51,1,1
BRDA:217,52,0,0
BRDA:217,52,1,0
BRDA:217,53,0,0
BRDA:217,53,1,0
BRDA:220,54,0,0
BRDA:220,54,1,0
BRDA:223,55,0,0
BRDA:223,55,1,0
BRDA:226,56,0,0
BRDA:226,56,1,0
BRDA:226,57,0,0
BRDA:226,57,1,0
BRDA:249,58,0,1
BRDA:249,58,1,8
BRDA:255,59,0,8
BRDA:255,59,1,0
BRDA:256,60,0,1
BRDA:256,60,1,7
BRDA:262,61,0,0
BRDA:262,61,1,7
BRDA:263,62,0,0
BRDA:263,62,1,0
BRDA:263,63,0,0
BRDA:263,63,1,0
BRDA:266,64,0,0
BRDA:266,64,1,0
BRDA:269,65,0,0
BRDA:269,65,1,0
BRDA:272,66,0,0
BRDA:272,66,1,0
BRDA:272,67,0,0
BRDA:272,67,1,0
BRDA:278,68,0,0
BRDA:278,68,1,7
BRDA:299,69,0,1
BRDA:299,69,1,8
BRDA:300,70,0,1
BRDA:300,70,1,7
BRDA:306,71,0,7
BRDA:306,71,1,0
BRDA:307,72,0,1
BRDA:307,72,1,6
BRDA:314,73,0,0
BRDA:314,73,1,6
BRDA:315,74,0,0
BRDA:315,74,1,0
BRDA:315,75,0,0
BRDA:315,75,1,0
BRDA:318,76,0,0
BRDA:318,76,1,0
BRDA:318,77,0,0
BRDA:318,77,1,0
BRDA:321,78,0,0
BRDA:321,78,1,0
BRDA:324,79,0,0
BRDA:324,79,1,0
BRDA:324,80,0,0
BRDA:324,80,1,0
BRDA:333,81,0,29
BRDA:333,81,1,0
BRDA:333,82,0,29
BRDA:333,82,1,0
BRDA:351,83,0,1
BRDA:351,83,1,5
BRDA:352,84,0,1
BRDA:352,84,1,4
BRDA:353,85,0,1
BRDA:353,85,1,3
BRDA:359,86,0,3
BRDA:359,86,1,0
BRDA:360,87,0,1
BRDA:360,87,1,2
BRDA:366,88,0,1
BRDA:366,88,1,2
BRDA:367,89,0,0
BRDA:367,89,1,1
BRDA:367,90,0,1
BRDA:367,90,1,0
BRDA:370,91,0,0
BRDA:370,91,1,1
BRDA:373,92,0,0
BRDA:373,92,1,1
BRDA:376,93,0,0
BRDA:376,93,1,1
BRDA:376,94,0,1
BRDA:376,94,1,0
BRDA:379,95,0,0
BRDA:379,95,1,1
BRDA:394,96,0,1
BRDA:394,96,1,4
BRDA:395,97,0,1
BRDA:395,97,1,3
BRDA:396,98,0,1
BRDA:396,98,1,2
BRDA:404,99,0,2
BRDA:404,99,1,0
BRDA:405,100,0,1
BRDA:405,100,1,1
BRDA:416,101,0,0
BRDA:416,101,1,1
BRDA:417,102,0,0
BRDA:417,102,1,0
BRDA:417,103,0,0
BRDA:417,103,1,0
BRDA:420,104,0,0
BRDA:420,104,1,0
BRDA:420,105,0,0
BRDA:420,105,1,0
BRDA:423,106,0,0
BRDA:423,106,1,0
BRDA:426,107,0,0
BRDA:426,107,1,0
BRDA:426,108,0,0
BRDA:426,108,1,0
BRDA:448,109,0,2
BRDA:448,109,1,0
BRDA:449,110,0,1
BRDA:449,110,1,1
BRDA:472,111,0,2
BRDA:472,111,1,0
BRDA:473,112,0,1
BRDA:473,112,1,1
BRDA:505,113,0,12
BRDA:505,113,1,0
BRDA:506,114,0,0
BRDA:506,114,1,12
BRDA:513,115,0,0
BRDA:513,115,1,12
BRDA:514,116,0,0
BRDA:514,116,1,0
BRDA:514,117,0,0
BRDA:514,117,1,0
BRDA:517,118,0,0
BRDA:517,118,1,0
BRDA:520,119,0,0
BRDA:520,119,1,0
BRDA:523,120,0,0
BRDA:523,120,1,0
BRDA:523,121,0,0
BRDA:523,121,1,0
BRDA:544,122,0,23
BRDA:544,122,1,0
BRDA:545,123,0,0
BRDA:545,123,1,23
BRDA:552,124,0,11
BRDA:552,124,1,12
BRDA:553,125,0,0
BRDA:553,125,1,11
BRDA:553,126,0,11
BRDA:553,126,1,0
BRDA:556,127,0,0
BRDA:556,127,1,11
BRDA:556,128,0,11
BRDA:556,128,1,0
BRDA:559,129,0,0
BRDA:559,129,1,11
BRDA:562,130,0,0
BRDA:562,130,1,11
BRDA:562,131,0,11
BRDA:562,131,1,0
BRDA:583,132,0,10
BRDA:583,132,1,0
BRDA:584,133,0,0
BRDA:584,133,1,10
BRDA:591,134,0,10
BRDA:591,134,1,0
BRDA:592,135,0,10
BRDA:592,135,1,0
BRDA:595,136,0,0
BRDA:595,136,1,0
BRDA:595,137,0,0
BRDA:595,137,1,0
BRDA:603,138,0,0
BRDA:603,138,1,10
BRDA:603,139,0,10
BRDA:603,139,1,0
BRDA:603,139,2,0
BRF:282
BRH:136
end_of_record
TN:
SF:/Users/gasl/Development/Crafity/modules/crafity-storage/lib/providers/MongoDB.Provider.js
FN:45,MongoDB
FN:106,(anonymous_2)
FN:116,(anonymous_3)
FN:120,(anonymous_4)
FN:131,(anonymous_5)
FN:142,(anonymous_6)
FN:147,(anonymous_7)
FN:151,(anonymous_8)
FN:154,(anonymous_9)
FN:176,(anonymous_10)
FN:186,(anonymous_11)
FN:196,(anonymous_12)
FN:213,(anonymous_13)
FN:223,(anonymous_14)
FN:229,(anonymous_15)
FN:262,(anonymous_16)
FN:276,(anonymous_17)
FN:283,(anonymous_18)
FN:295,(anonymous_19)
FN:304,(anonymous_20)
FN:309,(anonymous_21)
FN:312,(anonymous_22)
FNF:22
FNH:18
FNDA:23,MongoDB
FNDA:4,(anonymous_2)
FNDA:1,(anonymous_3)
FNDA:1,(anonymous_4)
FNDA:11,(anonymous_5)
FNDA:1,(anonymous_6)
FNDA:7,(anonymous_7)
FNDA:7,(anonymous_8)
FNDA:566,(anonymous_9)
FNDA:31,(anonymous_10)
FNDA:9,(anonymous_11)
FNDA:7,(anonymous_12)
FNDA:10,(anonymous_13)
FNDA:3,(anonymous_14)
FNDA:7,(anonymous_15)
FNDA:6,(anonymous_16)
FNDA:1,(anonymous_17)
FNDA:3,(anonymous_18)
FNDA:0,(anonymous_19)
FNDA:0,(anonymous_20)
FNDA:0,(anonymous_21)
FNDA:0,(anonymous_22)
DA:2,1
DA:15,1
DA:16,1
DA:17,1
DA:18,1
DA:45,1
DA:46,23
DA:47,1
DA:49,22
DA:50,1
DA:52,21
DA:53,1
DA:55,20
DA:56,1
DA:59,19
DA:60,19
DA:61,19
DA:62,19
DA:63,19
DA:64,19
DA:67,19
DA:74,19
DA:75,19
DA:76,19
DA:77,19
DA:78,19
DA:87,1
DA:106,1
DA:107,4
DA:108,1
DA:110,3
DA:111,1
DA:114,2
DA:115,2
DA:116,1
DA:117,1
DA:120,1
DA:121,1
DA:131,1
DA:132,11
DA:133,1
DA:135,10
DA:136,2
DA:139,8
DA:141,8
DA:142,1
DA:143,1
DA:147,7
DA:151,7
DA:154,7
DA:155,566
DA:158,7
DA:159,5
DA:161,2
DA:162,0
DA:164,2
DA:176,1
DA:177,31
DA:186,1
DA:187,9
DA:188,0
DA:190,9
DA:191,2
DA:194,7
DA:196,7
DA:197,7
DA:198,0
DA:201,7
DA:202,7
DA:213,1
DA:214,10
DA:215,0
DA:217,10
DA:218,0
DA:221,10
DA:222,10
DA:223,3
DA:224,3
DA:229,7
DA:230,7
DA:232,7
DA:262,1
DA:263,6
DA:264,1
DA:266,5
DA:267,1
DA:269,4
DA:270,0
DA:273,4
DA:275,4
DA:276,1
DA:277,1
DA:283,3
DA:285,3
DA:295,1
DA:296,0
DA:297,0
DA:299,0
DA:300,0
DA:303,0
DA:304,0
DA:305,0
DA:306,0
DA:309,0
DA:310,0
DA:312,0
DA:313,0
DA:325,1
LF:108
LH:90
BRDA:46,1,0,1
BRDA:46,1,1,22
BRDA:49,2,0,1
BRDA:49,2,1,21
BRDA:52,3,0,1
BRDA:52,3,1,20
BRDA:55,4,0,1
BRDA:55,4,1,19
BRDA:107,5,0,1
BRDA:107,5,1,3
BRDA:110,6,0,1
BRDA:110,6,1,2
BRDA:115,7,0,1
BRDA:115,7,1,1
BRDA:132,8,0,1
BRDA:132,8,1,10
BRDA:135,9,0,2
BRDA:135,9,1,8
BRDA:141,10,0,1
BRDA:141,10,1,7
BRDA:158,11,0,5
BRDA:158,11,1,2
BRDA:158,12,0,7
BRDA:158,12,1,7
BRDA:161,13,0,0
BRDA:161,13,1,2
BRDA:187,14,0,0
BRDA:187,14,1,9
BRDA:190,15,0,2
BRDA:190,15,1,7
BRDA:197,16,0,0
BRDA:197,16,1,7
BRDA:214,17,0,0
BRDA:214,17,1,10
BRDA:217,18,0,0
BRDA:217,18,1,10
BRDA:222,19,0,3
BRDA:222,19,1,7
BRDA:263,20,0,1
BRDA:263,20,1,5
BRDA:266,21,0,1
BRDA:266,21,1,4
BRDA:269,22,0,0
BRDA:269,22,1,4
BRDA:275,23,0,1
BRDA:275,23,1,3
BRDA:296,24,0,0
BRDA:296,24,1,0
BRDA:299,25,0,0
BRDA:299,25,1,0
BRDA:305,26,0,0
BRDA:305,26,1,0
BRF:52
BRH:40
end_of_record
