TN:
SF:/Users/gasl/Development/Crafity/modules/crafity-storage/scripts/npm-test.js
FN:4,(anonymous_1)
FN:5,(anonymous_2)
FN:6,(anonymous_3)
FN:7,(anonymous_4)
FNF:4
FNH:4
FNDA:1,(anonymous_1)
FNDA:1,(anonymous_2)
FNDA:1,(anonymous_3)
FNDA:1,(anonymous_4)
DA:2,1
DA:4,1
DA:5,1
DA:6,1
DA:7,1
DA:8,1
LF:6
LH:6
BRF:0
BRH:0
end_of_record
TN:
SF:/Users/gasl/Development/Crafity/modules/crafity-storage/main.js
FNF:0
FNH:0
DA:3,1
DA:4,1
DA:10,1
DA:16,1
LF:4
LH:4
BRF:0
BRH:0
end_of_record
TN:
SF:/Users/gasl/Development/Crafity/modules/crafity-storage/lib/crafity.storage.js
FN:23,StorageService
FN:28,getProviderConstructor
FN:47,getProvider
FN:66,loadRepository
FN:110,loadRepositories
FN:126,(anonymous_6)
FN:134,(anonymous_7)
FN:138,(anonymous_8)
FNF:8
FNH:0
FNDA:0,StorageService
FNDA:0,getProviderConstructor
FNDA:0,getProvider
FNDA:0,loadRepository
FNDA:0,loadRepositories
FNDA:0,(anonymous_6)
FNDA:0,(anonymous_7)
FNDA:0,(anonymous_8)
DA:2,1
DA:15,1
DA:23,1
DA:25,0
DA:28,0
DA:29,0
DA:30,0
DA:32,0
DA:33,0
DA:35,0
DA:38,0
DA:39,0
DA:41,0
DA:44,0
DA:47,0
DA:48,0
DA:49,0
DA:51,0
DA:52,0
DA:54,0
DA:57,0
DA:58,0
DA:60,0
DA:63,0
DA:66,0
DA:68,0
DA:69,0
DA:71,0
DA:72,0
DA:74,0
DA:75,0
DA:77,0
DA:78,0
DA:80,0
DA:81,0
DA:83,0
DA:89,0
DA:90,0
DA:92,0
DA:93,0
DA:95,0
DA:98,0
DA:99,0
DA:101,0
DA:102,0
DA:104,0
DA:107,0
DA:110,0
DA:112,0
DA:113,0
DA:114,0
DA:116,0
DA:118,0
DA:119,0
DA:120,0
DA:121,0
DA:123,0
DA:125,0
DA:126,0
DA:127,0
DA:131,0
DA:132,0
DA:134,0
DA:135,0
DA:138,0
DA:139,0
DA:145,1
LF:67
LH:4
BRDA:26,1,0,0
BRDA:26,1,1,0
BRDA:29,2,0,0
BRDA:29,2,1,0
BRDA:30,3,0,0
BRDA:30,3,1,0
BRDA:30,3,2,0
BRDA:32,4,0,0
BRDA:32,4,1,0
BRDA:35,5,0,0
BRDA:35,5,1,0
BRDA:48,6,0,0
BRDA:48,6,1,0
BRDA:49,7,0,0
BRDA:49,7,1,0
BRDA:49,7,2,0
BRDA:51,8,0,0
BRDA:51,8,1,0
BRDA:54,9,0,0
BRDA:54,9,1,0
BRDA:68,10,0,0
BRDA:68,10,1,0
BRDA:71,11,0,0
BRDA:71,11,1,0
BRDA:74,12,0,0
BRDA:74,12,1,0
BRDA:77,13,0,0
BRDA:77,13,1,0
BRDA:80,14,0,0
BRDA:80,14,1,0
BRDA:101,15,0,0
BRDA:101,15,1,0
BRDA:101,16,0,0
BRDA:101,16,1,0
BRDA:112,17,0,0
BRDA:112,17,1,0
BRDA:112,18,0,0
BRDA:112,18,1,0
BRDA:116,19,0,0
BRDA:116,19,1,0
BRDA:118,20,0,0
BRDA:118,20,1,0
BRDA:118,20,2,0
BRDA:119,21,0,0
BRDA:119,21,1,0
BRDA:119,21,2,0
BRDA:120,22,0,0
BRDA:120,22,1,0
BRDA:120,22,2,0
BRDA:121,23,0,0
BRDA:121,23,1,0
BRDA:121,23,2,0
BRDA:125,24,0,0
BRDA:125,24,1,0
BRF:54
BRH:0
end_of_record
TN:
SF:/Users/gasl/Development/Crafity/modules/crafity-storage/lib/providers/Provider.js
FN:21,Provider
FN:36,(anonymous_2)
FN:45,(anonymous_3)
FN:54,(anonymous_4)
FN:61,(anonymous_5)
FN:70,(anonymous_6)
FN:79,(anonymous_7)
FN:88,(anonymous_8)
FN:98,(anonymous_9)
FN:108,(anonymous_10)
FN:118,(anonymous_11)
FN:128,(anonymous_12)
FN:138,(anonymous_13)
FN:148,(anonymous_14)
FN:159,(anonymous_15)
FN:168,(anonymous_16)
FNF:16
FNH:16
FNDA:19,Provider
FNDA:1,(anonymous_2)
FNDA:1,(anonymous_3)
FNDA:1,(anonymous_4)
FNDA:1,(anonymous_5)
FNDA:1,(anonymous_6)
FNDA:1,(anonymous_7)
FNDA:1,(anonymous_8)
FNDA:1,(anonymous_9)
FNDA:1,(anonymous_10)
FNDA:1,(anonymous_11)
FNDA:1,(anonymous_12)
FNDA:1,(anonymous_13)
FNDA:1,(anonymous_14)
FNDA:1,(anonymous_15)
FNDA:1,(anonymous_16)
DA:2,1
DA:15,1
DA:21,1
DA:22,19
DA:29,1
DA:36,1
DA:37,1
DA:45,1
DA:46,1
DA:54,1
DA:55,1
DA:61,1
DA:62,1
DA:70,1
DA:71,1
DA:79,1
DA:80,1
DA:88,1
DA:89,1
DA:98,1
DA:99,1
DA:108,1
DA:109,1
DA:118,1
DA:119,1
DA:128,1
DA:129,1
DA:138,1
DA:139,1
DA:148,1
DA:149,1
DA:159,1
DA:160,1
DA:168,1
DA:169,1
DA:176,1
LF:36
LH:36
BRF:0
BRH:0
end_of_record
TN:
SF:/Users/gasl/Development/Crafity/modules/crafity-storage/lib/providers/CouchDB.Provider.js
FN:23,CouchDB
FN:67,(anonymous_2)
FN:70,(anonymous_3)
FN:71,(anonymous_4)
FN:89,(anonymous_5)
FN:101,handleError
FN:111,(anonymous_7)
FN:128,(anonymous_8)
FN:133,(anonymous_9)
FN:156,(anonymous_10)
FN:161,(anonymous_11)
FN:162,(anonymous_12)
FN:179,(anonymous_13)
FN:184,(anonymous_14)
FN:205,(anonymous_15)
FN:211,(anonymous_16)
FN:213,(anonymous_17)
FN:236,(anonymous_18)
FN:243,handleError
FN:261,(anonymous_20)
FN:267,(anonymous_21)
FN:281,(anonymous_22)
FN:292,(anonymous_23)
FN:305,(anonymous_24)
FN:316,(anonymous_25)
FN:328,(anonymous_26)
FN:337,(anonymous_27)
FN:350,(anonymous_28)
FN:354,(anonymous_29)
FN:371,(anonymous_30)
FN:375,(anonymous_31)
FN:385,_parseError
FN:402,(anonymous_33)
FN:419,(anonymous_34)
FN:422,(anonymous_35)
FN:425,(anonymous_36)
FN:427,(anonymous_37)
FNF:37
FNH:37
FNDA:44,CouchDB
FNDA:11,(anonymous_2)
FNDA:7,(anonymous_3)
FNDA:10,(anonymous_4)
FNDA:12,(anonymous_5)
FNDA:6,handleError
FNDA:2,(anonymous_7)
FNDA:5,(anonymous_8)
FNDA:3,(anonymous_9)
FNDA:4,(anonymous_10)
FNDA:2,(anonymous_11)
FNDA:2,(anonymous_12)
FNDA:14,(anonymous_13)
FNDA:12,(anonymous_14)
FNDA:14,(anonymous_15)
FNDA:11,(anonymous_16)
FNDA:27,(anonymous_17)
FNDA:6,(anonymous_18)
FNDA:1,handleError
FNDA:5,(anonymous_20)
FNDA:2,(anonymous_21)
FNDA:2,(anonymous_22)
FNDA:1,(anonymous_23)
FNDA:2,(anonymous_24)
FNDA:1,(anonymous_25)
FNDA:3,(anonymous_26)
FNDA:18,(anonymous_27)
FNDA:36,(anonymous_28)
FNDA:18,(anonymous_29)
FNDA:17,(anonymous_30)
FNDA:17,(anonymous_31)
FNDA:121,_parseError
FNDA:128,(anonymous_33)
FNDA:46,(anonymous_34)
FNDA:46,(anonymous_35)
FNDA:121,(anonymous_36)
FNDA:35,(anonymous_37)
DA:2,1
DA:15,1
DA:16,1
DA:17,1
DA:23,1
DA:24,44
DA:25,1
DA:28,43
DA:29,1
DA:31,42
DA:32,1
DA:34,41
DA:35,1
DA:37,40
DA:38,1
DA:40,39
DA:41,3
DA:44,39
DA:45,39
DA:46,39
DA:47,39
DA:48,39
DA:49,39
DA:50,39
DA:52,39
DA:53,39
DA:60,1
DA:67,1
DA:68,11
DA:70,10
DA:71,7
DA:72,10
DA:74,7
DA:77,10
DA:79,10
DA:89,1
DA:90,12
DA:91,11
DA:93,10
DA:94,7
DA:95,7
DA:97,10
DA:99,9
DA:101,8
DA:102,6
DA:103,4
DA:104,1
DA:106,3
DA:108,2
DA:111,8
DA:112,2
DA:115,8
DA:116,8
DA:117,8
DA:119,8
DA:128,1
DA:129,5
DA:131,4
DA:133,3
DA:134,3
DA:135,1
DA:138,2
DA:139,1
DA:142,1
DA:145,3
DA:147,3
DA:156,1
DA:157,4
DA:159,3
DA:161,2
DA:162,2
DA:163,2
DA:165,2
DA:168,2
DA:170,2
DA:179,1
DA:180,14
DA:182,13
DA:184,12
DA:185,12
DA:186,0
DA:188,12
DA:189,12
DA:190,12
DA:191,12
DA:194,12
DA:196,12
DA:205,1
DA:206,14
DA:207,13
DA:209,12
DA:211,11
DA:212,11
DA:213,11
DA:214,27
DA:215,27
DA:222,11
DA:225,11
DA:227,11
DA:236,1
DA:237,6
DA:238,5
DA:239,4
DA:241,3
DA:243,2
DA:244,1
DA:245,0
DA:247,1
DA:250,2
DA:252,2
DA:261,1
DA:262,5
DA:263,4
DA:264,3
DA:266,2
DA:267,1
DA:268,2
DA:271,1
DA:273,1
DA:281,1
DA:282,2
DA:283,2
DA:285,2
DA:286,2
DA:287,1
DA:289,1
DA:292,1
DA:293,1
DA:294,1
DA:297,1
DA:305,1
DA:306,2
DA:307,2
DA:309,2
DA:310,2
DA:311,1
DA:313,1
DA:316,1
DA:317,1
DA:318,1
DA:321,1
DA:328,1
DA:329,3
DA:337,1
DA:338,18
DA:340,18
DA:342,18
DA:350,1
DA:351,36
DA:352,36
DA:354,36
DA:355,18
DA:356,0
DA:358,18
DA:361,36
DA:363,36
DA:371,1
DA:372,17
DA:373,17
DA:375,17
DA:376,17
DA:377,1
DA:379,16
DA:382,17
DA:385,1
DA:386,121
DA:387,29
DA:388,0
DA:390,29
DA:391,0
DA:393,29
DA:394,0
DA:396,29
DA:397,0
DA:399,29
DA:402,1
DA:403,128
DA:404,128
DA:405,128
DA:406,128
DA:408,128
DA:410,128
DA:411,128
DA:412,8
DA:414,120
DA:417,120
DA:420,46
DA:423,46
DA:426,121
DA:427,121
DA:428,35
DA:429,35
DA:432,121
DA:434,121
DA:435,25
DA:436,25
DA:438,4
DA:442,121
DA:443,37
DA:444,37
DA:446,2
DA:447,0
DA:449,2
DA:454,121
DA:456,121
DA:457,121
DA:466,1
LF:207
LH:199
BRDA:24,1,0,1
BRDA:24,1,1,43
BRDA:28,2,0,1
BRDA:28,2,1,42
BRDA:31,3,0,1
BRDA:31,3,1,41
BRDA:34,4,0,1
BRDA:34,4,1,40
BRDA:37,5,0,1
BRDA:37,5,1,39
BRDA:40,6,0,3
BRDA:40,6,1,36
BRDA:52,7,0,39
BRDA:52,7,1,0
BRDA:53,8,0,39
BRDA:53,8,1,39
BRDA:90,9,0,1
BRDA:90,9,1,11
BRDA:91,10,0,1
BRDA:91,10,1,10
BRDA:93,11,0,7
BRDA:93,11,1,3
BRDA:97,12,0,1
BRDA:97,12,1,9
BRDA:97,13,0,10
BRDA:97,13,1,3
BRDA:102,14,0,4
BRDA:102,14,1,2
BRDA:103,15,0,1
BRDA:103,15,1,3
BRDA:116,16,0,2
BRDA:116,16,1,6
BRDA:129,17,0,1
BRDA:129,17,1,4
BRDA:134,18,0,1
BRDA:134,18,1,2
BRDA:138,19,0,1
BRDA:138,19,1,1
BRDA:157,20,0,1
BRDA:157,20,1,3
BRDA:180,21,0,1
BRDA:180,21,1,13
BRDA:185,22,0,0
BRDA:185,22,1,12
BRDA:206,23,0,1
BRDA:206,23,1,13
BRDA:207,24,0,1
BRDA:207,24,1,12
BRDA:237,25,0,1
BRDA:237,25,1,5
BRDA:238,26,0,1
BRDA:238,26,1,4
BRDA:239,27,0,1
BRDA:239,27,1,3
BRDA:244,28,0,0
BRDA:244,28,1,1
BRDA:262,29,0,1
BRDA:262,29,1,4
BRDA:263,30,0,1
BRDA:263,30,1,3
BRDA:264,31,0,1
BRDA:264,31,1,2
BRDA:285,32,0,2
BRDA:285,32,1,0
BRDA:286,33,0,1
BRDA:286,33,1,1
BRDA:309,34,0,2
BRDA:309,34,1,0
BRDA:310,35,0,1
BRDA:310,35,1,1
BRDA:355,36,0,0
BRDA:355,36,1,18
BRDA:376,37,0,1
BRDA:376,37,1,16
BRDA:376,38,0,17
BRDA:376,38,1,17
BRDA:386,39,0,92
BRDA:386,39,1,29
BRDA:387,40,0,0
BRDA:387,40,1,29
BRDA:387,41,0,29
BRDA:387,41,1,0
BRDA:390,42,0,0
BRDA:390,42,1,29
BRDA:390,43,0,29
BRDA:390,43,1,0
BRDA:393,44,0,0
BRDA:393,44,1,29
BRDA:396,45,0,0
BRDA:396,45,1,29
BRDA:396,46,0,29
BRDA:396,46,1,0
BRDA:408,47,0,128
BRDA:408,47,1,0
BRDA:410,48,0,128
BRDA:410,48,1,0
BRDA:411,49,0,8
BRDA:411,49,1,120
BRDA:434,50,0,25
BRDA:434,50,1,96
BRDA:434,51,0,121
BRDA:434,51,1,29
BRDA:442,52,0,37
BRDA:442,52,1,84
BRDA:442,53,0,121
BRDA:442,53,1,92
BRDA:446,54,0,0
BRDA:446,54,1,2
BRF:108
BRH:92
end_of_record
TN:
SF:/Users/gasl/Development/Crafity/modules/crafity-storage/lib/providers/MongoDB.Provider.js
FN:45,MongoDB
FN:106,(anonymous_2)
FN:116,(anonymous_3)
FN:120,(anonymous_4)
FN:131,(anonymous_5)
FN:142,(anonymous_6)
FN:147,(anonymous_7)
FN:151,(anonymous_8)
FN:154,(anonymous_9)
FN:176,(anonymous_10)
FN:186,(anonymous_11)
FN:196,(anonymous_12)
FN:213,(anonymous_13)
FN:223,(anonymous_14)
FN:229,(anonymous_15)
FN:262,(anonymous_16)
FN:276,(anonymous_17)
FN:283,(anonymous_18)
FN:295,(anonymous_19)
FN:304,(anonymous_20)
FN:309,(anonymous_21)
FN:312,(anonymous_22)
FNF:22
FNH:18
FNDA:23,MongoDB
FNDA:4,(anonymous_2)
FNDA:1,(anonymous_3)
FNDA:1,(anonymous_4)
FNDA:11,(anonymous_5)
FNDA:1,(anonymous_6)
FNDA:7,(anonymous_7)
FNDA:7,(anonymous_8)
FNDA:587,(anonymous_9)
FNDA:31,(anonymous_10)
FNDA:9,(anonymous_11)
FNDA:7,(anonymous_12)
FNDA:10,(anonymous_13)
FNDA:3,(anonymous_14)
FNDA:7,(anonymous_15)
FNDA:6,(anonymous_16)
FNDA:1,(anonymous_17)
FNDA:3,(anonymous_18)
FNDA:0,(anonymous_19)
FNDA:0,(anonymous_20)
FNDA:0,(anonymous_21)
FNDA:0,(anonymous_22)
DA:2,1
DA:15,1
DA:16,1
DA:17,1
DA:18,1
DA:45,1
DA:46,23
DA:47,1
DA:49,22
DA:50,1
DA:52,21
DA:53,1
DA:55,20
DA:56,1
DA:59,19
DA:60,19
DA:61,19
DA:62,19
DA:63,19
DA:64,19
DA:67,19
DA:74,19
DA:75,19
DA:76,19
DA:77,19
DA:78,19
DA:87,1
DA:106,1
DA:107,4
DA:108,1
DA:110,3
DA:111,1
DA:114,2
DA:115,2
DA:116,1
DA:117,1
DA:120,1
DA:121,1
DA:131,1
DA:132,11
DA:133,1
DA:135,10
DA:136,2
DA:139,8
DA:141,8
DA:142,1
DA:143,1
DA:147,7
DA:151,7
DA:154,7
DA:155,587
DA:158,7
DA:159,5
DA:161,2
DA:162,0
DA:164,2
DA:176,1
DA:177,31
DA:186,1
DA:187,9
DA:188,0
DA:190,9
DA:191,2
DA:194,7
DA:196,7
DA:197,7
DA:198,0
DA:201,7
DA:202,7
DA:213,1
DA:214,10
DA:215,0
DA:217,10
DA:218,0
DA:221,10
DA:222,10
DA:223,3
DA:224,3
DA:229,7
DA:230,7
DA:232,7
DA:262,1
DA:263,6
DA:264,1
DA:266,5
DA:267,1
DA:269,4
DA:270,0
DA:273,4
DA:275,4
DA:276,1
DA:277,1
DA:283,3
DA:285,3
DA:295,1
DA:296,0
DA:297,0
DA:299,0
DA:300,0
DA:303,0
DA:304,0
DA:305,0
DA:306,0
DA:309,0
DA:310,0
DA:312,0
DA:313,0
DA:325,1
LF:108
LH:90
BRDA:46,1,0,1
BRDA:46,1,1,22
BRDA:49,2,0,1
BRDA:49,2,1,21
BRDA:52,3,0,1
BRDA:52,3,1,20
BRDA:55,4,0,1
BRDA:55,4,1,19
BRDA:107,5,0,1
BRDA:107,5,1,3
BRDA:110,6,0,1
BRDA:110,6,1,2
BRDA:115,7,0,1
BRDA:115,7,1,1
BRDA:132,8,0,1
BRDA:132,8,1,10
BRDA:135,9,0,2
BRDA:135,9,1,8
BRDA:141,10,0,1
BRDA:141,10,1,7
BRDA:158,11,0,5
BRDA:158,11,1,2
BRDA:158,12,0,7
BRDA:158,12,1,7
BRDA:161,13,0,0
BRDA:161,13,1,2
BRDA:187,14,0,0
BRDA:187,14,1,9
BRDA:190,15,0,2
BRDA:190,15,1,7
BRDA:197,16,0,0
BRDA:197,16,1,7
BRDA:214,17,0,0
BRDA:214,17,1,10
BRDA:217,18,0,0
BRDA:217,18,1,10
BRDA:222,19,0,3
BRDA:222,19,1,7
BRDA:263,20,0,1
BRDA:263,20,1,5
BRDA:266,21,0,1
BRDA:266,21,1,4
BRDA:269,22,0,0
BRDA:269,22,1,4
BRDA:275,23,0,1
BRDA:275,23,1,3
BRDA:296,24,0,0
BRDA:296,24,1,0
BRDA:299,25,0,0
BRDA:299,25,1,0
BRDA:305,26,0,0
BRDA:305,26,1,0
BRF:52
BRH:40
end_of_record
